Copyright 1986-2019 Xilinx, Inc. All Rights Reserved.
------------------------------------------------------------------------------------
| Tool Version : Vivado v.2019.2 (win64) Build 2708876 Wed Nov  6 21:40:23 MST 2019
| Date         : Thu Feb 13 14:31:17 2020
| Host         : LAPTOP-STEFAN running 64-bit major release  (build 9200)
| Command      : upgrade_ip
| Device       : xc7a100tcsg324-1
------------------------------------------------------------------------------------

Upgrade Log for IP 'segment_a_xup_or2_0_0'

1. Summary
----------

SUCCESS in the conversion of segment_a_xup_or2_0_0 (xilinx.com:xup:xup_or2:1.0 (Rev. 1)) to Vivado generation flows.






Copyright 1986-2019 Xilinx, Inc. All Rights Reserved.
------------------------------------------------------------------------------------
| Tool Version : Vivado v.2019.2 (win64) Build 2708876 Wed Nov  6 21:40:23 MST 2019
| Date         : Thu Feb 13 14:31:17 2020
| Host         : LAPTOP-STEFAN running 64-bit major release  (build 9200)
| Command      : upgrade_ip
| Device       : xc7a100tcsg324-1
------------------------------------------------------------------------------------

Upgrade Log for IP 'segment_a_xup_inv_0_3'

1. Summary
----------

SUCCESS in the conversion of segment_a_xup_inv_0_3 (xilinx.com:xup:xup_inv:1.0 (Rev. 1)) to Vivado generation flows.






Copyright 1986-2019 Xilinx, Inc. All Rights Reserved.
------------------------------------------------------------------------------------
| Tool Version : Vivado v.2019.2 (win64) Build 2708876 Wed Nov  6 21:40:23 MST 2019
| Date         : Thu Feb 13 14:31:17 2020
| Host         : LAPTOP-STEFAN running 64-bit major release  (build 9200)
| Command      : upgrade_ip
| Device       : xc7a100tcsg324-1
------------------------------------------------------------------------------------

Upgrade Log for IP 'segment_a_xup_inv_0_2'

1. Summary
----------

SUCCESS in the conversion of segment_a_xup_inv_0_2 (xilinx.com:xup:xup_inv:1.0 (Rev. 1)) to Vivado generation flows.






Copyright 1986-2019 Xilinx, Inc. All Rights Reserved.
------------------------------------------------------------------------------------
| Tool Version : Vivado v.2019.2 (win64) Build 2708876 Wed Nov  6 21:40:23 MST 2019
| Date         : Thu Feb 13 14:31:17 2020
| Host         : LAPTOP-STEFAN running 64-bit major release  (build 9200)
| Command      : upgrade_ip
| Device       : xc7a100tcsg324-1
------------------------------------------------------------------------------------

Upgrade Log for IP 'segment_a_xup_inv_0_1'

1. Summary
----------

SUCCESS in the conversion of segment_a_xup_inv_0_1 (xilinx.com:xup:xup_inv:1.0 (Rev. 1)) to Vivado generation flows.






Copyright 1986-2019 Xilinx, Inc. All Rights Reserved.
------------------------------------------------------------------------------------
| Tool Version : Vivado v.2019.2 (win64) Build 2708876 Wed Nov  6 21:40:23 MST 2019
| Date         : Thu Feb 13 14:31:17 2020
| Host         : LAPTOP-STEFAN running 64-bit major release  (build 9200)
| Command      : upgrade_ip
| Device       : xc7a100tcsg324-1
------------------------------------------------------------------------------------

Upgrade Log for IP 'segment_a_xup_inv_0_0'

1. Summary
----------

SUCCESS in the conversion of segment_a_xup_inv_0_0 (xilinx.com:xup:xup_inv:1.0 (Rev. 1)) to Vivado generation flows.






Copyright 1986-2019 Xilinx, Inc. All Rights Reserved.
------------------------------------------------------------------------------------
| Tool Version : Vivado v.2019.2 (win64) Build 2708876 Wed Nov  6 21:40:23 MST 2019
| Date         : Thu Feb 13 14:31:17 2020
| Host         : LAPTOP-STEFAN running 64-bit major release  (build 9200)
| Command      : upgrade_ip
| Device       : xc7a100tcsg324-1
------------------------------------------------------------------------------------

Upgrade Log for IP 'segment_a_xup_and4_0_0'

1. Summary
----------

SUCCESS in the conversion of segment_a_xup_and4_0_0 (xilinx.com:xup:xup_and4:1.0 (Rev. 1)) to Vivado generation flows.






Copyright 1986-2019 Xilinx, Inc. All Rights Reserved.
------------------------------------------------------------------------------------
| Tool Version : Vivado v.2019.2 (win64) Build 2708876 Wed Nov  6 21:40:23 MST 2019
| Date         : Thu Feb 13 14:31:17 2020
| Host         : LAPTOP-STEFAN running 64-bit major release  (build 9200)
| Command      : upgrade_ip
| Device       : xc7a100tcsg324-1
------------------------------------------------------------------------------------

Upgrade Log for IP 'segment_a_xup_and3_0_0'

1. Summary
----------

SUCCESS in the conversion of segment_a_xup_and3_0_0 (xilinx.com:xup:xup_and3:1.0 (Rev. 1)) to Vivado generation flows.






Copyright 1986-2019 Xilinx, Inc. All Rights Reserved.
------------------------------------------------------------------------------------
| Tool Version : Vivado v.2019.2 (win64) Build 2708876 Wed Nov  6 21:40:23 MST 2019
| Date         : Thu Feb 13 14:24:24 2020
| Host         : LAPTOP-STEFAN running 64-bit major release  (build 9200)
| Command      : upgrade_ip
| Device       : xc7a100tcsg324-1
------------------------------------------------------------------------------------

Upgrade Log for IP 'segment_a_xup_or2_0_0'

1. Summary
----------

SUCCESS in the conversion of segment_a_xup_or2_0_0 (xilinx.com:xup:xup_or2:1.0 (Rev. 1)) to Vivado generation flows.






Copyright 1986-2019 Xilinx, Inc. All Rights Reserved.
------------------------------------------------------------------------------------
| Tool Version : Vivado v.2019.2 (win64) Build 2708876 Wed Nov  6 21:40:23 MST 2019
| Date         : Thu Feb 13 14:24:24 2020
| Host         : LAPTOP-STEFAN running 64-bit major release  (build 9200)
| Command      : upgrade_ip
| Device       : xc7a100tcsg324-1
------------------------------------------------------------------------------------

Upgrade Log for IP 'segment_a_xup_inv_0_3'

1. Summary
----------

SUCCESS in the conversion of segment_a_xup_inv_0_3 (xilinx.com:xup:xup_inv:1.0 (Rev. 1)) to Vivado generation flows.






Copyright 1986-2019 Xilinx, Inc. All Rights Reserved.
------------------------------------------------------------------------------------
| Tool Version : Vivado v.2019.2 (win64) Build 2708876 Wed Nov  6 21:40:23 MST 2019
| Date         : Thu Feb 13 14:24:24 2020
| Host         : LAPTOP-STEFAN running 64-bit major release  (build 9200)
| Command      : upgrade_ip
| Device       : xc7a100tcsg324-1
------------------------------------------------------------------------------------

Upgrade Log for IP 'segment_a_xup_inv_0_2'

1. Summary
----------

SUCCESS in the conversion of segment_a_xup_inv_0_2 (xilinx.com:xup:xup_inv:1.0 (Rev. 1)) to Vivado generation flows.






Copyright 1986-2019 Xilinx, Inc. All Rights Reserved.
------------------------------------------------------------------------------------
| Tool Version : Vivado v.2019.2 (win64) Build 2708876 Wed Nov  6 21:40:23 MST 2019
| Date         : Thu Feb 13 14:24:24 2020
| Host         : LAPTOP-STEFAN running 64-bit major release  (build 9200)
| Command      : upgrade_ip
| Device       : xc7a100tcsg324-1
------------------------------------------------------------------------------------

Upgrade Log for IP 'segment_a_xup_inv_0_1'

1. Summary
----------

SUCCESS in the conversion of segment_a_xup_inv_0_1 (xilinx.com:xup:xup_inv:1.0 (Rev. 1)) to Vivado generation flows.






Copyright 1986-2019 Xilinx, Inc. All Rights Reserved.
------------------------------------------------------------------------------------
| Tool Version : Vivado v.2019.2 (win64) Build 2708876 Wed Nov  6 21:40:23 MST 2019
| Date         : Thu Feb 13 14:24:24 2020
| Host         : LAPTOP-STEFAN running 64-bit major release  (build 9200)
| Command      : upgrade_ip
| Device       : xc7a100tcsg324-1
------------------------------------------------------------------------------------

Upgrade Log for IP 'segment_a_xup_inv_0_0'

1. Summary
----------

SUCCESS in the conversion of segment_a_xup_inv_0_0 (xilinx.com:xup:xup_inv:1.0 (Rev. 1)) to Vivado generation flows.






Copyright 1986-2019 Xilinx, Inc. All Rights Reserved.
------------------------------------------------------------------------------------
| Tool Version : Vivado v.2019.2 (win64) Build 2708876 Wed Nov  6 21:40:23 MST 2019
| Date         : Thu Feb 13 14:24:24 2020
| Host         : LAPTOP-STEFAN running 64-bit major release  (build 9200)
| Command      : upgrade_ip
| Device       : xc7a100tcsg324-1
------------------------------------------------------------------------------------

Upgrade Log for IP 'segment_a_xup_and4_0_0'

1. Summary
----------

SUCCESS in the conversion of segment_a_xup_and4_0_0 (xilinx.com:xup:xup_and4:1.0 (Rev. 1)) to Vivado generation flows.






Copyright 1986-2019 Xilinx, Inc. All Rights Reserved.
------------------------------------------------------------------------------------
| Tool Version : Vivado v.2019.2 (win64) Build 2708876 Wed Nov  6 21:40:23 MST 2019
| Date         : Thu Feb 13 14:24:24 2020
| Host         : LAPTOP-STEFAN running 64-bit major release  (build 9200)
| Command      : upgrade_ip
| Device       : xc7a100tcsg324-1
------------------------------------------------------------------------------------

Upgrade Log for IP 'segment_a_xup_and3_0_0'

1. Summary
----------

SUCCESS in the conversion of segment_a_xup_and3_0_0 (xilinx.com:xup:xup_and3:1.0 (Rev. 1)) to Vivado generation flows.

