#-----------------------------------------------------------
# Vivado v2019.2 (64-bit)
# SW Build 2708876 on Wed Nov  6 21:40:23 MST 2019
# IP Build 2700528 on Thu Nov  7 00:09:20 MST 2019
# Start of session at: Thu Feb 13 14:27:54 2020
# Process ID: 15848
# Current directory: C:/Users/stefa/iCloudDrive/ASU/Spring 2020/CSE_320/Labs_New/CSE320_Lab2
# Command line: vivado.exe -gui_launcher_event rodinguilauncherevent16228 C:\Users\stefa\iCloudDrive\ASU\Spring 2020\CSE_320\Labs_New\CSE320_Lab2\CSE320_Lab2.xpr
# Log file: C:/Users/stefa/iCloudDrive/ASU/Spring 2020/CSE_320/Labs_New/CSE320_Lab2/vivado.log
# Journal file: C:/Users/stefa/iCloudDrive/ASU/Spring 2020/CSE_320/Labs_New/CSE320_Lab2\vivado.jou
#-----------------------------------------------------------
start_gui
open_project {C:/Users/stefa/iCloudDrive/ASU/Spring 2020/CSE_320/Labs_New/CSE320_Lab2/CSE320_Lab2.xpr}
Scanning sources...
Finished scanning sources
INFO: [IP_Flow 19-234] Refreshing IP repositories
INFO: [IP_Flow 19-1700] Loaded user IP repository 'c:/Users/stefa/iCloudDrive/ASU/Spring 2020/CSE_320/Labs_New/CSE320_Lab2/XUP_LIB'.
INFO: [IP_Flow 19-2313] Loaded Vivado IP repository 'C:/Xilinx/Vivado/2019.2/data/ip'.
open_project: Time (s): cpu = 00:00:14 ; elapsed = 00:00:07 . Memory (MB): peak = 962.035 ; gain = 300.344
update_compile_order -fileset sources_1
open_bd_design {C:/Users/stefa/iCloudDrive/ASU/Spring 2020/CSE_320/Labs_New/CSE320_Lab2/CSE320_Lab2.srcs/sources_1/bd/segment_a/segment_a.bd}
Adding component instance block -- xilinx.com:xup:xup_and3:1.0 - xup_and3_0
Adding component instance block -- xilinx.com:xup:xup_and4:1.0 - xup_and4_0
Adding component instance block -- xilinx.com:xup:xup_inv:1.0 - xup_inv_0
Adding component instance block -- xilinx.com:xup:xup_inv:1.0 - xup_inv_1
Adding component instance block -- xilinx.com:xup:xup_inv:1.0 - xup_inv_2
Adding component instance block -- xilinx.com:xup:xup_inv:1.0 - xup_inv_3
Adding component instance block -- xilinx.com:xup:xup_or2:1.0 - xup_or2_0
Successfully read diagram <segment_a> from BD file <C:/Users/stefa/iCloudDrive/ASU/Spring 2020/CSE_320/Labs_New/CSE320_Lab2/CSE320_Lab2.srcs/sources_1/bd/segment_a/segment_a.bd>
WARNING: [IP_Flow 19-4318] IP-XACT file does not exist: c:/Users/stefa/iCloudDrive/ASU/Spring 2020/CSE_320/Labs_New/CSE320_Lab2/XUP_LIB/XUP_LIB/xup_or2_1.0/component.xml. It will be created.
WARNING: [IP_Flow 19-4318] IP-XACT file does not exist: c:/Users/stefa/iCloudDrive/ASU/Spring 2020/CSE_320/Labs_New/CSE320_Lab2/XUP_LIB/XUP_LIB/xup_inv_1.0/component.xml. It will be created.
WARNING: [IP_Flow 19-4318] IP-XACT file does not exist: c:/Users/stefa/iCloudDrive/ASU/Spring 2020/CSE_320/Labs_New/CSE320_Lab2/XUP_LIB/XUP_LIB/xup_and4_1.0/component.xml. It will be created.
WARNING: [IP_Flow 19-4318] IP-XACT file does not exist: c:/Users/stefa/iCloudDrive/ASU/Spring 2020/CSE_320/Labs_New/CSE320_Lab2/XUP_LIB/XUP_LIB/xup_and3_1.0/component.xml. It will be created.
update_ip_catalog -rebuild -scan_changes
INFO: [IP_Flow 19-234] Refreshing IP repositories
INFO: [IP_Flow 19-1700] Loaded user IP repository 'c:/Users/stefa/iCloudDrive/ASU/Spring 2020/CSE_320/Labs_New/CSE320_Lab2/XUP_LIB'.
report_ip_status -name ip_status
update_ip_catalog -rebuild
INFO: [IP_Flow 19-234] Refreshing IP repositories
INFO: [IP_Flow 19-1700] Loaded user IP repository 'c:/Users/stefa/iCloudDrive/ASU/Spring 2020/CSE_320/Labs_New/CSE320_Lab2/XUP_LIB'.
upgrade_ip [get_ips  {segment_a_xup_inv_0_1 segment_a_xup_inv_0_2 segment_a_xup_inv_0_3 segment_a_xup_inv_0_0 segment_a_xup_and4_0_0 segment_a_xup_and3_0_0 segment_a_xup_or2_0_0}] -log ip_upgrade.log
Upgrading 'C:/Users/stefa/iCloudDrive/ASU/Spring 2020/CSE_320/Labs_New/CSE320_Lab2/CSE320_Lab2.srcs/sources_1/bd/segment_a/segment_a.bd'
INFO: [IP_Flow 19-1972] Upgraded segment_a_xup_and3_0_0 from XUP 3-input AND 1.0 to XUP 3-input AND 1.0
INFO: [IP_Flow 19-1972] Upgraded segment_a_xup_and4_0_0 from XUP 4-input AND 1.0 to XUP 4-input AND 1.0
INFO: [IP_Flow 19-1972] Upgraded segment_a_xup_inv_0_0 from XUP 1-input INV 1.0 to XUP 1-input INV 1.0
INFO: [IP_Flow 19-1972] Upgraded segment_a_xup_inv_0_1 from XUP 1-input INV 1.0 to XUP 1-input INV 1.0
INFO: [IP_Flow 19-1972] Upgraded segment_a_xup_inv_0_2 from XUP 1-input INV 1.0 to XUP 1-input INV 1.0
INFO: [IP_Flow 19-1972] Upgraded segment_a_xup_inv_0_3 from XUP 1-input INV 1.0 to XUP 1-input INV 1.0
INFO: [IP_Flow 19-1972] Upgraded segment_a_xup_or2_0_0 from XUP 2-input OR 1.0 to XUP 2-input OR 1.0
Wrote  : <C:\Users\stefa\iCloudDrive\ASU\Spring 2020\CSE_320\Labs_New\CSE320_Lab2\CSE320_Lab2.srcs\sources_1\bd\segment_a\segment_a.bd> 
Wrote  : <C:/Users/stefa/iCloudDrive/ASU/Spring 2020/CSE_320/Labs_New/CSE320_Lab2/CSE320_Lab2.srcs/sources_1/bd/segment_a/ui/bd_acda6575.ui> 
INFO: [Coretcl 2-1525] Wrote upgrade log to 'C:/Users/stefa/iCloudDrive/ASU/Spring 2020/CSE_320/Labs_New/CSE320_Lab2/ip_upgrade.log'.
export_ip_user_files -of_objects [get_ips {segment_a_xup_inv_0_1 segment_a_xup_inv_0_2 segment_a_xup_inv_0_3 segment_a_xup_inv_0_0 segment_a_xup_and4_0_0 segment_a_xup_and3_0_0 segment_a_xup_or2_0_0}] -no_script -sync -force -quiet
generate_target all [get_files  {{C:/Users/stefa/iCloudDrive/ASU/Spring 2020/CSE_320/Labs_New/CSE320_Lab2/CSE320_Lab2.srcs/sources_1/bd/segment_a/segment_a.bd}}]
Wrote  : <C:\Users\stefa\iCloudDrive\ASU\Spring 2020\CSE_320\Labs_New\CSE320_Lab2\CSE320_Lab2.srcs\sources_1\bd\segment_a\segment_a.bd> 
VHDL Output written to : C:/Users/stefa/iCloudDrive/ASU/Spring 2020/CSE_320/Labs_New/CSE320_Lab2/CSE320_Lab2.srcs/sources_1/bd/segment_a/synth/segment_a.v
VHDL Output written to : C:/Users/stefa/iCloudDrive/ASU/Spring 2020/CSE_320/Labs_New/CSE320_Lab2/CSE320_Lab2.srcs/sources_1/bd/segment_a/sim/segment_a.v
VHDL Output written to : C:/Users/stefa/iCloudDrive/ASU/Spring 2020/CSE_320/Labs_New/CSE320_Lab2/CSE320_Lab2.srcs/sources_1/bd/segment_a/hdl/segment_a_wrapper.v
INFO: [BD 41-1029] Generation completed for the IP Integrator block xup_and3_0 .
INFO: [BD 41-1029] Generation completed for the IP Integrator block xup_and4_0 .
INFO: [BD 41-1029] Generation completed for the IP Integrator block xup_inv_0 .
INFO: [BD 41-1029] Generation completed for the IP Integrator block xup_inv_1 .
INFO: [BD 41-1029] Generation completed for the IP Integrator block xup_inv_2 .
INFO: [BD 41-1029] Generation completed for the IP Integrator block xup_inv_3 .
INFO: [BD 41-1029] Generation completed for the IP Integrator block xup_or2_0 .
Exporting to file C:/Users/stefa/iCloudDrive/ASU/Spring 2020/CSE_320/Labs_New/CSE320_Lab2/CSE320_Lab2.srcs/sources_1/bd/segment_a/hw_handoff/segment_a.hwh
Generated Block Design Tcl file C:/Users/stefa/iCloudDrive/ASU/Spring 2020/CSE_320/Labs_New/CSE320_Lab2/CSE320_Lab2.srcs/sources_1/bd/segment_a/hw_handoff/segment_a_bd.tcl
Generated Hardware Definition File C:/Users/stefa/iCloudDrive/ASU/Spring 2020/CSE_320/Labs_New/CSE320_Lab2/CSE320_Lab2.srcs/sources_1/bd/segment_a/synth/segment_a.hwdef
catch { config_ip_cache -export [get_ips -all segment_a_xup_and3_0_0] }
INFO: [IP_Flow 19-4993] Using cached IP synthesis design for IP segment_a_xup_and3_0_0, cache-ID = e3989496c00c74a1; cache size = 0.067 MB.
catch { config_ip_cache -export [get_ips -all segment_a_xup_and4_0_0] }
INFO: [IP_Flow 19-4993] Using cached IP synthesis design for IP segment_a_xup_and4_0_0, cache-ID = ad1f66ed9849ccbb; cache size = 0.067 MB.
catch { config_ip_cache -export [get_ips -all segment_a_xup_inv_0_0] }
INFO: [IP_Flow 19-4993] Using cached IP synthesis design for IP segment_a_xup_inv_0_0, cache-ID = e645fbd961a7eb1b; cache size = 0.067 MB.
catch { config_ip_cache -export [get_ips -all segment_a_xup_inv_0_1] }
INFO: [IP_Flow 19-4993] Using cached IP synthesis design for IP segment_a_xup_inv_0_1, cache-ID = e645fbd961a7eb1b; cache size = 0.067 MB.
catch { config_ip_cache -export [get_ips -all segment_a_xup_inv_0_2] }
INFO: [IP_Flow 19-4993] Using cached IP synthesis design for IP segment_a_xup_inv_0_2, cache-ID = e645fbd961a7eb1b; cache size = 0.067 MB.
catch { config_ip_cache -export [get_ips -all segment_a_xup_inv_0_3] }
INFO: [IP_Flow 19-4993] Using cached IP synthesis design for IP segment_a_xup_inv_0_3, cache-ID = e645fbd961a7eb1b; cache size = 0.067 MB.
catch { config_ip_cache -export [get_ips -all segment_a_xup_or2_0_0] }
INFO: [IP_Flow 19-4993] Using cached IP synthesis design for IP segment_a_xup_or2_0_0, cache-ID = 60d6e2a95e1be774; cache size = 0.067 MB.
export_ip_user_files -of_objects [get_files {{C:/Users/stefa/iCloudDrive/ASU/Spring 2020/CSE_320/Labs_New/CSE320_Lab2/CSE320_Lab2.srcs/sources_1/bd/segment_a/segment_a.bd}}] -no_script -sync -force -quiet
create_ip_run [get_files -of_objects [get_fileset sources_1] {{C:/Users/stefa/iCloudDrive/ASU/Spring 2020/CSE_320/Labs_New/CSE320_Lab2/CSE320_Lab2.srcs/sources_1/bd/segment_a/segment_a.bd}}]
export_simulation -of_objects [get_files {{C:/Users/stefa/iCloudDrive/ASU/Spring 2020/CSE_320/Labs_New/CSE320_Lab2/CSE320_Lab2.srcs/sources_1/bd/segment_a/segment_a.bd}}] -directory {C:/Users/stefa/iCloudDrive/ASU/Spring 2020/CSE_320/Labs_New/CSE320_Lab2/CSE320_Lab2.ip_user_files/sim_scripts} -ip_user_files_dir {C:/Users/stefa/iCloudDrive/ASU/Spring 2020/CSE_320/Labs_New/CSE320_Lab2/CSE320_Lab2.ip_user_files} -ipstatic_source_dir {C:/Users/stefa/iCloudDrive/ASU/Spring 2020/CSE_320/Labs_New/CSE320_Lab2/CSE320_Lab2.ip_user_files/ipstatic} -lib_map_path [list {modelsim=C:/Users/stefa/iCloudDrive/ASU/Spring 2020/CSE_320/Labs_New/CSE320_Lab2/CSE320_Lab2.cache/compile_simlib/modelsim} {questa=C:/Users/stefa/iCloudDrive/ASU/Spring 2020/CSE_320/Labs_New/CSE320_Lab2/CSE320_Lab2.cache/compile_simlib/questa} {riviera=C:/Users/stefa/iCloudDrive/ASU/Spring 2020/CSE_320/Labs_New/CSE320_Lab2/CSE320_Lab2.cache/compile_simlib/riviera} {activehdl=C:/Users/stefa/iCloudDrive/ASU/Spring 2020/CSE_320/Labs_New/CSE320_Lab2/CSE320_Lab2.cache/compile_simlib/activehdl}] -use_ip_compiled_libs -force -quiet
report_ip_status -name ip_status 
ipx::package_project -root_dir {C:/Users/stefa/iCloudDrive/ASU/Spring 2020/CSE_320/Labs_New/CSE320_Lab2/XUP_LIB/segment_a} -vendor xilinx.com -library user -taxonomy /UserIP -module segment_a -import_files
INFO: [BD 41-1637] Generated targets are already up-to-date for block design 'segment_a' - hence not re-generating.
WARNING: [IP_Flow 19-991] Unrecognized or unsupported file 'sim/segment_a.protoinst' found in file group 'Simulation'.
Resolution: Remove the file from the specified file group.
INFO: [IP_Flow 19-2181] Payment Required is not set for this core.
INFO: [IP_Flow 19-2187] The Product Guide file is missing.
set_property core_revision 2 [ipx::find_open_core xilinx.com:user:segment_a:1.0]
ipx::create_xgui_files [ipx::find_open_core xilinx.com:user:segment_a:1.0]
ipx::update_checksums [ipx::find_open_core xilinx.com:user:segment_a:1.0]
ipx::save_core [ipx::find_open_core xilinx.com:user:segment_a:1.0]
update_ip_catalog -rebuild -repo_path {c:/Users/stefa/iCloudDrive/ASU/Spring 2020/CSE_320/Labs_New/CSE320_Lab2/XUP_LIB}
INFO: [IP_Flow 19-725] Reloaded user IP repository 'c:/Users/stefa/iCloudDrive/ASU/Spring 2020/CSE_320/Labs_New/CSE320_Lab2/XUP_LIB'
ipx::unload_core {c:/Users/stefa/iCloudDrive/ASU/Spring 2020/CSE_320/Labs_New/CSE320_Lab2/XUP_LIB/segment_a/component.xml}
update_ip_catalog -rebuild
INFO: [IP_Flow 19-234] Refreshing IP repositories
INFO: [IP_Flow 19-1700] Loaded user IP repository 'c:/Users/stefa/iCloudDrive/ASU/Spring 2020/CSE_320/Labs_New/CSE320_Lab2/XUP_LIB'.
close_bd_design [get_bd_designs segment_a]
Wrote  : <C:/Users/stefa/iCloudDrive/ASU/Spring 2020/CSE_320/Labs_New/CSE320_Lab2/CSE320_Lab2.srcs/sources_1/bd/segment_a/ui/bd_acda6575.ui> 
exit
INFO: [Common 17-206] Exiting Vivado at Thu Feb 13 14:33:57 2020...
