#-----------------------------------------------------------
# Vivado v2019.2 (64-bit)
# SW Build 2708876 on Wed Nov  6 21:40:23 MST 2019
# IP Build 2700528 on Thu Nov  7 00:09:20 MST 2019
# Start of session at: Fri Feb 14 04:33:56 2020
# Process ID: 10264
# Current directory: C:/Users/stefa/iCloudDrive/ASU/Spring 2020/CSE_320/Labs_New/CSE320_Lab2
# Command line: vivado.exe -gui_launcher_event rodinguilauncherevent21920 C:\Users\stefa\iCloudDrive\ASU\Spring 2020\CSE_320\Labs_New\CSE320_Lab2\CSE320_Lab2.xpr
# Log file: C:/Users/stefa/iCloudDrive/ASU/Spring 2020/CSE_320/Labs_New/CSE320_Lab2/vivado.log
# Journal file: C:/Users/stefa/iCloudDrive/ASU/Spring 2020/CSE_320/Labs_New/CSE320_Lab2\vivado.jou
#-----------------------------------------------------------
start_gui
open_project {C:/Users/stefa/iCloudDrive/ASU/Spring 2020/CSE_320/Labs_New/CSE320_Lab2/CSE320_Lab2.xpr}
Scanning sources...
Finished scanning sources
INFO: [IP_Flow 19-234] Refreshing IP repositories
INFO: [IP_Flow 19-1700] Loaded user IP repository 'c:/Users/stefa/iCloudDrive/ASU/Spring 2020/CSE_320/Labs_New/CSE320_Lab2/XUP_LIB'.
INFO: [IP_Flow 19-2313] Loaded Vivado IP repository 'C:/Xilinx/Vivado/2019.2/data/ip'.
open_project: Time (s): cpu = 00:00:18 ; elapsed = 00:00:11 . Memory (MB): peak = 996.340 ; gain = 354.664
update_compile_order -fileset sources_1
close_project
exit
INFO: [Common 17-206] Exiting Vivado at Fri Feb 14 04:35:05 2020...
