#-----------------------------------------------------------
# Vivado v2019.2 (64-bit)
# SW Build 2708876 on Wed Nov  6 21:40:23 MST 2019
# IP Build 2700528 on Thu Nov  7 00:09:20 MST 2019
# Start of session at: Wed Mar  4 12:58:26 2020
# Process ID: 7672
# Current directory: C:/Users/stefa/iCloudDrive/ASU/Spring 2020/CSE_320/Tutorials/CSE320_tutorial3/tuturial3
# Command line: vivado.exe -gui_launcher_event rodinguilauncherevent22768 C:\Users\stefa\iCloudDrive\ASU\Spring 2020\CSE_320\Tutorials\CSE320_tutorial3\tuturial3\tuturial3.xpr
# Log file: C:/Users/stefa/iCloudDrive/ASU/Spring 2020/CSE_320/Tutorials/CSE320_tutorial3/tuturial3/vivado.log
# Journal file: C:/Users/stefa/iCloudDrive/ASU/Spring 2020/CSE_320/Tutorials/CSE320_tutorial3/tuturial3\vivado.jou
#-----------------------------------------------------------
start_gui
open_project {C:/Users/stefa/iCloudDrive/ASU/Spring 2020/CSE_320/Tutorials/CSE320_tutorial3/tuturial3/tuturial3.xpr}
INFO: [ProjectBase 1-489] The host OS only allows 260 characters in a normal path. The project is stored in a path with more than 80 characters. If you experience issues with IP, Block Designs, or files not being found, please consider moving the project to a location with a shorter path. Alternately consider using the OS subst command to map part of the path to a drive letter.
Current project path is 'C:/Users/stefa/iCloudDrive/ASU/Spring 2020/CSE_320/Tutorials/CSE320_tutorial3/tuturial3'
Scanning sources...
Finished scanning sources
WARNING: [filemgmt 56-3] IPUserFilesDir: Could not find the directory 'C:/Users/stefa/iCloudDrive/ASU/Spring 2020/CSE_320/Tutorials/CSE320_tutorial3/tuturial3/tuturial3.ip_user_files'.
INFO: [IP_Flow 19-234] Refreshing IP repositories
INFO: [IP_Flow 19-1704] No user IP repositories specified
INFO: [IP_Flow 19-2313] Loaded Vivado IP repository 'C:/Xilinx/Vivado/2019.2/data/ip'.
open_project: Time (s): cpu = 00:00:13 ; elapsed = 00:00:07 . Memory (MB): peak = 898.535 ; gain = 254.934
update_compile_order -fileset sources_1
exit
INFO: [Common 17-206] Exiting Vivado at Wed Mar  4 13:01:00 2020...
