#-----------------------------------------------------------
# Vivado v2019.2 (64-bit)
# SW Build 2708876 on Wed Nov  6 21:40:23 MST 2019
# IP Build 2700528 on Thu Nov  7 00:09:20 MST 2019
# Start of session at: Sat Feb  8 21:19:22 2020
# Process ID: 2424
# Current directory: C:/Users/stefa/iCloudDrive/ASU/Spring_2020/CSE_320/Tutorials/CSE320_Tutorial1/tutorial
# Command line: vivado.exe -gui_launcher_event rodinguilauncherevent14088 C:\Users\stefa\iCloudDrive\ASU\Spring_2020\CSE_320\Tutorials\CSE320_Tutorial1\tutorial\tutorial.xpr
# Log file: C:/Users/stefa/iCloudDrive/ASU/Spring_2020/CSE_320/Tutorials/CSE320_Tutorial1/tutorial/vivado.log
# Journal file: C:/Users/stefa/iCloudDrive/ASU/Spring_2020/CSE_320/Tutorials/CSE320_Tutorial1/tutorial\vivado.jou
#-----------------------------------------------------------
start_gui
open_project C:/Users/stefa/iCloudDrive/ASU/Spring_2020/CSE_320/Tutorials/CSE320_Tutorial1/tutorial/tutorial.xpr
INFO: [ProjectBase 1-489] The host OS only allows 260 characters in a normal path. The project is stored in a path with more than 80 characters. If you experience issues with IP, Block Designs, or files not being found, please consider moving the project to a location with a shorter path. Alternately consider using the OS subst command to map part of the path to a drive letter.
Current project path is 'C:/Users/stefa/iCloudDrive/ASU/Spring_2020/CSE_320/Tutorials/CSE320_Tutorial1/tutorial'
INFO: [Project 1-313] Project file moved from 'C:/Users/stefa/iCloudDrive/ASU/Spring 2020/CSE_320/CSE320_Tutorial1/tutorial' since last save.
Scanning sources...
Finished scanning sources
INFO: [IP_Flow 19-234] Refreshing IP repositories
INFO: [IP_Flow 19-1700] Loaded user IP repository 'c:/Users/stefa/iCloudDrive/ASU/Spring_2020/CSE_320/Tutorials/CSE320_Tutorial1/CSE320_tutorial1_source/XUP_LIB'.
INFO: [IP_Flow 19-2313] Loaded Vivado IP repository 'C:/Xilinx/Vivado/2019.2/data/ip'.
WARNING: [IP_Flow 19-3664] IP 'design_1_xup_inv_0_0' generated file not found 'c:/Users/stefa/iCloudDrive/ASU/Spring_2020/CSE_320/Tutorials/CSE320_Tutorial1/tutorial/tutorial.srcs/sources_1/bd/design_1/ipshared/e3e7/xup_inv.srcs/sources_1/new/xup_inv.v'. Please regenerate to continue.
WARNING: [IP_Flow 19-3664] IP 'design_1_xup_inv_0_0' generated file not found 'c:/Users/stefa/iCloudDrive/ASU/Spring_2020/CSE_320/Tutorials/CSE320_Tutorial1/tutorial/tutorial.srcs/sources_1/bd/design_1/ipshared/e3e7/xup_inv.srcs/sources_1/new/xup_inv.v'. Please regenerate to continue.
WARNING: [IP_Flow 19-3664] IP 'design_1_xup_inv_1_0' generated file not found 'c:/Users/stefa/iCloudDrive/ASU/Spring_2020/CSE_320/Tutorials/CSE320_Tutorial1/tutorial/tutorial.srcs/sources_1/bd/design_1/ipshared/e3e7/xup_inv.srcs/sources_1/new/xup_inv.v'. Please regenerate to continue.
WARNING: [IP_Flow 19-3664] IP 'design_1_xup_inv_1_0' generated file not found 'c:/Users/stefa/iCloudDrive/ASU/Spring_2020/CSE_320/Tutorials/CSE320_Tutorial1/tutorial/tutorial.srcs/sources_1/bd/design_1/ipshared/e3e7/xup_inv.srcs/sources_1/new/xup_inv.v'. Please regenerate to continue.
WARNING: [IP_Flow 19-3664] IP 'design_1_xup_and2_0_0' generated file not found 'c:/Users/stefa/iCloudDrive/ASU/Spring_2020/CSE_320/Tutorials/CSE320_Tutorial1/tutorial/tutorial.srcs/sources_1/bd/design_1/ipshared/778c/xup_and2.srcs/sources_1/new/xup_and2.v'. Please regenerate to continue.
WARNING: [IP_Flow 19-3664] IP 'design_1_xup_and2_0_0' generated file not found 'c:/Users/stefa/iCloudDrive/ASU/Spring_2020/CSE_320/Tutorials/CSE320_Tutorial1/tutorial/tutorial.srcs/sources_1/bd/design_1/ipshared/778c/xup_and2.srcs/sources_1/new/xup_and2.v'. Please regenerate to continue.
WARNING: [IP_Flow 19-3664] IP 'design_1_xup_and2_0_1' generated file not found 'c:/Users/stefa/iCloudDrive/ASU/Spring_2020/CSE_320/Tutorials/CSE320_Tutorial1/tutorial/tutorial.srcs/sources_1/bd/design_1/ipshared/778c/xup_and2.srcs/sources_1/new/xup_and2.v'. Please regenerate to continue.
WARNING: [IP_Flow 19-3664] IP 'design_1_xup_and2_0_1' generated file not found 'c:/Users/stefa/iCloudDrive/ASU/Spring_2020/CSE_320/Tutorials/CSE320_Tutorial1/tutorial/tutorial.srcs/sources_1/bd/design_1/ipshared/778c/xup_and2.srcs/sources_1/new/xup_and2.v'. Please regenerate to continue.
WARNING: [IP_Flow 19-3664] IP 'design_1_xup_or2_0_0' generated file not found 'c:/Users/stefa/iCloudDrive/ASU/Spring_2020/CSE_320/Tutorials/CSE320_Tutorial1/tutorial/tutorial.srcs/sources_1/bd/design_1/ipshared/1ec9/xup_or2.srcs/sources_1/new/xup_or2.v'. Please regenerate to continue.
WARNING: [IP_Flow 19-3664] IP 'design_1_xup_or2_0_0' generated file not found 'c:/Users/stefa/iCloudDrive/ASU/Spring_2020/CSE_320/Tutorials/CSE320_Tutorial1/tutorial/tutorial.srcs/sources_1/bd/design_1/ipshared/1ec9/xup_or2.srcs/sources_1/new/xup_or2.v'. Please regenerate to continue.
update_compile_order -fileset sources_1
exit
INFO: [Common 17-206] Exiting Vivado at Sat Feb  8 21:20:00 2020...
