#-----------------------------------------------------------
# Vivado v2019.2 (64-bit)
# SW Build 2708876 on Wed Nov  6 21:40:23 MST 2019
# IP Build 2700528 on Thu Nov  7 00:09:20 MST 2019
# Start of session at: Thu Mar 19 00:39:31 2020
# Process ID: 21208
# Current directory: C:/Users/stefa/iCloudDrive/ASU/Spring 2020/CSE_320/Labs_New/Lab3/CSE320-Marth-Lab3
# Command line: vivado.exe -gui_launcher_event rodinguilauncherevent20920 C:\Users\stefa\iCloudDrive\ASU\Spring 2020\CSE_320\Labs_New\Lab3\CSE320-Marth-Lab3\CSE320-Marth-Lab3.xpr
# Log file: C:/Users/stefa/iCloudDrive/ASU/Spring 2020/CSE_320/Labs_New/Lab3/CSE320-Marth-Lab3/vivado.log
# Journal file: C:/Users/stefa/iCloudDrive/ASU/Spring 2020/CSE_320/Labs_New/Lab3/CSE320-Marth-Lab3\vivado.jou
#-----------------------------------------------------------
start_gui
open_project {C:/Users/stefa/iCloudDrive/ASU/Spring 2020/CSE_320/Labs_New/Lab3/CSE320-Marth-Lab3/CSE320-Marth-Lab3.xpr}
INFO: [ProjectBase 1-489] The host OS only allows 260 characters in a normal path. The project is stored in a path with more than 80 characters. If you experience issues with IP, Block Designs, or files not being found, please consider moving the project to a location with a shorter path. Alternately consider using the OS subst command to map part of the path to a drive letter.
Current project path is 'C:/Users/stefa/iCloudDrive/ASU/Spring 2020/CSE_320/Labs_New/Lab3/CSE320-Marth-Lab3'
Scanning sources...
Finished scanning sources
INFO: [IP_Flow 19-234] Refreshing IP repositories
INFO: [IP_Flow 19-1700] Loaded user IP repository 'c:/Users/stefa/iCloudDrive/ASU/Spring 2020/CSE_320/Labs_New/Lab3/CSE320-Marth-Lab3/XUP_LIB'.
INFO: [IP_Flow 19-2313] Loaded Vivado IP repository 'C:/Xilinx/Vivado/2019.2/data/ip'.
open_project: Time (s): cpu = 00:00:15 ; elapsed = 00:00:08 . Memory (MB): peak = 968.813 ; gain = 286.301
launch_runs impl_1 -to_step write_bitstream -jobs 8
[Thu Mar 19 00:39:54 2020] Launched impl_1...
Run output will be captured here: C:/Users/stefa/iCloudDrive/ASU/Spring 2020/CSE_320/Labs_New/Lab3/CSE320-Marth-Lab3/CSE320-Marth-Lab3.runs/impl_1/runme.log
update_compile_order -fileset sources_1
close_project
exit
INFO: [Common 17-206] Exiting Vivado at Thu Mar 19 00:41:29 2020...
