#-----------------------------------------------------------
# Vivado v2019.2 (64-bit)
# SW Build 2708876 on Wed Nov  6 21:40:23 MST 2019
# IP Build 2700528 on Thu Nov  7 00:09:20 MST 2019
# Start of session at: Wed Mar 18 14:04:31 2020
# Process ID: 12660
# Current directory: C:/Users/stefa/iCloudDrive/ASU/Spring 2020/CSE_320/Labs_New/Lab3/CSE320-Marth-Lab3
# Command line: vivado.exe -gui_launcher_event rodinguilauncherevent15116 C:\Users\stefa\iCloudDrive\ASU\Spring 2020\CSE_320\Labs_New\Lab3\CSE320-Marth-Lab3\CSE320-Marth-Lab3.xpr
# Log file: C:/Users/stefa/iCloudDrive/ASU/Spring 2020/CSE_320/Labs_New/Lab3/CSE320-Marth-Lab3/vivado.log
# Journal file: C:/Users/stefa/iCloudDrive/ASU/Spring 2020/CSE_320/Labs_New/Lab3/CSE320-Marth-Lab3\vivado.jou
#-----------------------------------------------------------
start_gui
open_project {C:/Users/stefa/iCloudDrive/ASU/Spring 2020/CSE_320/Labs_New/Lab3/CSE320-Marth-Lab3/CSE320-Marth-Lab3.xpr}
INFO: [ProjectBase 1-489] The host OS only allows 260 characters in a normal path. The project is stored in a path with more than 80 characters. If you experience issues with IP, Block Designs, or files not being found, please consider moving the project to a location with a shorter path. Alternately consider using the OS subst command to map part of the path to a drive letter.
Current project path is 'C:/Users/stefa/iCloudDrive/ASU/Spring 2020/CSE_320/Labs_New/Lab3/CSE320-Marth-Lab3'
Scanning sources...
Finished scanning sources
WARNING: [Project 1-509] GeneratedRun file for 'design_1_LocationFSM_0_0_synth_1' not found
WARNING: [Project 1-509] GeneratedRun file for 'design_1_SwordFSM_0_0_synth_1' not found
INFO: [IP_Flow 19-234] Refreshing IP repositories
INFO: [IP_Flow 19-1700] Loaded user IP repository 'c:/Users/stefa/iCloudDrive/ASU/Spring 2020/CSE_320/Labs_New/Lab3/CSE320-Marth-Lab3/XUP_LIB'.
INFO: [IP_Flow 19-2313] Loaded Vivado IP repository 'C:/Xilinx/Vivado/2019.2/data/ip'.
WARNING: [IP_Flow 19-3664] IP 'design_1_Edge_Detector_0_1' generated file not found 'c:/Users/stefa/iCloudDrive/ASU/Spring 2020/CSE_320/Labs_New/Lab3/CSE320-Marth-Lab3/CSE320-Marth-Lab3.srcs/sources_1/bd/design_1/ip/design_1_Edge_Detector_0_1/design_1_Edge_Detector_0_1.dcp'. Please regenerate to continue.
WARNING: [IP_Flow 19-3664] IP 'design_1_Edge_Detector_0_2' generated file not found 'c:/Users/stefa/iCloudDrive/ASU/Spring 2020/CSE_320/Labs_New/Lab3/CSE320-Marth-Lab3/CSE320-Marth-Lab3.srcs/sources_1/bd/design_1/ip/design_1_Edge_Detector_0_2/design_1_Edge_Detector_0_2.dcp'. Please regenerate to continue.
WARNING: [IP_Flow 19-3664] IP 'design_1_Edge_Detector_0_3' generated file not found 'c:/Users/stefa/iCloudDrive/ASU/Spring 2020/CSE_320/Labs_New/Lab3/CSE320-Marth-Lab3/CSE320-Marth-Lab3.srcs/sources_1/bd/design_1/ip/design_1_Edge_Detector_0_3/design_1_Edge_Detector_0_3.dcp'. Please regenerate to continue.
WARNING: [IP_Flow 19-3664] IP 'design_1_LocationFSM_0_0' generated file not found 'c:/Users/stefa/iCloudDrive/ASU/Spring 2020/CSE_320/Labs_New/Lab3/CSE320-Marth-Lab3/CSE320-Marth-Lab3.srcs/sources_1/bd/design_1/ip/design_1_LocationFSM_0_0/src/LocationFSM_xup_dff_set_0_0/LocationFSM_xup_dff_set_0_0.xci'. Please regenerate to continue.
WARNING: [IP_Flow 19-3664] IP 'design_1_LocationFSM_0_0' generated file not found 'c:/Users/stefa/iCloudDrive/ASU/Spring 2020/CSE_320/Labs_New/Lab3/CSE320-Marth-Lab3/CSE320-Marth-Lab3.srcs/sources_1/bd/design_1/ip/design_1_LocationFSM_0_0/src/LocationFSM_xup_dff_reset_0_0/LocationFSM_xup_dff_reset_0_0.xci'. Please regenerate to continue.
WARNING: [IP_Flow 19-3664] IP 'design_1_LocationFSM_0_0' generated file not found 'c:/Users/stefa/iCloudDrive/ASU/Spring 2020/CSE_320/Labs_New/Lab3/CSE320-Marth-Lab3/CSE320-Marth-Lab3.srcs/sources_1/bd/design_1/ip/design_1_LocationFSM_0_0/src/LocationFSM_Q1_0/LocationFSM_Q1_0.xci'. Please regenerate to continue.
WARNING: [IP_Flow 19-3664] IP 'design_1_LocationFSM_0_0' generated file not found 'c:/Users/stefa/iCloudDrive/ASU/Spring 2020/CSE_320/Labs_New/Lab3/CSE320-Marth-Lab3/CSE320-Marth-Lab3.srcs/sources_1/bd/design_1/ip/design_1_LocationFSM_0_0/src/LocationFSM_Q1_1/LocationFSM_Q1_1.xci'. Please regenerate to continue.
WARNING: [IP_Flow 19-3664] IP 'design_1_LocationFSM_0_0' generated file not found 'c:/Users/stefa/iCloudDrive/ASU/Spring 2020/CSE_320/Labs_New/Lab3/CSE320-Marth-Lab3/CSE320-Marth-Lab3.srcs/sources_1/bd/design_1/ip/design_1_LocationFSM_0_0/src/LocationFSM_Q1_2/LocationFSM_Q1_2.xci'. Please regenerate to continue.
WARNING: [IP_Flow 19-3664] IP 'design_1_LocationFSM_0_0' generated file not found 'c:/Users/stefa/iCloudDrive/ASU/Spring 2020/CSE_320/Labs_New/Lab3/CSE320-Marth-Lab3/CSE320-Marth-Lab3.srcs/sources_1/bd/design_1/ip/design_1_LocationFSM_0_0/src/LocationFSM_Q1_3/LocationFSM_Q1_3.xci'. Please regenerate to continue.
WARNING: [IP_Flow 19-3664] IP 'design_1_LocationFSM_0_0' generated file not found 'c:/Users/stefa/iCloudDrive/ASU/Spring 2020/CSE_320/Labs_New/Lab3/CSE320-Marth-Lab3/CSE320-Marth-Lab3.srcs/sources_1/bd/design_1/ip/design_1_LocationFSM_0_0/src/LocationFSM_Q1_4/LocationFSM_Q1_4.xci'. Please regenerate to continue.
WARNING: [IP_Flow 19-3664] IP 'design_1_LocationFSM_0_0' generated file not found 'c:/Users/stefa/iCloudDrive/ASU/Spring 2020/CSE_320/Labs_New/Lab3/CSE320-Marth-Lab3/CSE320-Marth-Lab3.srcs/sources_1/bd/design_1/ip/design_1_LocationFSM_0_0/src/LocationFSM_xup_inv_0_0/LocationFSM_xup_inv_0_0.xci'. Please regenerate to continue.
WARNING: [IP_Flow 19-3664] IP 'design_1_LocationFSM_0_0' generated file not found 'c:/Users/stefa/iCloudDrive/ASU/Spring 2020/CSE_320/Labs_New/Lab3/CSE320-Marth-Lab3/CSE320-Marth-Lab3.srcs/sources_1/bd/design_1/ip/design_1_LocationFSM_0_0/src/LocationFSM_xup_inv_0_1/LocationFSM_xup_inv_0_1.xci'. Please regenerate to continue.
WARNING: [IP_Flow 19-3664] IP 'design_1_LocationFSM_0_0' generated file not found 'c:/Users/stefa/iCloudDrive/ASU/Spring 2020/CSE_320/Labs_New/Lab3/CSE320-Marth-Lab3/CSE320-Marth-Lab3.srcs/sources_1/bd/design_1/ip/design_1_LocationFSM_0_0/src/LocationFSM_xup_inv_0_2/LocationFSM_xup_inv_0_2.xci'. Please regenerate to continue.
WARNING: [IP_Flow 19-3664] IP 'design_1_LocationFSM_0_0' generated file not found 'c:/Users/stefa/iCloudDrive/ASU/Spring 2020/CSE_320/Labs_New/Lab3/CSE320-Marth-Lab3/CSE320-Marth-Lab3.srcs/sources_1/bd/design_1/ip/design_1_LocationFSM_0_0/src/LocationFSM_xup_inv_0_3/LocationFSM_xup_inv_0_3.xci'. Please regenerate to continue.
WARNING: [IP_Flow 19-3664] IP 'design_1_LocationFSM_0_0' generated file not found 'c:/Users/stefa/iCloudDrive/ASU/Spring 2020/CSE_320/Labs_New/Lab3/CSE320-Marth-Lab3/CSE320-Marth-Lab3.srcs/sources_1/bd/design_1/ip/design_1_LocationFSM_0_0/src/LocationFSM_xup_inv_0_4/LocationFSM_xup_inv_0_4.xci'. Please regenerate to continue.
WARNING: [IP_Flow 19-3664] IP 'design_1_LocationFSM_0_0' generated file not found 'c:/Users/stefa/iCloudDrive/ASU/Spring 2020/CSE_320/Labs_New/Lab3/CSE320-Marth-Lab3/CSE320-Marth-Lab3.srcs/sources_1/bd/design_1/ip/design_1_LocationFSM_0_0/src/LocationFSM_xup_and2_0_0/LocationFSM_xup_and2_0_0.xci'. Please regenerate to continue.
WARNING: [IP_Flow 19-3664] IP 'design_1_LocationFSM_0_0' generated file not found 'c:/Users/stefa/iCloudDrive/ASU/Spring 2020/CSE_320/Labs_New/Lab3/CSE320-Marth-Lab3/CSE320-Marth-Lab3.srcs/sources_1/bd/design_1/ip/design_1_LocationFSM_0_0/src/LocationFSM_xup_or2_0_0/LocationFSM_xup_or2_0_0.xci'. Please regenerate to continue.
WARNING: [IP_Flow 19-3664] IP 'design_1_LocationFSM_0_0' generated file not found 'c:/Users/stefa/iCloudDrive/ASU/Spring 2020/CSE_320/Labs_New/Lab3/CSE320-Marth-Lab3/CSE320-Marth-Lab3.srcs/sources_1/bd/design_1/ip/design_1_LocationFSM_0_0/src/LocationFSM_xup_and2_0_1/LocationFSM_xup_and2_0_1.xci'. Please regenerate to continue.
WARNING: [IP_Flow 19-3664] IP 'design_1_LocationFSM_0_0' generated file not found 'c:/Users/stefa/iCloudDrive/ASU/Spring 2020/CSE_320/Labs_New/Lab3/CSE320-Marth-Lab3/CSE320-Marth-Lab3.srcs/sources_1/bd/design_1/ip/design_1_LocationFSM_0_0/src/LocationFSM_xup_and2_2_0/LocationFSM_xup_and2_2_0.xci'. Please regenerate to continue.
WARNING: [IP_Flow 19-3664] IP 'design_1_LocationFSM_0_0' generated file not found 'c:/Users/stefa/iCloudDrive/ASU/Spring 2020/CSE_320/Labs_New/Lab3/CSE320-Marth-Lab3/CSE320-Marth-Lab3.srcs/sources_1/bd/design_1/ip/design_1_LocationFSM_0_0/src/LocationFSM_xup_and2_2_1/LocationFSM_xup_and2_2_1.xci'. Please regenerate to continue.
WARNING: [IP_Flow 19-3664] IP 'design_1_LocationFSM_0_0' generated file not found 'c:/Users/stefa/iCloudDrive/ASU/Spring 2020/CSE_320/Labs_New/Lab3/CSE320-Marth-Lab3/CSE320-Marth-Lab3.srcs/sources_1/bd/design_1/ip/design_1_LocationFSM_0_0/src/LocationFSM_xup_or3_0_0/LocationFSM_xup_or3_0_0.xci'. Please regenerate to continue.
WARNING: [IP_Flow 19-3664] IP 'design_1_LocationFSM_0_0' generated file not found 'c:/Users/stefa/iCloudDrive/ASU/Spring 2020/CSE_320/Labs_New/Lab3/CSE320-Marth-Lab3/CSE320-Marth-Lab3.srcs/sources_1/bd/design_1/ip/design_1_LocationFSM_0_0/src/LocationFSM_xup_and3_0_0/LocationFSM_xup_and3_0_0.xci'. Please regenerate to continue.
WARNING: [IP_Flow 19-3664] IP 'design_1_LocationFSM_0_0' generated file not found 'c:/Users/stefa/iCloudDrive/ASU/Spring 2020/CSE_320/Labs_New/Lab3/CSE320-Marth-Lab3/CSE320-Marth-Lab3.srcs/sources_1/bd/design_1/ip/design_1_LocationFSM_0_0/src/LocationFSM_xup_and2_4_0/LocationFSM_xup_and2_4_0.xci'. Please regenerate to continue.
WARNING: [IP_Flow 19-3664] IP 'design_1_LocationFSM_0_0' generated file not found 'c:/Users/stefa/iCloudDrive/ASU/Spring 2020/CSE_320/Labs_New/Lab3/CSE320-Marth-Lab3/CSE320-Marth-Lab3.srcs/sources_1/bd/design_1/ip/design_1_LocationFSM_0_0/src/LocationFSM_xup_and4_0_0/LocationFSM_xup_and4_0_0.xci'. Please regenerate to continue.
WARNING: [IP_Flow 19-3664] IP 'design_1_LocationFSM_0_0' generated file not found 'c:/Users/stefa/iCloudDrive/ASU/Spring 2020/CSE_320/Labs_New/Lab3/CSE320-Marth-Lab3/CSE320-Marth-Lab3.srcs/sources_1/bd/design_1/ip/design_1_LocationFSM_0_0/src/LocationFSM_xup_and2_5_0/LocationFSM_xup_and2_5_0.xci'. Please regenerate to continue.
WARNING: [IP_Flow 19-3664] IP 'design_1_LocationFSM_0_0' generated file not found 'c:/Users/stefa/iCloudDrive/ASU/Spring 2020/CSE_320/Labs_New/Lab3/CSE320-Marth-Lab3/CSE320-Marth-Lab3.srcs/sources_1/bd/design_1/ip/design_1_LocationFSM_0_0/src/LocationFSM_xup_or3_1_0/LocationFSM_xup_or3_1_0.xci'. Please regenerate to continue.
WARNING: [IP_Flow 19-3664] IP 'design_1_LocationFSM_0_0' generated file not found 'c:/Users/stefa/iCloudDrive/ASU/Spring 2020/CSE_320/Labs_New/Lab3/CSE320-Marth-Lab3/CSE320-Marth-Lab3.srcs/sources_1/bd/design_1/ip/design_1_LocationFSM_0_0/src/LocationFSM_xup_and2_6_0/LocationFSM_xup_and2_6_0.xci'. Please regenerate to continue.
WARNING: [IP_Flow 19-3664] IP 'design_1_LocationFSM_0_0' generated file not found 'c:/Users/stefa/iCloudDrive/ASU/Spring 2020/CSE_320/Labs_New/Lab3/CSE320-Marth-Lab3/CSE320-Marth-Lab3.srcs/sources_1/bd/design_1/ip/design_1_LocationFSM_0_0/src/LocationFSM_xup_and2_6_1/LocationFSM_xup_and2_6_1.xci'. Please regenerate to continue.
WARNING: [IP_Flow 19-3664] IP 'design_1_LocationFSM_0_0' generated file not found 'c:/Users/stefa/iCloudDrive/ASU/Spring 2020/CSE_320/Labs_New/Lab3/CSE320-Marth-Lab3/CSE320-Marth-Lab3.srcs/sources_1/bd/design_1/ip/design_1_LocationFSM_0_0/src/LocationFSM_xup_or2_1_0/LocationFSM_xup_or2_1_0.xci'. Please regenerate to continue.
WARNING: [IP_Flow 19-3664] IP 'design_1_LocationFSM_0_0' generated file not found 'c:/Users/stefa/iCloudDrive/ASU/Spring 2020/CSE_320/Labs_New/Lab3/CSE320-Marth-Lab3/CSE320-Marth-Lab3.srcs/sources_1/bd/design_1/ip/design_1_LocationFSM_0_0/src/LocationFSM_xup_and2_8_0/LocationFSM_xup_and2_8_0.xci'. Please regenerate to continue.
WARNING: [IP_Flow 19-3664] IP 'design_1_LocationFSM_0_0' generated file not found 'c:/Users/stefa/iCloudDrive/ASU/Spring 2020/CSE_320/Labs_New/Lab3/CSE320-Marth-Lab3/CSE320-Marth-Lab3.srcs/sources_1/bd/design_1/ip/design_1_LocationFSM_0_0/src/LocationFSM_xup_and2_8_1/LocationFSM_xup_and2_8_1.xci'. Please regenerate to continue.
WARNING: [IP_Flow 19-3664] IP 'design_1_LocationFSM_0_0' generated file not found 'c:/Users/stefa/iCloudDrive/ASU/Spring 2020/CSE_320/Labs_New/Lab3/CSE320-Marth-Lab3/CSE320-Marth-Lab3.srcs/sources_1/bd/design_1/ip/design_1_LocationFSM_0_0/src/LocationFSM_xup_or2_2_0/LocationFSM_xup_or2_2_0.xci'. Please regenerate to continue.
WARNING: [IP_Flow 19-3664] IP 'design_1_LocationFSM_0_0' generated file not found 'c:/Users/stefa/iCloudDrive/ASU/Spring 2020/CSE_320/Labs_New/Lab3/CSE320-Marth-Lab3/CSE320-Marth-Lab3.srcs/sources_1/bd/design_1/ip/design_1_LocationFSM_0_0/src/LocationFSM_xup_and2_9_0/LocationFSM_xup_and2_9_0.xci'. Please regenerate to continue.
WARNING: [IP_Flow 19-3664] IP 'design_1_LocationFSM_0_0' generated file not found 'c:/Users/stefa/iCloudDrive/ASU/Spring 2020/CSE_320/Labs_New/Lab3/CSE320-Marth-Lab3/CSE320-Marth-Lab3.srcs/sources_1/bd/design_1/ip/design_1_LocationFSM_0_0/src/LocationFSM_xup_or2_2_1/LocationFSM_xup_or2_2_1.xci'. Please regenerate to continue.
WARNING: [IP_Flow 19-3664] IP 'design_1_LocationFSM_0_0' generated file not found 'c:/Users/stefa/iCloudDrive/ASU/Spring 2020/CSE_320/Labs_New/Lab3/CSE320-Marth-Lab3/CSE320-Marth-Lab3.srcs/sources_1/bd/design_1/ipshared/8809/src/LocationFSM.v'. Please regenerate to continue.
WARNING: [IP_Flow 19-3664] IP 'design_1_LocationFSM_0_0' generated file not found 'c:/Users/stefa/iCloudDrive/ASU/Spring 2020/CSE_320/Labs_New/Lab3/CSE320-Marth-Lab3/CSE320-Marth-Lab3.srcs/sources_1/bd/design_1/ip/design_1_LocationFSM_0_0/src/LocationFSM_xup_dff_set_0_0/LocationFSM_xup_dff_set_0_0.xci'. Please regenerate to continue.
WARNING: [IP_Flow 19-3664] IP 'design_1_LocationFSM_0_0' generated file not found 'c:/Users/stefa/iCloudDrive/ASU/Spring 2020/CSE_320/Labs_New/Lab3/CSE320-Marth-Lab3/CSE320-Marth-Lab3.srcs/sources_1/bd/design_1/ip/design_1_LocationFSM_0_0/src/LocationFSM_xup_dff_reset_0_0/LocationFSM_xup_dff_reset_0_0.xci'. Please regenerate to continue.
WARNING: [IP_Flow 19-3664] IP 'design_1_LocationFSM_0_0' generated file not found 'c:/Users/stefa/iCloudDrive/ASU/Spring 2020/CSE_320/Labs_New/Lab3/CSE320-Marth-Lab3/CSE320-Marth-Lab3.srcs/sources_1/bd/design_1/ip/design_1_LocationFSM_0_0/src/LocationFSM_Q1_0/LocationFSM_Q1_0.xci'. Please regenerate to continue.
WARNING: [IP_Flow 19-3664] IP 'design_1_LocationFSM_0_0' generated file not found 'c:/Users/stefa/iCloudDrive/ASU/Spring 2020/CSE_320/Labs_New/Lab3/CSE320-Marth-Lab3/CSE320-Marth-Lab3.srcs/sources_1/bd/design_1/ip/design_1_LocationFSM_0_0/src/LocationFSM_Q1_1/LocationFSM_Q1_1.xci'. Please regenerate to continue.
WARNING: [IP_Flow 19-3664] IP 'design_1_LocationFSM_0_0' generated file not found 'c:/Users/stefa/iCloudDrive/ASU/Spring 2020/CSE_320/Labs_New/Lab3/CSE320-Marth-Lab3/CSE320-Marth-Lab3.srcs/sources_1/bd/design_1/ip/design_1_LocationFSM_0_0/src/LocationFSM_Q1_2/LocationFSM_Q1_2.xci'. Please regenerate to continue.
WARNING: [IP_Flow 19-3664] IP 'design_1_LocationFSM_0_0' generated file not found 'c:/Users/stefa/iCloudDrive/ASU/Spring 2020/CSE_320/Labs_New/Lab3/CSE320-Marth-Lab3/CSE320-Marth-Lab3.srcs/sources_1/bd/design_1/ip/design_1_LocationFSM_0_0/src/LocationFSM_Q1_3/LocationFSM_Q1_3.xci'. Please regenerate to continue.
WARNING: [IP_Flow 19-3664] IP 'design_1_LocationFSM_0_0' generated file not found 'c:/Users/stefa/iCloudDrive/ASU/Spring 2020/CSE_320/Labs_New/Lab3/CSE320-Marth-Lab3/CSE320-Marth-Lab3.srcs/sources_1/bd/design_1/ip/design_1_LocationFSM_0_0/src/LocationFSM_Q1_4/LocationFSM_Q1_4.xci'. Please regenerate to continue.
WARNING: [IP_Flow 19-3664] IP 'design_1_LocationFSM_0_0' generated file not found 'c:/Users/stefa/iCloudDrive/ASU/Spring 2020/CSE_320/Labs_New/Lab3/CSE320-Marth-Lab3/CSE320-Marth-Lab3.srcs/sources_1/bd/design_1/ip/design_1_LocationFSM_0_0/src/LocationFSM_xup_inv_0_0/LocationFSM_xup_inv_0_0.xci'. Please regenerate to continue.
WARNING: [IP_Flow 19-3664] IP 'design_1_LocationFSM_0_0' generated file not found 'c:/Users/stefa/iCloudDrive/ASU/Spring 2020/CSE_320/Labs_New/Lab3/CSE320-Marth-Lab3/CSE320-Marth-Lab3.srcs/sources_1/bd/design_1/ip/design_1_LocationFSM_0_0/src/LocationFSM_xup_inv_0_1/LocationFSM_xup_inv_0_1.xci'. Please regenerate to continue.
WARNING: [IP_Flow 19-3664] IP 'design_1_LocationFSM_0_0' generated file not found 'c:/Users/stefa/iCloudDrive/ASU/Spring 2020/CSE_320/Labs_New/Lab3/CSE320-Marth-Lab3/CSE320-Marth-Lab3.srcs/sources_1/bd/design_1/ip/design_1_LocationFSM_0_0/src/LocationFSM_xup_inv_0_2/LocationFSM_xup_inv_0_2.xci'. Please regenerate to continue.
WARNING: [IP_Flow 19-3664] IP 'design_1_LocationFSM_0_0' generated file not found 'c:/Users/stefa/iCloudDrive/ASU/Spring 2020/CSE_320/Labs_New/Lab3/CSE320-Marth-Lab3/CSE320-Marth-Lab3.srcs/sources_1/bd/design_1/ip/design_1_LocationFSM_0_0/src/LocationFSM_xup_inv_0_3/LocationFSM_xup_inv_0_3.xci'. Please regenerate to continue.
WARNING: [IP_Flow 19-3664] IP 'design_1_LocationFSM_0_0' generated file not found 'c:/Users/stefa/iCloudDrive/ASU/Spring 2020/CSE_320/Labs_New/Lab3/CSE320-Marth-Lab3/CSE320-Marth-Lab3.srcs/sources_1/bd/design_1/ip/design_1_LocationFSM_0_0/src/LocationFSM_xup_inv_0_4/LocationFSM_xup_inv_0_4.xci'. Please regenerate to continue.
WARNING: [IP_Flow 19-3664] IP 'design_1_LocationFSM_0_0' generated file not found 'c:/Users/stefa/iCloudDrive/ASU/Spring 2020/CSE_320/Labs_New/Lab3/CSE320-Marth-Lab3/CSE320-Marth-Lab3.srcs/sources_1/bd/design_1/ip/design_1_LocationFSM_0_0/src/LocationFSM_xup_and2_0_0/LocationFSM_xup_and2_0_0.xci'. Please regenerate to continue.
WARNING: [IP_Flow 19-3664] IP 'design_1_LocationFSM_0_0' generated file not found 'c:/Users/stefa/iCloudDrive/ASU/Spring 2020/CSE_320/Labs_New/Lab3/CSE320-Marth-Lab3/CSE320-Marth-Lab3.srcs/sources_1/bd/design_1/ip/design_1_LocationFSM_0_0/src/LocationFSM_xup_or2_0_0/LocationFSM_xup_or2_0_0.xci'. Please regenerate to continue.
WARNING: [IP_Flow 19-3664] IP 'design_1_LocationFSM_0_0' generated file not found 'c:/Users/stefa/iCloudDrive/ASU/Spring 2020/CSE_320/Labs_New/Lab3/CSE320-Marth-Lab3/CSE320-Marth-Lab3.srcs/sources_1/bd/design_1/ip/design_1_LocationFSM_0_0/src/LocationFSM_xup_and2_0_1/LocationFSM_xup_and2_0_1.xci'. Please regenerate to continue.
WARNING: [IP_Flow 19-3664] IP 'design_1_LocationFSM_0_0' generated file not found 'c:/Users/stefa/iCloudDrive/ASU/Spring 2020/CSE_320/Labs_New/Lab3/CSE320-Marth-Lab3/CSE320-Marth-Lab3.srcs/sources_1/bd/design_1/ip/design_1_LocationFSM_0_0/src/LocationFSM_xup_and2_2_0/LocationFSM_xup_and2_2_0.xci'. Please regenerate to continue.
WARNING: [IP_Flow 19-3664] IP 'design_1_LocationFSM_0_0' generated file not found 'c:/Users/stefa/iCloudDrive/ASU/Spring 2020/CSE_320/Labs_New/Lab3/CSE320-Marth-Lab3/CSE320-Marth-Lab3.srcs/sources_1/bd/design_1/ip/design_1_LocationFSM_0_0/src/LocationFSM_xup_and2_2_1/LocationFSM_xup_and2_2_1.xci'. Please regenerate to continue.
WARNING: [IP_Flow 19-3664] IP 'design_1_LocationFSM_0_0' generated file not found 'c:/Users/stefa/iCloudDrive/ASU/Spring 2020/CSE_320/Labs_New/Lab3/CSE320-Marth-Lab3/CSE320-Marth-Lab3.srcs/sources_1/bd/design_1/ip/design_1_LocationFSM_0_0/src/LocationFSM_xup_or3_0_0/LocationFSM_xup_or3_0_0.xci'. Please regenerate to continue.
WARNING: [IP_Flow 19-3664] IP 'design_1_LocationFSM_0_0' generated file not found 'c:/Users/stefa/iCloudDrive/ASU/Spring 2020/CSE_320/Labs_New/Lab3/CSE320-Marth-Lab3/CSE320-Marth-Lab3.srcs/sources_1/bd/design_1/ip/design_1_LocationFSM_0_0/src/LocationFSM_xup_and3_0_0/LocationFSM_xup_and3_0_0.xci'. Please regenerate to continue.
WARNING: [IP_Flow 19-3664] IP 'design_1_LocationFSM_0_0' generated file not found 'c:/Users/stefa/iCloudDrive/ASU/Spring 2020/CSE_320/Labs_New/Lab3/CSE320-Marth-Lab3/CSE320-Marth-Lab3.srcs/sources_1/bd/design_1/ip/design_1_LocationFSM_0_0/src/LocationFSM_xup_and2_4_0/LocationFSM_xup_and2_4_0.xci'. Please regenerate to continue.
WARNING: [IP_Flow 19-3664] IP 'design_1_LocationFSM_0_0' generated file not found 'c:/Users/stefa/iCloudDrive/ASU/Spring 2020/CSE_320/Labs_New/Lab3/CSE320-Marth-Lab3/CSE320-Marth-Lab3.srcs/sources_1/bd/design_1/ip/design_1_LocationFSM_0_0/src/LocationFSM_xup_and4_0_0/LocationFSM_xup_and4_0_0.xci'. Please regenerate to continue.
WARNING: [IP_Flow 19-3664] IP 'design_1_LocationFSM_0_0' generated file not found 'c:/Users/stefa/iCloudDrive/ASU/Spring 2020/CSE_320/Labs_New/Lab3/CSE320-Marth-Lab3/CSE320-Marth-Lab3.srcs/sources_1/bd/design_1/ip/design_1_LocationFSM_0_0/src/LocationFSM_xup_and2_5_0/LocationFSM_xup_and2_5_0.xci'. Please regenerate to continue.
WARNING: [IP_Flow 19-3664] IP 'design_1_LocationFSM_0_0' generated file not found 'c:/Users/stefa/iCloudDrive/ASU/Spring 2020/CSE_320/Labs_New/Lab3/CSE320-Marth-Lab3/CSE320-Marth-Lab3.srcs/sources_1/bd/design_1/ip/design_1_LocationFSM_0_0/src/LocationFSM_xup_or3_1_0/LocationFSM_xup_or3_1_0.xci'. Please regenerate to continue.
WARNING: [IP_Flow 19-3664] IP 'design_1_LocationFSM_0_0' generated file not found 'c:/Users/stefa/iCloudDrive/ASU/Spring 2020/CSE_320/Labs_New/Lab3/CSE320-Marth-Lab3/CSE320-Marth-Lab3.srcs/sources_1/bd/design_1/ip/design_1_LocationFSM_0_0/src/LocationFSM_xup_and2_6_0/LocationFSM_xup_and2_6_0.xci'. Please regenerate to continue.
WARNING: [IP_Flow 19-3664] IP 'design_1_LocationFSM_0_0' generated file not found 'c:/Users/stefa/iCloudDrive/ASU/Spring 2020/CSE_320/Labs_New/Lab3/CSE320-Marth-Lab3/CSE320-Marth-Lab3.srcs/sources_1/bd/design_1/ip/design_1_LocationFSM_0_0/src/LocationFSM_xup_and2_6_1/LocationFSM_xup_and2_6_1.xci'. Please regenerate to continue.
WARNING: [IP_Flow 19-3664] IP 'design_1_LocationFSM_0_0' generated file not found 'c:/Users/stefa/iCloudDrive/ASU/Spring 2020/CSE_320/Labs_New/Lab3/CSE320-Marth-Lab3/CSE320-Marth-Lab3.srcs/sources_1/bd/design_1/ip/design_1_LocationFSM_0_0/src/LocationFSM_xup_or2_1_0/LocationFSM_xup_or2_1_0.xci'. Please regenerate to continue.
WARNING: [IP_Flow 19-3664] IP 'design_1_LocationFSM_0_0' generated file not found 'c:/Users/stefa/iCloudDrive/ASU/Spring 2020/CSE_320/Labs_New/Lab3/CSE320-Marth-Lab3/CSE320-Marth-Lab3.srcs/sources_1/bd/design_1/ip/design_1_LocationFSM_0_0/src/LocationFSM_xup_and2_8_0/LocationFSM_xup_and2_8_0.xci'. Please regenerate to continue.
WARNING: [IP_Flow 19-3664] IP 'design_1_LocationFSM_0_0' generated file not found 'c:/Users/stefa/iCloudDrive/ASU/Spring 2020/CSE_320/Labs_New/Lab3/CSE320-Marth-Lab3/CSE320-Marth-Lab3.srcs/sources_1/bd/design_1/ip/design_1_LocationFSM_0_0/src/LocationFSM_xup_and2_8_1/LocationFSM_xup_and2_8_1.xci'. Please regenerate to continue.
WARNING: [IP_Flow 19-3664] IP 'design_1_LocationFSM_0_0' generated file not found 'c:/Users/stefa/iCloudDrive/ASU/Spring 2020/CSE_320/Labs_New/Lab3/CSE320-Marth-Lab3/CSE320-Marth-Lab3.srcs/sources_1/bd/design_1/ip/design_1_LocationFSM_0_0/src/LocationFSM_xup_or2_2_0/LocationFSM_xup_or2_2_0.xci'. Please regenerate to continue.
WARNING: [IP_Flow 19-3664] IP 'design_1_LocationFSM_0_0' generated file not found 'c:/Users/stefa/iCloudDrive/ASU/Spring 2020/CSE_320/Labs_New/Lab3/CSE320-Marth-Lab3/CSE320-Marth-Lab3.srcs/sources_1/bd/design_1/ip/design_1_LocationFSM_0_0/src/LocationFSM_xup_and2_9_0/LocationFSM_xup_and2_9_0.xci'. Please regenerate to continue.
WARNING: [IP_Flow 19-3664] IP 'design_1_LocationFSM_0_0' generated file not found 'c:/Users/stefa/iCloudDrive/ASU/Spring 2020/CSE_320/Labs_New/Lab3/CSE320-Marth-Lab3/CSE320-Marth-Lab3.srcs/sources_1/bd/design_1/ip/design_1_LocationFSM_0_0/src/LocationFSM_xup_or2_2_1/LocationFSM_xup_or2_2_1.xci'. Please regenerate to continue.
WARNING: [IP_Flow 19-3664] IP 'design_1_LocationFSM_0_0' generated file not found 'c:/Users/stefa/iCloudDrive/ASU/Spring 2020/CSE_320/Labs_New/Lab3/CSE320-Marth-Lab3/CSE320-Marth-Lab3.srcs/sources_1/bd/design_1/ipshared/8809/sim/LocationFSM.v'. Please regenerate to continue.
ERROR: [IP_Flow 19-993] Could not find IP file for IP 'LocationFSM_xup_dff_set_0_0'.
CRITICAL WARNING: [IP_Flow 19-5097] Unable to determine VLNV from IP file; verify it has the correct syntax: 
CRITICAL WARNING: [IP_Flow 19-3577] Failed to recreate IP instance 'design_1_LocationFSM_0_0'. Error during subcore creation.
WARNING: [IP_Flow 19-3664] IP 'design_1_SwordFSM_0_0' generated file not found 'c:/Users/stefa/iCloudDrive/ASU/Spring 2020/CSE_320/Labs_New/Lab3/CSE320-Marth-Lab3/CSE320-Marth-Lab3.srcs/sources_1/bd/design_1/ip/design_1_SwordFSM_0_0/src/SwordFSM_S0_0/SwordFSM_S0_0.xci'. Please regenerate to continue.
WARNING: [IP_Flow 19-3664] IP 'design_1_SwordFSM_0_0' generated file not found 'c:/Users/stefa/iCloudDrive/ASU/Spring 2020/CSE_320/Labs_New/Lab3/CSE320-Marth-Lab3/CSE320-Marth-Lab3.srcs/sources_1/bd/design_1/ip/design_1_SwordFSM_0_0/src/SwordFSM_S1_0/SwordFSM_S1_0.xci'. Please regenerate to continue.
WARNING: [IP_Flow 19-3664] IP 'design_1_SwordFSM_0_0' generated file not found 'c:/Users/stefa/iCloudDrive/ASU/Spring 2020/CSE_320/Labs_New/Lab3/CSE320-Marth-Lab3/CSE320-Marth-Lab3.srcs/sources_1/bd/design_1/ip/design_1_SwordFSM_0_0/src/SwordFSM_xup_and2_0_0/SwordFSM_xup_and2_0_0.xci'. Please regenerate to continue.
WARNING: [IP_Flow 19-3664] IP 'design_1_SwordFSM_0_0' generated file not found 'c:/Users/stefa/iCloudDrive/ASU/Spring 2020/CSE_320/Labs_New/Lab3/CSE320-Marth-Lab3/CSE320-Marth-Lab3.srcs/sources_1/bd/design_1/ip/design_1_SwordFSM_0_0/src/SwordFSM_xup_and2_1_0/SwordFSM_xup_and2_1_0.xci'. Please regenerate to continue.
WARNING: [IP_Flow 19-3664] IP 'design_1_SwordFSM_0_0' generated file not found 'c:/Users/stefa/iCloudDrive/ASU/Spring 2020/CSE_320/Labs_New/Lab3/CSE320-Marth-Lab3/CSE320-Marth-Lab3.srcs/sources_1/bd/design_1/ip/design_1_SwordFSM_0_0/src/SwordFSM_xup_and2_2_0/SwordFSM_xup_and2_2_0.xci'. Please regenerate to continue.
WARNING: [IP_Flow 19-3664] IP 'design_1_SwordFSM_0_0' generated file not found 'c:/Users/stefa/iCloudDrive/ASU/Spring 2020/CSE_320/Labs_New/Lab3/CSE320-Marth-Lab3/CSE320-Marth-Lab3.srcs/sources_1/bd/design_1/ip/design_1_SwordFSM_0_0/src/SwordFSM_xup_inv_0_0/SwordFSM_xup_inv_0_0.xci'. Please regenerate to continue.
WARNING: [IP_Flow 19-3664] IP 'design_1_SwordFSM_0_0' generated file not found 'c:/Users/stefa/iCloudDrive/ASU/Spring 2020/CSE_320/Labs_New/Lab3/CSE320-Marth-Lab3/CSE320-Marth-Lab3.srcs/sources_1/bd/design_1/ip/design_1_SwordFSM_0_0/src/SwordFSM_xup_inv_1_0/SwordFSM_xup_inv_1_0.xci'. Please regenerate to continue.
WARNING: [IP_Flow 19-3664] IP 'design_1_SwordFSM_0_0' generated file not found 'c:/Users/stefa/iCloudDrive/ASU/Spring 2020/CSE_320/Labs_New/Lab3/CSE320-Marth-Lab3/CSE320-Marth-Lab3.srcs/sources_1/bd/design_1/ip/design_1_SwordFSM_0_0/src/SwordFSM_xup_or2_0_0/SwordFSM_xup_or2_0_0.xci'. Please regenerate to continue.
WARNING: [IP_Flow 19-3664] IP 'design_1_SwordFSM_0_0' generated file not found 'c:/Users/stefa/iCloudDrive/ASU/Spring 2020/CSE_320/Labs_New/Lab3/CSE320-Marth-Lab3/CSE320-Marth-Lab3.srcs/sources_1/bd/design_1/ipshared/4fff/src/SwordFSM.v'. Please regenerate to continue.
WARNING: [IP_Flow 19-3664] IP 'design_1_SwordFSM_0_0' generated file not found 'c:/Users/stefa/iCloudDrive/ASU/Spring 2020/CSE_320/Labs_New/Lab3/CSE320-Marth-Lab3/CSE320-Marth-Lab3.srcs/sources_1/bd/design_1/ip/design_1_SwordFSM_0_0/src/SwordFSM_S0_0/SwordFSM_S0_0.xci'. Please regenerate to continue.
WARNING: [IP_Flow 19-3664] IP 'design_1_SwordFSM_0_0' generated file not found 'c:/Users/stefa/iCloudDrive/ASU/Spring 2020/CSE_320/Labs_New/Lab3/CSE320-Marth-Lab3/CSE320-Marth-Lab3.srcs/sources_1/bd/design_1/ip/design_1_SwordFSM_0_0/src/SwordFSM_S1_0/SwordFSM_S1_0.xci'. Please regenerate to continue.
WARNING: [IP_Flow 19-3664] IP 'design_1_SwordFSM_0_0' generated file not found 'c:/Users/stefa/iCloudDrive/ASU/Spring 2020/CSE_320/Labs_New/Lab3/CSE320-Marth-Lab3/CSE320-Marth-Lab3.srcs/sources_1/bd/design_1/ip/design_1_SwordFSM_0_0/src/SwordFSM_xup_and2_0_0/SwordFSM_xup_and2_0_0.xci'. Please regenerate to continue.
WARNING: [IP_Flow 19-3664] IP 'design_1_SwordFSM_0_0' generated file not found 'c:/Users/stefa/iCloudDrive/ASU/Spring 2020/CSE_320/Labs_New/Lab3/CSE320-Marth-Lab3/CSE320-Marth-Lab3.srcs/sources_1/bd/design_1/ip/design_1_SwordFSM_0_0/src/SwordFSM_xup_and2_1_0/SwordFSM_xup_and2_1_0.xci'. Please regenerate to continue.
WARNING: [IP_Flow 19-3664] IP 'design_1_SwordFSM_0_0' generated file not found 'c:/Users/stefa/iCloudDrive/ASU/Spring 2020/CSE_320/Labs_New/Lab3/CSE320-Marth-Lab3/CSE320-Marth-Lab3.srcs/sources_1/bd/design_1/ip/design_1_SwordFSM_0_0/src/SwordFSM_xup_and2_2_0/SwordFSM_xup_and2_2_0.xci'. Please regenerate to continue.
WARNING: [IP_Flow 19-3664] IP 'design_1_SwordFSM_0_0' generated file not found 'c:/Users/stefa/iCloudDrive/ASU/Spring 2020/CSE_320/Labs_New/Lab3/CSE320-Marth-Lab3/CSE320-Marth-Lab3.srcs/sources_1/bd/design_1/ip/design_1_SwordFSM_0_0/src/SwordFSM_xup_inv_0_0/SwordFSM_xup_inv_0_0.xci'. Please regenerate to continue.
WARNING: [IP_Flow 19-3664] IP 'design_1_SwordFSM_0_0' generated file not found 'c:/Users/stefa/iCloudDrive/ASU/Spring 2020/CSE_320/Labs_New/Lab3/CSE320-Marth-Lab3/CSE320-Marth-Lab3.srcs/sources_1/bd/design_1/ip/design_1_SwordFSM_0_0/src/SwordFSM_xup_inv_1_0/SwordFSM_xup_inv_1_0.xci'. Please regenerate to continue.
WARNING: [IP_Flow 19-3664] IP 'design_1_SwordFSM_0_0' generated file not found 'c:/Users/stefa/iCloudDrive/ASU/Spring 2020/CSE_320/Labs_New/Lab3/CSE320-Marth-Lab3/CSE320-Marth-Lab3.srcs/sources_1/bd/design_1/ip/design_1_SwordFSM_0_0/src/SwordFSM_xup_or2_0_0/SwordFSM_xup_or2_0_0.xci'. Please regenerate to continue.
WARNING: [IP_Flow 19-3664] IP 'design_1_SwordFSM_0_0' generated file not found 'c:/Users/stefa/iCloudDrive/ASU/Spring 2020/CSE_320/Labs_New/Lab3/CSE320-Marth-Lab3/CSE320-Marth-Lab3.srcs/sources_1/bd/design_1/ipshared/4fff/sim/SwordFSM.v'. Please regenerate to continue.
ERROR: [IP_Flow 19-993] Could not find IP file for IP 'SwordFSM_S0_0'.
CRITICAL WARNING: [IP_Flow 19-5097] Unable to determine VLNV from IP file; verify it has the correct syntax: 
CRITICAL WARNING: [IP_Flow 19-3577] Failed to recreate IP instance 'design_1_SwordFSM_0_0'. Error during subcore creation.
open_project: Time (s): cpu = 00:00:11 ; elapsed = 00:00:06 . Memory (MB): peak = 939.152 ; gain = 243.520
ERROR: [Common 17-39] 'open_project' failed due to earlier errors.
update_compile_order -fileset sources_1
reset_run synth_1
launch_runs synth_1 -jobs 8
INFO: [IP_Flow 19-4993] Using cached IP synthesis design for IP design_1_Edge_Detector_0_1, cache-ID = 695268eee973cf40; cache size = 0.507 MB.
INFO: [IP_Flow 19-4993] Using cached IP synthesis design for IP design_1_Edge_Detector_0_2, cache-ID = 695268eee973cf40; cache size = 0.507 MB.
INFO: [IP_Flow 19-4993] Using cached IP synthesis design for IP design_1_Edge_Detector_0_3, cache-ID = 695268eee973cf40; cache size = 0.507 MB.
INFO: [IP_Flow 19-5642] Done with IP cache export for multiple IPs
[Wed Mar 18 14:05:02 2020] Launched design_1_LocationFSM_0_0_synth_1, design_1_SwordFSM_0_0_synth_1...
Run output will be captured here:
design_1_LocationFSM_0_0_synth_1: C:/Users/stefa/iCloudDrive/ASU/Spring 2020/CSE_320/Labs_New/Lab3/CSE320-Marth-Lab3/CSE320-Marth-Lab3.runs/design_1_LocationFSM_0_0_synth_1/runme.log
design_1_SwordFSM_0_0_synth_1: C:/Users/stefa/iCloudDrive/ASU/Spring 2020/CSE_320/Labs_New/Lab3/CSE320-Marth-Lab3/CSE320-Marth-Lab3.runs/design_1_SwordFSM_0_0_synth_1/runme.log
[Wed Mar 18 14:05:02 2020] Launched synth_1...
Run output will be captured here: C:/Users/stefa/iCloudDrive/ASU/Spring 2020/CSE_320/Labs_New/Lab3/CSE320-Marth-Lab3/CSE320-Marth-Lab3.runs/synth_1/runme.log
report_ip_status -name ip_status 
report_ip_status -name ip_status 
report_ip_status -name ip_status 
report_ip_status -name ip_status 
close_project
exit
INFO: [Common 17-206] Exiting Vivado at Wed Mar 18 14:06:28 2020...
