#-----------------------------------------------------------
# Vivado v2019.2 (64-bit)
# SW Build 2708876 on Wed Nov  6 21:40:23 MST 2019
# IP Build 2700528 on Thu Nov  7 00:09:20 MST 2019
# Start of session at: Wed Mar 18 14:07:09 2020
# Process ID: 11664
# Current directory: C:/Users/stefa/iCloudDrive/ASU/Spring 2020/CSE_320/Labs_New/Lab3/CSE320-Marth-Lab3
# Command line: vivado.exe -gui_launcher_event rodinguilauncherevent13892 C:\Users\stefa\iCloudDrive\ASU\Spring 2020\CSE_320\Labs_New\Lab3\CSE320-Marth-Lab3\CSE320-Marth-Lab3.xpr
# Log file: C:/Users/stefa/iCloudDrive/ASU/Spring 2020/CSE_320/Labs_New/Lab3/CSE320-Marth-Lab3/vivado.log
# Journal file: C:/Users/stefa/iCloudDrive/ASU/Spring 2020/CSE_320/Labs_New/Lab3/CSE320-Marth-Lab3\vivado.jou
#-----------------------------------------------------------
start_gui
open_project {C:/Users/stefa/iCloudDrive/ASU/Spring 2020/CSE_320/Labs_New/Lab3/CSE320-Marth-Lab3/CSE320-Marth-Lab3.xpr}
INFO: [ProjectBase 1-489] The host OS only allows 260 characters in a normal path. The project is stored in a path with more than 80 characters. If you experience issues with IP, Block Designs, or files not being found, please consider moving the project to a location with a shorter path. Alternately consider using the OS subst command to map part of the path to a drive letter.
Current project path is 'C:/Users/stefa/iCloudDrive/ASU/Spring 2020/CSE_320/Labs_New/Lab3/CSE320-Marth-Lab3'
Scanning sources...
Finished scanning sources
INFO: [IP_Flow 19-234] Refreshing IP repositories
INFO: [IP_Flow 19-1700] Loaded user IP repository 'c:/Users/stefa/iCloudDrive/ASU/Spring 2020/CSE_320/Labs_New/Lab3/CSE320-Marth-Lab3/XUP_LIB'.
INFO: [IP_Flow 19-2313] Loaded Vivado IP repository 'C:/Xilinx/Vivado/2019.2/data/ip'.
WARNING: [IP_Flow 19-3664] IP 'design_1_Edge_Detector_0_1' generated file not found 'c:/Users/stefa/iCloudDrive/ASU/Spring 2020/CSE_320/Labs_New/Lab3/CSE320-Marth-Lab3/CSE320-Marth-Lab3.srcs/sources_1/bd/design_1/ip/design_1_Edge_Detector_0_1/design_1_Edge_Detector_0_1.dcp'. Please regenerate to continue.
WARNING: [IP_Flow 19-3664] IP 'design_1_Edge_Detector_0_2' generated file not found 'c:/Users/stefa/iCloudDrive/ASU/Spring 2020/CSE_320/Labs_New/Lab3/CSE320-Marth-Lab3/CSE320-Marth-Lab3.srcs/sources_1/bd/design_1/ip/design_1_Edge_Detector_0_2/design_1_Edge_Detector_0_2.dcp'. Please regenerate to continue.
WARNING: [IP_Flow 19-3664] IP 'design_1_Edge_Detector_0_3' generated file not found 'c:/Users/stefa/iCloudDrive/ASU/Spring 2020/CSE_320/Labs_New/Lab3/CSE320-Marth-Lab3/CSE320-Marth-Lab3.srcs/sources_1/bd/design_1/ip/design_1_Edge_Detector_0_3/design_1_Edge_Detector_0_3.dcp'. Please regenerate to continue.
WARNING: [IP_Flow 19-3664] IP 'design_1_LocationFSM_0_0' generated file not found 'c:/Users/stefa/iCloudDrive/ASU/Spring 2020/CSE_320/Labs_New/Lab3/CSE320-Marth-Lab3/CSE320-Marth-Lab3.srcs/sources_1/bd/design_1/ip/design_1_LocationFSM_0_0/src/LocationFSM_xup_dff_set_0_0/LocationFSM_xup_dff_set_0_0.xci'. Please regenerate to continue.
WARNING: [IP_Flow 19-3664] IP 'design_1_LocationFSM_0_0' generated file not found 'c:/Users/stefa/iCloudDrive/ASU/Spring 2020/CSE_320/Labs_New/Lab3/CSE320-Marth-Lab3/CSE320-Marth-Lab3.srcs/sources_1/bd/design_1/ip/design_1_LocationFSM_0_0/src/LocationFSM_xup_dff_reset_0_0/LocationFSM_xup_dff_reset_0_0.xci'. Please regenerate to continue.
WARNING: [IP_Flow 19-3664] IP 'design_1_LocationFSM_0_0' generated file not found 'c:/Users/stefa/iCloudDrive/ASU/Spring 2020/CSE_320/Labs_New/Lab3/CSE320-Marth-Lab3/CSE320-Marth-Lab3.srcs/sources_1/bd/design_1/ip/design_1_LocationFSM_0_0/src/LocationFSM_Q1_0/LocationFSM_Q1_0.xci'. Please regenerate to continue.
WARNING: [IP_Flow 19-3664] IP 'design_1_LocationFSM_0_0' generated file not found 'c:/Users/stefa/iCloudDrive/ASU/Spring 2020/CSE_320/Labs_New/Lab3/CSE320-Marth-Lab3/CSE320-Marth-Lab3.srcs/sources_1/bd/design_1/ip/design_1_LocationFSM_0_0/src/LocationFSM_Q1_1/LocationFSM_Q1_1.xci'. Please regenerate to continue.
WARNING: [IP_Flow 19-3664] IP 'design_1_LocationFSM_0_0' generated file not found 'c:/Users/stefa/iCloudDrive/ASU/Spring 2020/CSE_320/Labs_New/Lab3/CSE320-Marth-Lab3/CSE320-Marth-Lab3.srcs/sources_1/bd/design_1/ip/design_1_LocationFSM_0_0/src/LocationFSM_Q1_2/LocationFSM_Q1_2.xci'. Please regenerate to continue.
WARNING: [IP_Flow 19-3664] IP 'design_1_LocationFSM_0_0' generated file not found 'c:/Users/stefa/iCloudDrive/ASU/Spring 2020/CSE_320/Labs_New/Lab3/CSE320-Marth-Lab3/CSE320-Marth-Lab3.srcs/sources_1/bd/design_1/ip/design_1_LocationFSM_0_0/src/LocationFSM_Q1_3/LocationFSM_Q1_3.xci'. Please regenerate to continue.
WARNING: [IP_Flow 19-3664] IP 'design_1_LocationFSM_0_0' generated file not found 'c:/Users/stefa/iCloudDrive/ASU/Spring 2020/CSE_320/Labs_New/Lab3/CSE320-Marth-Lab3/CSE320-Marth-Lab3.srcs/sources_1/bd/design_1/ip/design_1_LocationFSM_0_0/src/LocationFSM_Q1_4/LocationFSM_Q1_4.xci'. Please regenerate to continue.
WARNING: [IP_Flow 19-3664] IP 'design_1_LocationFSM_0_0' generated file not found 'c:/Users/stefa/iCloudDrive/ASU/Spring 2020/CSE_320/Labs_New/Lab3/CSE320-Marth-Lab3/CSE320-Marth-Lab3.srcs/sources_1/bd/design_1/ip/design_1_LocationFSM_0_0/src/LocationFSM_xup_inv_0_0/LocationFSM_xup_inv_0_0.xci'. Please regenerate to continue.
WARNING: [IP_Flow 19-3664] IP 'design_1_LocationFSM_0_0' generated file not found 'c:/Users/stefa/iCloudDrive/ASU/Spring 2020/CSE_320/Labs_New/Lab3/CSE320-Marth-Lab3/CSE320-Marth-Lab3.srcs/sources_1/bd/design_1/ip/design_1_LocationFSM_0_0/src/LocationFSM_xup_inv_0_1/LocationFSM_xup_inv_0_1.xci'. Please regenerate to continue.
WARNING: [IP_Flow 19-3664] IP 'design_1_LocationFSM_0_0' generated file not found 'c:/Users/stefa/iCloudDrive/ASU/Spring 2020/CSE_320/Labs_New/Lab3/CSE320-Marth-Lab3/CSE320-Marth-Lab3.srcs/sources_1/bd/design_1/ip/design_1_LocationFSM_0_0/src/LocationFSM_xup_inv_0_2/LocationFSM_xup_inv_0_2.xci'. Please regenerate to continue.
WARNING: [IP_Flow 19-3664] IP 'design_1_LocationFSM_0_0' generated file not found 'c:/Users/stefa/iCloudDrive/ASU/Spring 2020/CSE_320/Labs_New/Lab3/CSE320-Marth-Lab3/CSE320-Marth-Lab3.srcs/sources_1/bd/design_1/ip/design_1_LocationFSM_0_0/src/LocationFSM_xup_inv_0_3/LocationFSM_xup_inv_0_3.xci'. Please regenerate to continue.
WARNING: [IP_Flow 19-3664] IP 'design_1_LocationFSM_0_0' generated file not found 'c:/Users/stefa/iCloudDrive/ASU/Spring 2020/CSE_320/Labs_New/Lab3/CSE320-Marth-Lab3/CSE320-Marth-Lab3.srcs/sources_1/bd/design_1/ip/design_1_LocationFSM_0_0/src/LocationFSM_xup_inv_0_4/LocationFSM_xup_inv_0_4.xci'. Please regenerate to continue.
WARNING: [IP_Flow 19-3664] IP 'design_1_LocationFSM_0_0' generated file not found 'c:/Users/stefa/iCloudDrive/ASU/Spring 2020/CSE_320/Labs_New/Lab3/CSE320-Marth-Lab3/CSE320-Marth-Lab3.srcs/sources_1/bd/design_1/ip/design_1_LocationFSM_0_0/src/LocationFSM_xup_and2_0_0/LocationFSM_xup_and2_0_0.xci'. Please regenerate to continue.
WARNING: [IP_Flow 19-3664] IP 'design_1_LocationFSM_0_0' generated file not found 'c:/Users/stefa/iCloudDrive/ASU/Spring 2020/CSE_320/Labs_New/Lab3/CSE320-Marth-Lab3/CSE320-Marth-Lab3.srcs/sources_1/bd/design_1/ip/design_1_LocationFSM_0_0/src/LocationFSM_xup_or2_0_0/LocationFSM_xup_or2_0_0.xci'. Please regenerate to continue.
WARNING: [IP_Flow 19-3664] IP 'design_1_LocationFSM_0_0' generated file not found 'c:/Users/stefa/iCloudDrive/ASU/Spring 2020/CSE_320/Labs_New/Lab3/CSE320-Marth-Lab3/CSE320-Marth-Lab3.srcs/sources_1/bd/design_1/ip/design_1_LocationFSM_0_0/src/LocationFSM_xup_and2_0_1/LocationFSM_xup_and2_0_1.xci'. Please regenerate to continue.
WARNING: [IP_Flow 19-3664] IP 'design_1_LocationFSM_0_0' generated file not found 'c:/Users/stefa/iCloudDrive/ASU/Spring 2020/CSE_320/Labs_New/Lab3/CSE320-Marth-Lab3/CSE320-Marth-Lab3.srcs/sources_1/bd/design_1/ip/design_1_LocationFSM_0_0/src/LocationFSM_xup_and2_2_0/LocationFSM_xup_and2_2_0.xci'. Please regenerate to continue.
WARNING: [IP_Flow 19-3664] IP 'design_1_LocationFSM_0_0' generated file not found 'c:/Users/stefa/iCloudDrive/ASU/Spring 2020/CSE_320/Labs_New/Lab3/CSE320-Marth-Lab3/CSE320-Marth-Lab3.srcs/sources_1/bd/design_1/ip/design_1_LocationFSM_0_0/src/LocationFSM_xup_and2_2_1/LocationFSM_xup_and2_2_1.xci'. Please regenerate to continue.
WARNING: [IP_Flow 19-3664] IP 'design_1_LocationFSM_0_0' generated file not found 'c:/Users/stefa/iCloudDrive/ASU/Spring 2020/CSE_320/Labs_New/Lab3/CSE320-Marth-Lab3/CSE320-Marth-Lab3.srcs/sources_1/bd/design_1/ip/design_1_LocationFSM_0_0/src/LocationFSM_xup_or3_0_0/LocationFSM_xup_or3_0_0.xci'. Please regenerate to continue.
WARNING: [IP_Flow 19-3664] IP 'design_1_LocationFSM_0_0' generated file not found 'c:/Users/stefa/iCloudDrive/ASU/Spring 2020/CSE_320/Labs_New/Lab3/CSE320-Marth-Lab3/CSE320-Marth-Lab3.srcs/sources_1/bd/design_1/ip/design_1_LocationFSM_0_0/src/LocationFSM_xup_and3_0_0/LocationFSM_xup_and3_0_0.xci'. Please regenerate to continue.
WARNING: [IP_Flow 19-3664] IP 'design_1_LocationFSM_0_0' generated file not found 'c:/Users/stefa/iCloudDrive/ASU/Spring 2020/CSE_320/Labs_New/Lab3/CSE320-Marth-Lab3/CSE320-Marth-Lab3.srcs/sources_1/bd/design_1/ip/design_1_LocationFSM_0_0/src/LocationFSM_xup_and2_4_0/LocationFSM_xup_and2_4_0.xci'. Please regenerate to continue.
WARNING: [IP_Flow 19-3664] IP 'design_1_LocationFSM_0_0' generated file not found 'c:/Users/stefa/iCloudDrive/ASU/Spring 2020/CSE_320/Labs_New/Lab3/CSE320-Marth-Lab3/CSE320-Marth-Lab3.srcs/sources_1/bd/design_1/ip/design_1_LocationFSM_0_0/src/LocationFSM_xup_and4_0_0/LocationFSM_xup_and4_0_0.xci'. Please regenerate to continue.
WARNING: [IP_Flow 19-3664] IP 'design_1_LocationFSM_0_0' generated file not found 'c:/Users/stefa/iCloudDrive/ASU/Spring 2020/CSE_320/Labs_New/Lab3/CSE320-Marth-Lab3/CSE320-Marth-Lab3.srcs/sources_1/bd/design_1/ip/design_1_LocationFSM_0_0/src/LocationFSM_xup_and2_5_0/LocationFSM_xup_and2_5_0.xci'. Please regenerate to continue.
WARNING: [IP_Flow 19-3664] IP 'design_1_LocationFSM_0_0' generated file not found 'c:/Users/stefa/iCloudDrive/ASU/Spring 2020/CSE_320/Labs_New/Lab3/CSE320-Marth-Lab3/CSE320-Marth-Lab3.srcs/sources_1/bd/design_1/ip/design_1_LocationFSM_0_0/src/LocationFSM_xup_or3_1_0/LocationFSM_xup_or3_1_0.xci'. Please regenerate to continue.
WARNING: [IP_Flow 19-3664] IP 'design_1_LocationFSM_0_0' generated file not found 'c:/Users/stefa/iCloudDrive/ASU/Spring 2020/CSE_320/Labs_New/Lab3/CSE320-Marth-Lab3/CSE320-Marth-Lab3.srcs/sources_1/bd/design_1/ip/design_1_LocationFSM_0_0/src/LocationFSM_xup_and2_6_0/LocationFSM_xup_and2_6_0.xci'. Please regenerate to continue.
WARNING: [IP_Flow 19-3664] IP 'design_1_LocationFSM_0_0' generated file not found 'c:/Users/stefa/iCloudDrive/ASU/Spring 2020/CSE_320/Labs_New/Lab3/CSE320-Marth-Lab3/CSE320-Marth-Lab3.srcs/sources_1/bd/design_1/ip/design_1_LocationFSM_0_0/src/LocationFSM_xup_and2_6_1/LocationFSM_xup_and2_6_1.xci'. Please regenerate to continue.
WARNING: [IP_Flow 19-3664] IP 'design_1_LocationFSM_0_0' generated file not found 'c:/Users/stefa/iCloudDrive/ASU/Spring 2020/CSE_320/Labs_New/Lab3/CSE320-Marth-Lab3/CSE320-Marth-Lab3.srcs/sources_1/bd/design_1/ip/design_1_LocationFSM_0_0/src/LocationFSM_xup_or2_1_0/LocationFSM_xup_or2_1_0.xci'. Please regenerate to continue.
WARNING: [IP_Flow 19-3664] IP 'design_1_LocationFSM_0_0' generated file not found 'c:/Users/stefa/iCloudDrive/ASU/Spring 2020/CSE_320/Labs_New/Lab3/CSE320-Marth-Lab3/CSE320-Marth-Lab3.srcs/sources_1/bd/design_1/ip/design_1_LocationFSM_0_0/src/LocationFSM_xup_and2_8_0/LocationFSM_xup_and2_8_0.xci'. Please regenerate to continue.
WARNING: [IP_Flow 19-3664] IP 'design_1_LocationFSM_0_0' generated file not found 'c:/Users/stefa/iCloudDrive/ASU/Spring 2020/CSE_320/Labs_New/Lab3/CSE320-Marth-Lab3/CSE320-Marth-Lab3.srcs/sources_1/bd/design_1/ip/design_1_LocationFSM_0_0/src/LocationFSM_xup_and2_8_1/LocationFSM_xup_and2_8_1.xci'. Please regenerate to continue.
WARNING: [IP_Flow 19-3664] IP 'design_1_LocationFSM_0_0' generated file not found 'c:/Users/stefa/iCloudDrive/ASU/Spring 2020/CSE_320/Labs_New/Lab3/CSE320-Marth-Lab3/CSE320-Marth-Lab3.srcs/sources_1/bd/design_1/ip/design_1_LocationFSM_0_0/src/LocationFSM_xup_or2_2_0/LocationFSM_xup_or2_2_0.xci'. Please regenerate to continue.
WARNING: [IP_Flow 19-3664] IP 'design_1_LocationFSM_0_0' generated file not found 'c:/Users/stefa/iCloudDrive/ASU/Spring 2020/CSE_320/Labs_New/Lab3/CSE320-Marth-Lab3/CSE320-Marth-Lab3.srcs/sources_1/bd/design_1/ip/design_1_LocationFSM_0_0/src/LocationFSM_xup_and2_9_0/LocationFSM_xup_and2_9_0.xci'. Please regenerate to continue.
WARNING: [IP_Flow 19-3664] IP 'design_1_LocationFSM_0_0' generated file not found 'c:/Users/stefa/iCloudDrive/ASU/Spring 2020/CSE_320/Labs_New/Lab3/CSE320-Marth-Lab3/CSE320-Marth-Lab3.srcs/sources_1/bd/design_1/ip/design_1_LocationFSM_0_0/src/LocationFSM_xup_or2_2_1/LocationFSM_xup_or2_2_1.xci'. Please regenerate to continue.
WARNING: [IP_Flow 19-3664] IP 'design_1_LocationFSM_0_0' generated file not found 'c:/Users/stefa/iCloudDrive/ASU/Spring 2020/CSE_320/Labs_New/Lab3/CSE320-Marth-Lab3/CSE320-Marth-Lab3.srcs/sources_1/bd/design_1/ipshared/8809/src/LocationFSM.v'. Please regenerate to continue.
WARNING: [IP_Flow 19-3664] IP 'design_1_LocationFSM_0_0' generated file not found 'c:/Users/stefa/iCloudDrive/ASU/Spring 2020/CSE_320/Labs_New/Lab3/CSE320-Marth-Lab3/CSE320-Marth-Lab3.srcs/sources_1/bd/design_1/ip/design_1_LocationFSM_0_0/src/LocationFSM_xup_dff_set_0_0/LocationFSM_xup_dff_set_0_0.xci'. Please regenerate to continue.
WARNING: [IP_Flow 19-3664] IP 'design_1_LocationFSM_0_0' generated file not found 'c:/Users/stefa/iCloudDrive/ASU/Spring 2020/CSE_320/Labs_New/Lab3/CSE320-Marth-Lab3/CSE320-Marth-Lab3.srcs/sources_1/bd/design_1/ip/design_1_LocationFSM_0_0/src/LocationFSM_xup_dff_reset_0_0/LocationFSM_xup_dff_reset_0_0.xci'. Please regenerate to continue.
WARNING: [IP_Flow 19-3664] IP 'design_1_LocationFSM_0_0' generated file not found 'c:/Users/stefa/iCloudDrive/ASU/Spring 2020/CSE_320/Labs_New/Lab3/CSE320-Marth-Lab3/CSE320-Marth-Lab3.srcs/sources_1/bd/design_1/ip/design_1_LocationFSM_0_0/src/LocationFSM_Q1_0/LocationFSM_Q1_0.xci'. Please regenerate to continue.
WARNING: [IP_Flow 19-3664] IP 'design_1_LocationFSM_0_0' generated file not found 'c:/Users/stefa/iCloudDrive/ASU/Spring 2020/CSE_320/Labs_New/Lab3/CSE320-Marth-Lab3/CSE320-Marth-Lab3.srcs/sources_1/bd/design_1/ip/design_1_LocationFSM_0_0/src/LocationFSM_Q1_1/LocationFSM_Q1_1.xci'. Please regenerate to continue.
WARNING: [IP_Flow 19-3664] IP 'design_1_LocationFSM_0_0' generated file not found 'c:/Users/stefa/iCloudDrive/ASU/Spring 2020/CSE_320/Labs_New/Lab3/CSE320-Marth-Lab3/CSE320-Marth-Lab3.srcs/sources_1/bd/design_1/ip/design_1_LocationFSM_0_0/src/LocationFSM_Q1_2/LocationFSM_Q1_2.xci'. Please regenerate to continue.
WARNING: [IP_Flow 19-3664] IP 'design_1_LocationFSM_0_0' generated file not found 'c:/Users/stefa/iCloudDrive/ASU/Spring 2020/CSE_320/Labs_New/Lab3/CSE320-Marth-Lab3/CSE320-Marth-Lab3.srcs/sources_1/bd/design_1/ip/design_1_LocationFSM_0_0/src/LocationFSM_Q1_3/LocationFSM_Q1_3.xci'. Please regenerate to continue.
WARNING: [IP_Flow 19-3664] IP 'design_1_LocationFSM_0_0' generated file not found 'c:/Users/stefa/iCloudDrive/ASU/Spring 2020/CSE_320/Labs_New/Lab3/CSE320-Marth-Lab3/CSE320-Marth-Lab3.srcs/sources_1/bd/design_1/ip/design_1_LocationFSM_0_0/src/LocationFSM_Q1_4/LocationFSM_Q1_4.xci'. Please regenerate to continue.
WARNING: [IP_Flow 19-3664] IP 'design_1_LocationFSM_0_0' generated file not found 'c:/Users/stefa/iCloudDrive/ASU/Spring 2020/CSE_320/Labs_New/Lab3/CSE320-Marth-Lab3/CSE320-Marth-Lab3.srcs/sources_1/bd/design_1/ip/design_1_LocationFSM_0_0/src/LocationFSM_xup_inv_0_0/LocationFSM_xup_inv_0_0.xci'. Please regenerate to continue.
WARNING: [IP_Flow 19-3664] IP 'design_1_LocationFSM_0_0' generated file not found 'c:/Users/stefa/iCloudDrive/ASU/Spring 2020/CSE_320/Labs_New/Lab3/CSE320-Marth-Lab3/CSE320-Marth-Lab3.srcs/sources_1/bd/design_1/ip/design_1_LocationFSM_0_0/src/LocationFSM_xup_inv_0_1/LocationFSM_xup_inv_0_1.xci'. Please regenerate to continue.
WARNING: [IP_Flow 19-3664] IP 'design_1_LocationFSM_0_0' generated file not found 'c:/Users/stefa/iCloudDrive/ASU/Spring 2020/CSE_320/Labs_New/Lab3/CSE320-Marth-Lab3/CSE320-Marth-Lab3.srcs/sources_1/bd/design_1/ip/design_1_LocationFSM_0_0/src/LocationFSM_xup_inv_0_2/LocationFSM_xup_inv_0_2.xci'. Please regenerate to continue.
WARNING: [IP_Flow 19-3664] IP 'design_1_LocationFSM_0_0' generated file not found 'c:/Users/stefa/iCloudDrive/ASU/Spring 2020/CSE_320/Labs_New/Lab3/CSE320-Marth-Lab3/CSE320-Marth-Lab3.srcs/sources_1/bd/design_1/ip/design_1_LocationFSM_0_0/src/LocationFSM_xup_inv_0_3/LocationFSM_xup_inv_0_3.xci'. Please regenerate to continue.
WARNING: [IP_Flow 19-3664] IP 'design_1_LocationFSM_0_0' generated file not found 'c:/Users/stefa/iCloudDrive/ASU/Spring 2020/CSE_320/Labs_New/Lab3/CSE320-Marth-Lab3/CSE320-Marth-Lab3.srcs/sources_1/bd/design_1/ip/design_1_LocationFSM_0_0/src/LocationFSM_xup_inv_0_4/LocationFSM_xup_inv_0_4.xci'. Please regenerate to continue.
WARNING: [IP_Flow 19-3664] IP 'design_1_LocationFSM_0_0' generated file not found 'c:/Users/stefa/iCloudDrive/ASU/Spring 2020/CSE_320/Labs_New/Lab3/CSE320-Marth-Lab3/CSE320-Marth-Lab3.srcs/sources_1/bd/design_1/ip/design_1_LocationFSM_0_0/src/LocationFSM_xup_and2_0_0/LocationFSM_xup_and2_0_0.xci'. Please regenerate to continue.
WARNING: [IP_Flow 19-3664] IP 'design_1_LocationFSM_0_0' generated file not found 'c:/Users/stefa/iCloudDrive/ASU/Spring 2020/CSE_320/Labs_New/Lab3/CSE320-Marth-Lab3/CSE320-Marth-Lab3.srcs/sources_1/bd/design_1/ip/design_1_LocationFSM_0_0/src/LocationFSM_xup_or2_0_0/LocationFSM_xup_or2_0_0.xci'. Please regenerate to continue.
WARNING: [IP_Flow 19-3664] IP 'design_1_LocationFSM_0_0' generated file not found 'c:/Users/stefa/iCloudDrive/ASU/Spring 2020/CSE_320/Labs_New/Lab3/CSE320-Marth-Lab3/CSE320-Marth-Lab3.srcs/sources_1/bd/design_1/ip/design_1_LocationFSM_0_0/src/LocationFSM_xup_and2_0_1/LocationFSM_xup_and2_0_1.xci'. Please regenerate to continue.
WARNING: [IP_Flow 19-3664] IP 'design_1_LocationFSM_0_0' generated file not found 'c:/Users/stefa/iCloudDrive/ASU/Spring 2020/CSE_320/Labs_New/Lab3/CSE320-Marth-Lab3/CSE320-Marth-Lab3.srcs/sources_1/bd/design_1/ip/design_1_LocationFSM_0_0/src/LocationFSM_xup_and2_2_0/LocationFSM_xup_and2_2_0.xci'. Please regenerate to continue.
WARNING: [IP_Flow 19-3664] IP 'design_1_LocationFSM_0_0' generated file not found 'c:/Users/stefa/iCloudDrive/ASU/Spring 2020/CSE_320/Labs_New/Lab3/CSE320-Marth-Lab3/CSE320-Marth-Lab3.srcs/sources_1/bd/design_1/ip/design_1_LocationFSM_0_0/src/LocationFSM_xup_and2_2_1/LocationFSM_xup_and2_2_1.xci'. Please regenerate to continue.
WARNING: [IP_Flow 19-3664] IP 'design_1_LocationFSM_0_0' generated file not found 'c:/Users/stefa/iCloudDrive/ASU/Spring 2020/CSE_320/Labs_New/Lab3/CSE320-Marth-Lab3/CSE320-Marth-Lab3.srcs/sources_1/bd/design_1/ip/design_1_LocationFSM_0_0/src/LocationFSM_xup_or3_0_0/LocationFSM_xup_or3_0_0.xci'. Please regenerate to continue.
WARNING: [IP_Flow 19-3664] IP 'design_1_LocationFSM_0_0' generated file not found 'c:/Users/stefa/iCloudDrive/ASU/Spring 2020/CSE_320/Labs_New/Lab3/CSE320-Marth-Lab3/CSE320-Marth-Lab3.srcs/sources_1/bd/design_1/ip/design_1_LocationFSM_0_0/src/LocationFSM_xup_and3_0_0/LocationFSM_xup_and3_0_0.xci'. Please regenerate to continue.
WARNING: [IP_Flow 19-3664] IP 'design_1_LocationFSM_0_0' generated file not found 'c:/Users/stefa/iCloudDrive/ASU/Spring 2020/CSE_320/Labs_New/Lab3/CSE320-Marth-Lab3/CSE320-Marth-Lab3.srcs/sources_1/bd/design_1/ip/design_1_LocationFSM_0_0/src/LocationFSM_xup_and2_4_0/LocationFSM_xup_and2_4_0.xci'. Please regenerate to continue.
WARNING: [IP_Flow 19-3664] IP 'design_1_LocationFSM_0_0' generated file not found 'c:/Users/stefa/iCloudDrive/ASU/Spring 2020/CSE_320/Labs_New/Lab3/CSE320-Marth-Lab3/CSE320-Marth-Lab3.srcs/sources_1/bd/design_1/ip/design_1_LocationFSM_0_0/src/LocationFSM_xup_and4_0_0/LocationFSM_xup_and4_0_0.xci'. Please regenerate to continue.
WARNING: [IP_Flow 19-3664] IP 'design_1_LocationFSM_0_0' generated file not found 'c:/Users/stefa/iCloudDrive/ASU/Spring 2020/CSE_320/Labs_New/Lab3/CSE320-Marth-Lab3/CSE320-Marth-Lab3.srcs/sources_1/bd/design_1/ip/design_1_LocationFSM_0_0/src/LocationFSM_xup_and2_5_0/LocationFSM_xup_and2_5_0.xci'. Please regenerate to continue.
WARNING: [IP_Flow 19-3664] IP 'design_1_LocationFSM_0_0' generated file not found 'c:/Users/stefa/iCloudDrive/ASU/Spring 2020/CSE_320/Labs_New/Lab3/CSE320-Marth-Lab3/CSE320-Marth-Lab3.srcs/sources_1/bd/design_1/ip/design_1_LocationFSM_0_0/src/LocationFSM_xup_or3_1_0/LocationFSM_xup_or3_1_0.xci'. Please regenerate to continue.
WARNING: [IP_Flow 19-3664] IP 'design_1_LocationFSM_0_0' generated file not found 'c:/Users/stefa/iCloudDrive/ASU/Spring 2020/CSE_320/Labs_New/Lab3/CSE320-Marth-Lab3/CSE320-Marth-Lab3.srcs/sources_1/bd/design_1/ip/design_1_LocationFSM_0_0/src/LocationFSM_xup_and2_6_0/LocationFSM_xup_and2_6_0.xci'. Please regenerate to continue.
WARNING: [IP_Flow 19-3664] IP 'design_1_LocationFSM_0_0' generated file not found 'c:/Users/stefa/iCloudDrive/ASU/Spring 2020/CSE_320/Labs_New/Lab3/CSE320-Marth-Lab3/CSE320-Marth-Lab3.srcs/sources_1/bd/design_1/ip/design_1_LocationFSM_0_0/src/LocationFSM_xup_and2_6_1/LocationFSM_xup_and2_6_1.xci'. Please regenerate to continue.
WARNING: [IP_Flow 19-3664] IP 'design_1_LocationFSM_0_0' generated file not found 'c:/Users/stefa/iCloudDrive/ASU/Spring 2020/CSE_320/Labs_New/Lab3/CSE320-Marth-Lab3/CSE320-Marth-Lab3.srcs/sources_1/bd/design_1/ip/design_1_LocationFSM_0_0/src/LocationFSM_xup_or2_1_0/LocationFSM_xup_or2_1_0.xci'. Please regenerate to continue.
WARNING: [IP_Flow 19-3664] IP 'design_1_LocationFSM_0_0' generated file not found 'c:/Users/stefa/iCloudDrive/ASU/Spring 2020/CSE_320/Labs_New/Lab3/CSE320-Marth-Lab3/CSE320-Marth-Lab3.srcs/sources_1/bd/design_1/ip/design_1_LocationFSM_0_0/src/LocationFSM_xup_and2_8_0/LocationFSM_xup_and2_8_0.xci'. Please regenerate to continue.
WARNING: [IP_Flow 19-3664] IP 'design_1_LocationFSM_0_0' generated file not found 'c:/Users/stefa/iCloudDrive/ASU/Spring 2020/CSE_320/Labs_New/Lab3/CSE320-Marth-Lab3/CSE320-Marth-Lab3.srcs/sources_1/bd/design_1/ip/design_1_LocationFSM_0_0/src/LocationFSM_xup_and2_8_1/LocationFSM_xup_and2_8_1.xci'. Please regenerate to continue.
WARNING: [IP_Flow 19-3664] IP 'design_1_LocationFSM_0_0' generated file not found 'c:/Users/stefa/iCloudDrive/ASU/Spring 2020/CSE_320/Labs_New/Lab3/CSE320-Marth-Lab3/CSE320-Marth-Lab3.srcs/sources_1/bd/design_1/ip/design_1_LocationFSM_0_0/src/LocationFSM_xup_or2_2_0/LocationFSM_xup_or2_2_0.xci'. Please regenerate to continue.
WARNING: [IP_Flow 19-3664] IP 'design_1_LocationFSM_0_0' generated file not found 'c:/Users/stefa/iCloudDrive/ASU/Spring 2020/CSE_320/Labs_New/Lab3/CSE320-Marth-Lab3/CSE320-Marth-Lab3.srcs/sources_1/bd/design_1/ip/design_1_LocationFSM_0_0/src/LocationFSM_xup_and2_9_0/LocationFSM_xup_and2_9_0.xci'. Please regenerate to continue.
WARNING: [IP_Flow 19-3664] IP 'design_1_LocationFSM_0_0' generated file not found 'c:/Users/stefa/iCloudDrive/ASU/Spring 2020/CSE_320/Labs_New/Lab3/CSE320-Marth-Lab3/CSE320-Marth-Lab3.srcs/sources_1/bd/design_1/ip/design_1_LocationFSM_0_0/src/LocationFSM_xup_or2_2_1/LocationFSM_xup_or2_2_1.xci'. Please regenerate to continue.
WARNING: [IP_Flow 19-3664] IP 'design_1_LocationFSM_0_0' generated file not found 'c:/Users/stefa/iCloudDrive/ASU/Spring 2020/CSE_320/Labs_New/Lab3/CSE320-Marth-Lab3/CSE320-Marth-Lab3.srcs/sources_1/bd/design_1/ipshared/8809/sim/LocationFSM.v'. Please regenerate to continue.
ERROR: [IP_Flow 19-993] Could not find IP file for IP 'LocationFSM_xup_dff_set_0_0'.
CRITICAL WARNING: [IP_Flow 19-5097] Unable to determine VLNV from IP file; verify it has the correct syntax: 
CRITICAL WARNING: [IP_Flow 19-3577] Failed to recreate IP instance 'design_1_LocationFSM_0_0'. Error during subcore creation.
WARNING: [IP_Flow 19-3664] IP 'design_1_SwordFSM_0_0' generated file not found 'c:/Users/stefa/iCloudDrive/ASU/Spring 2020/CSE_320/Labs_New/Lab3/CSE320-Marth-Lab3/CSE320-Marth-Lab3.srcs/sources_1/bd/design_1/ip/design_1_SwordFSM_0_0/src/SwordFSM_S0_0/SwordFSM_S0_0.xci'. Please regenerate to continue.
WARNING: [IP_Flow 19-3664] IP 'design_1_SwordFSM_0_0' generated file not found 'c:/Users/stefa/iCloudDrive/ASU/Spring 2020/CSE_320/Labs_New/Lab3/CSE320-Marth-Lab3/CSE320-Marth-Lab3.srcs/sources_1/bd/design_1/ip/design_1_SwordFSM_0_0/src/SwordFSM_S1_0/SwordFSM_S1_0.xci'. Please regenerate to continue.
WARNING: [IP_Flow 19-3664] IP 'design_1_SwordFSM_0_0' generated file not found 'c:/Users/stefa/iCloudDrive/ASU/Spring 2020/CSE_320/Labs_New/Lab3/CSE320-Marth-Lab3/CSE320-Marth-Lab3.srcs/sources_1/bd/design_1/ip/design_1_SwordFSM_0_0/src/SwordFSM_xup_and2_0_0/SwordFSM_xup_and2_0_0.xci'. Please regenerate to continue.
WARNING: [IP_Flow 19-3664] IP 'design_1_SwordFSM_0_0' generated file not found 'c:/Users/stefa/iCloudDrive/ASU/Spring 2020/CSE_320/Labs_New/Lab3/CSE320-Marth-Lab3/CSE320-Marth-Lab3.srcs/sources_1/bd/design_1/ip/design_1_SwordFSM_0_0/src/SwordFSM_xup_and2_1_0/SwordFSM_xup_and2_1_0.xci'. Please regenerate to continue.
WARNING: [IP_Flow 19-3664] IP 'design_1_SwordFSM_0_0' generated file not found 'c:/Users/stefa/iCloudDrive/ASU/Spring 2020/CSE_320/Labs_New/Lab3/CSE320-Marth-Lab3/CSE320-Marth-Lab3.srcs/sources_1/bd/design_1/ip/design_1_SwordFSM_0_0/src/SwordFSM_xup_and2_2_0/SwordFSM_xup_and2_2_0.xci'. Please regenerate to continue.
WARNING: [IP_Flow 19-3664] IP 'design_1_SwordFSM_0_0' generated file not found 'c:/Users/stefa/iCloudDrive/ASU/Spring 2020/CSE_320/Labs_New/Lab3/CSE320-Marth-Lab3/CSE320-Marth-Lab3.srcs/sources_1/bd/design_1/ip/design_1_SwordFSM_0_0/src/SwordFSM_xup_inv_0_0/SwordFSM_xup_inv_0_0.xci'. Please regenerate to continue.
WARNING: [IP_Flow 19-3664] IP 'design_1_SwordFSM_0_0' generated file not found 'c:/Users/stefa/iCloudDrive/ASU/Spring 2020/CSE_320/Labs_New/Lab3/CSE320-Marth-Lab3/CSE320-Marth-Lab3.srcs/sources_1/bd/design_1/ip/design_1_SwordFSM_0_0/src/SwordFSM_xup_inv_1_0/SwordFSM_xup_inv_1_0.xci'. Please regenerate to continue.
WARNING: [IP_Flow 19-3664] IP 'design_1_SwordFSM_0_0' generated file not found 'c:/Users/stefa/iCloudDrive/ASU/Spring 2020/CSE_320/Labs_New/Lab3/CSE320-Marth-Lab3/CSE320-Marth-Lab3.srcs/sources_1/bd/design_1/ip/design_1_SwordFSM_0_0/src/SwordFSM_xup_or2_0_0/SwordFSM_xup_or2_0_0.xci'. Please regenerate to continue.
WARNING: [IP_Flow 19-3664] IP 'design_1_SwordFSM_0_0' generated file not found 'c:/Users/stefa/iCloudDrive/ASU/Spring 2020/CSE_320/Labs_New/Lab3/CSE320-Marth-Lab3/CSE320-Marth-Lab3.srcs/sources_1/bd/design_1/ipshared/4fff/src/SwordFSM.v'. Please regenerate to continue.
WARNING: [IP_Flow 19-3664] IP 'design_1_SwordFSM_0_0' generated file not found 'c:/Users/stefa/iCloudDrive/ASU/Spring 2020/CSE_320/Labs_New/Lab3/CSE320-Marth-Lab3/CSE320-Marth-Lab3.srcs/sources_1/bd/design_1/ip/design_1_SwordFSM_0_0/src/SwordFSM_S0_0/SwordFSM_S0_0.xci'. Please regenerate to continue.
WARNING: [IP_Flow 19-3664] IP 'design_1_SwordFSM_0_0' generated file not found 'c:/Users/stefa/iCloudDrive/ASU/Spring 2020/CSE_320/Labs_New/Lab3/CSE320-Marth-Lab3/CSE320-Marth-Lab3.srcs/sources_1/bd/design_1/ip/design_1_SwordFSM_0_0/src/SwordFSM_S1_0/SwordFSM_S1_0.xci'. Please regenerate to continue.
WARNING: [IP_Flow 19-3664] IP 'design_1_SwordFSM_0_0' generated file not found 'c:/Users/stefa/iCloudDrive/ASU/Spring 2020/CSE_320/Labs_New/Lab3/CSE320-Marth-Lab3/CSE320-Marth-Lab3.srcs/sources_1/bd/design_1/ip/design_1_SwordFSM_0_0/src/SwordFSM_xup_and2_0_0/SwordFSM_xup_and2_0_0.xci'. Please regenerate to continue.
WARNING: [IP_Flow 19-3664] IP 'design_1_SwordFSM_0_0' generated file not found 'c:/Users/stefa/iCloudDrive/ASU/Spring 2020/CSE_320/Labs_New/Lab3/CSE320-Marth-Lab3/CSE320-Marth-Lab3.srcs/sources_1/bd/design_1/ip/design_1_SwordFSM_0_0/src/SwordFSM_xup_and2_1_0/SwordFSM_xup_and2_1_0.xci'. Please regenerate to continue.
WARNING: [IP_Flow 19-3664] IP 'design_1_SwordFSM_0_0' generated file not found 'c:/Users/stefa/iCloudDrive/ASU/Spring 2020/CSE_320/Labs_New/Lab3/CSE320-Marth-Lab3/CSE320-Marth-Lab3.srcs/sources_1/bd/design_1/ip/design_1_SwordFSM_0_0/src/SwordFSM_xup_and2_2_0/SwordFSM_xup_and2_2_0.xci'. Please regenerate to continue.
WARNING: [IP_Flow 19-3664] IP 'design_1_SwordFSM_0_0' generated file not found 'c:/Users/stefa/iCloudDrive/ASU/Spring 2020/CSE_320/Labs_New/Lab3/CSE320-Marth-Lab3/CSE320-Marth-Lab3.srcs/sources_1/bd/design_1/ip/design_1_SwordFSM_0_0/src/SwordFSM_xup_inv_0_0/SwordFSM_xup_inv_0_0.xci'. Please regenerate to continue.
WARNING: [IP_Flow 19-3664] IP 'design_1_SwordFSM_0_0' generated file not found 'c:/Users/stefa/iCloudDrive/ASU/Spring 2020/CSE_320/Labs_New/Lab3/CSE320-Marth-Lab3/CSE320-Marth-Lab3.srcs/sources_1/bd/design_1/ip/design_1_SwordFSM_0_0/src/SwordFSM_xup_inv_1_0/SwordFSM_xup_inv_1_0.xci'. Please regenerate to continue.
WARNING: [IP_Flow 19-3664] IP 'design_1_SwordFSM_0_0' generated file not found 'c:/Users/stefa/iCloudDrive/ASU/Spring 2020/CSE_320/Labs_New/Lab3/CSE320-Marth-Lab3/CSE320-Marth-Lab3.srcs/sources_1/bd/design_1/ip/design_1_SwordFSM_0_0/src/SwordFSM_xup_or2_0_0/SwordFSM_xup_or2_0_0.xci'. Please regenerate to continue.
WARNING: [IP_Flow 19-3664] IP 'design_1_SwordFSM_0_0' generated file not found 'c:/Users/stefa/iCloudDrive/ASU/Spring 2020/CSE_320/Labs_New/Lab3/CSE320-Marth-Lab3/CSE320-Marth-Lab3.srcs/sources_1/bd/design_1/ipshared/4fff/sim/SwordFSM.v'. Please regenerate to continue.
ERROR: [IP_Flow 19-993] Could not find IP file for IP 'SwordFSM_S0_0'.
CRITICAL WARNING: [IP_Flow 19-5097] Unable to determine VLNV from IP file; verify it has the correct syntax: 
CRITICAL WARNING: [IP_Flow 19-3577] Failed to recreate IP instance 'design_1_SwordFSM_0_0'. Error during subcore creation.
open_project: Time (s): cpu = 00:00:12 ; elapsed = 00:00:06 . Memory (MB): peak = 928.797 ; gain = 232.805
ERROR: [Common 17-39] 'open_project' failed due to earlier errors.
update_compile_order -fileset sources_1
export_ip_user_files -of_objects  [get_files {{C:/Users/stefa/iCloudDrive/ASU/Spring 2020/CSE_320/Labs_New/Lab3/CSE320-Marth-Lab3/CSE320-Marth-Lab3.srcs/sources_1/bd/design_1/hdl/design_1_wrapper.v}}] -no_script -reset -force -quiet
export_ip_user_files -of_objects  [get_files {{C:/Users/stefa/iCloudDrive/ASU/Spring 2020/CSE_320/Labs_New/Lab3/CSE320-Marth-Lab3/CSE320-Marth-Lab3.srcs/sources_1/bd/LocationFSM/hdl/LocationFSM_wrapper.v}}] -no_script -reset -force -quiet
export_ip_user_files -of_objects  [get_files {{C:/Users/stefa/iCloudDrive/ASU/Spring 2020/CSE_320/Labs_New/Lab3/CSE320-Marth-Lab3/CSE320-Marth-Lab3.srcs/sources_1/bd/SwordFSM/hdl/SwordFSM_wrapper.v}}] -no_script -reset -force -quiet
remove_files  {{C:/Users/stefa/iCloudDrive/ASU/Spring 2020/CSE_320/Labs_New/Lab3/CSE320-Marth-Lab3/CSE320-Marth-Lab3.srcs/sources_1/bd/design_1/hdl/design_1_wrapper.v} {C:/Users/stefa/iCloudDrive/ASU/Spring 2020/CSE_320/Labs_New/Lab3/CSE320-Marth-Lab3/CSE320-Marth-Lab3.srcs/sources_1/bd/LocationFSM/hdl/LocationFSM_wrapper.v} {C:/Users/stefa/iCloudDrive/ASU/Spring 2020/CSE_320/Labs_New/Lab3/CSE320-Marth-Lab3/CSE320-Marth-Lab3.srcs/sources_1/bd/SwordFSM/hdl/SwordFSM_wrapper.v}}
update_compile_order -fileset sources_1
config_ip_cache -clear_output_repo
true
reset_target all [get_files  {{C:/Users/stefa/iCloudDrive/ASU/Spring 2020/CSE_320/Labs_New/Lab3/CSE320-Marth-Lab3/CSE320-Marth-Lab3.srcs/sources_1/bd/LocationFSM/LocationFSM.bd} {C:/Users/stefa/iCloudDrive/ASU/Spring 2020/CSE_320/Labs_New/Lab3/CSE320-Marth-Lab3/CSE320-Marth-Lab3.srcs/sources_1/bd/SwordFSM/SwordFSM.bd} {C:/Users/stefa/iCloudDrive/ASU/Spring 2020/CSE_320/Labs_New/Lab3/CSE320-Marth-Lab3/CSE320-Marth-Lab3.srcs/sources_1/bd/design_1/design_1.bd}}]
export_ip_user_files -of_objects  [get_files  {{C:/Users/stefa/iCloudDrive/ASU/Spring 2020/CSE_320/Labs_New/Lab3/CSE320-Marth-Lab3/CSE320-Marth-Lab3.srcs/sources_1/bd/LocationFSM/LocationFSM.bd} {C:/Users/stefa/iCloudDrive/ASU/Spring 2020/CSE_320/Labs_New/Lab3/CSE320-Marth-Lab3/CSE320-Marth-Lab3.srcs/sources_1/bd/SwordFSM/SwordFSM.bd} {C:/Users/stefa/iCloudDrive/ASU/Spring 2020/CSE_320/Labs_New/Lab3/CSE320-Marth-Lab3/CSE320-Marth-Lab3.srcs/sources_1/bd/design_1/design_1.bd}}] -sync -no_script -force -quiet
delete_ip_run [get_files -of_objects [get_fileset sources_1] {{C:/Users/stefa/iCloudDrive/ASU/Spring 2020/CSE_320/Labs_New/Lab3/CSE320-Marth-Lab3/CSE320-Marth-Lab3.srcs/sources_1/bd/design_1/design_1.bd}}]
generate_target all [get_files  {{C:/Users/stefa/iCloudDrive/ASU/Spring 2020/CSE_320/Labs_New/Lab3/CSE320-Marth-Lab3/CSE320-Marth-Lab3.srcs/sources_1/bd/LocationFSM/LocationFSM.bd}}]
INFO: [BD 41-1662] The design 'LocationFSM.bd' is already validated. Therefore parameter propagation will not be re-run.
VHDL Output written to : C:/Users/stefa/iCloudDrive/ASU/Spring 2020/CSE_320/Labs_New/Lab3/CSE320-Marth-Lab3/CSE320-Marth-Lab3.srcs/sources_1/bd/LocationFSM/synth/LocationFSM.v
VHDL Output written to : C:/Users/stefa/iCloudDrive/ASU/Spring 2020/CSE_320/Labs_New/Lab3/CSE320-Marth-Lab3/CSE320-Marth-Lab3.srcs/sources_1/bd/LocationFSM/sim/LocationFSM.v
VHDL Output written to : C:/Users/stefa/iCloudDrive/ASU/Spring 2020/CSE_320/Labs_New/Lab3/CSE320-Marth-Lab3/CSE320-Marth-Lab3.srcs/sources_1/bd/LocationFSM/hdl/LocationFSM_wrapper.v
INFO: [BD 41-1029] Generation completed for the IP Integrator block S0 .
INFO: [BD 41-1029] Generation completed for the IP Integrator block S1 .
INFO: [BD 41-1029] Generation completed for the IP Integrator block S2 .
INFO: [BD 41-1029] Generation completed for the IP Integrator block S3 .
INFO: [BD 41-1029] Generation completed for the IP Integrator block S4 .
INFO: [BD 41-1029] Generation completed for the IP Integrator block S5 .
INFO: [BD 41-1029] Generation completed for the IP Integrator block S6 .
INFO: [BD 41-1029] Generation completed for the IP Integrator block N_inv .
INFO: [BD 41-1029] Generation completed for the IP Integrator block S_inv .
INFO: [BD 41-1029] Generation completed for the IP Integrator block E_inv .
INFO: [BD 41-1029] Generation completed for the IP Integrator block W_inv .
INFO: [BD 41-1029] Generation completed for the IP Integrator block V_inv .
INFO: [BD 41-1029] Generation completed for the IP Integrator block xup_and2_0 .
INFO: [BD 41-1029] Generation completed for the IP Integrator block xup_or2_0 .
INFO: [BD 41-1029] Generation completed for the IP Integrator block xup_and2_1 .
INFO: [BD 41-1029] Generation completed for the IP Integrator block xup_and2_2 .
INFO: [BD 41-1029] Generation completed for the IP Integrator block xup_and2_3 .
INFO: [BD 41-1029] Generation completed for the IP Integrator block xup_or3_0 .
INFO: [BD 41-1029] Generation completed for the IP Integrator block xup_and3_0 .
INFO: [BD 41-1029] Generation completed for the IP Integrator block xup_and2_4 .
INFO: [BD 41-1029] Generation completed for the IP Integrator block xup_and4_0 .
INFO: [BD 41-1029] Generation completed for the IP Integrator block xup_and2_5 .
INFO: [BD 41-1029] Generation completed for the IP Integrator block xup_or3_1 .
INFO: [BD 41-1029] Generation completed for the IP Integrator block xup_and2_6 .
INFO: [BD 41-1029] Generation completed for the IP Integrator block xup_and2_7 .
INFO: [BD 41-1029] Generation completed for the IP Integrator block xup_or2_1 .
INFO: [BD 41-1029] Generation completed for the IP Integrator block xup_and2_8 .
INFO: [BD 41-1029] Generation completed for the IP Integrator block xup_and2_9 .
INFO: [BD 41-1029] Generation completed for the IP Integrator block xup_or2_2 .
INFO: [BD 41-1029] Generation completed for the IP Integrator block xup_and2_10 .
INFO: [BD 41-1029] Generation completed for the IP Integrator block xup_or2_3 .
Exporting to file C:/Users/stefa/iCloudDrive/ASU/Spring 2020/CSE_320/Labs_New/Lab3/CSE320-Marth-Lab3/CSE320-Marth-Lab3.srcs/sources_1/bd/LocationFSM/hw_handoff/LocationFSM.hwh
Generated Block Design Tcl file C:/Users/stefa/iCloudDrive/ASU/Spring 2020/CSE_320/Labs_New/Lab3/CSE320-Marth-Lab3/CSE320-Marth-Lab3.srcs/sources_1/bd/LocationFSM/hw_handoff/LocationFSM_bd.tcl
Generated Hardware Definition File C:/Users/stefa/iCloudDrive/ASU/Spring 2020/CSE_320/Labs_New/Lab3/CSE320-Marth-Lab3/CSE320-Marth-Lab3.srcs/sources_1/bd/LocationFSM/synth/LocationFSM.hwdef
catch { config_ip_cache -export [get_ips -all LocationFSM_xup_dff_set_0_0] }
catch { config_ip_cache -export [get_ips -all LocationFSM_xup_dff_reset_0_0] }
catch { config_ip_cache -export [get_ips -all LocationFSM_Q1_0] }
catch { config_ip_cache -export [get_ips -all LocationFSM_Q1_1] }
catch { config_ip_cache -export [get_ips -all LocationFSM_Q1_2] }
catch { config_ip_cache -export [get_ips -all LocationFSM_Q1_3] }
catch { config_ip_cache -export [get_ips -all LocationFSM_Q1_4] }
catch { config_ip_cache -export [get_ips -all LocationFSM_xup_inv_0_0] }
catch { config_ip_cache -export [get_ips -all LocationFSM_xup_inv_0_1] }
catch { config_ip_cache -export [get_ips -all LocationFSM_xup_inv_0_2] }
catch { config_ip_cache -export [get_ips -all LocationFSM_xup_inv_0_3] }
catch { config_ip_cache -export [get_ips -all LocationFSM_xup_inv_0_4] }
catch { config_ip_cache -export [get_ips -all LocationFSM_xup_and2_0_0] }
catch { config_ip_cache -export [get_ips -all LocationFSM_xup_or2_0_0] }
catch { config_ip_cache -export [get_ips -all LocationFSM_xup_and2_0_1] }
catch { config_ip_cache -export [get_ips -all LocationFSM_xup_and2_2_0] }
catch { config_ip_cache -export [get_ips -all LocationFSM_xup_and2_2_1] }
catch { config_ip_cache -export [get_ips -all LocationFSM_xup_or3_0_0] }
catch { config_ip_cache -export [get_ips -all LocationFSM_xup_and3_0_0] }
catch { config_ip_cache -export [get_ips -all LocationFSM_xup_and2_4_0] }
catch { config_ip_cache -export [get_ips -all LocationFSM_xup_and4_0_0] }
catch { config_ip_cache -export [get_ips -all LocationFSM_xup_and2_5_0] }
catch { config_ip_cache -export [get_ips -all LocationFSM_xup_or3_1_0] }
catch { config_ip_cache -export [get_ips -all LocationFSM_xup_and2_6_0] }
catch { config_ip_cache -export [get_ips -all LocationFSM_xup_and2_6_1] }
catch { config_ip_cache -export [get_ips -all LocationFSM_xup_or2_1_0] }
catch { config_ip_cache -export [get_ips -all LocationFSM_xup_and2_8_0] }
catch { config_ip_cache -export [get_ips -all LocationFSM_xup_and2_8_1] }
catch { config_ip_cache -export [get_ips -all LocationFSM_xup_or2_2_0] }
catch { config_ip_cache -export [get_ips -all LocationFSM_xup_and2_9_0] }
catch { config_ip_cache -export [get_ips -all LocationFSM_xup_or2_2_1] }
export_ip_user_files -of_objects [get_files {{C:/Users/stefa/iCloudDrive/ASU/Spring 2020/CSE_320/Labs_New/Lab3/CSE320-Marth-Lab3/CSE320-Marth-Lab3.srcs/sources_1/bd/LocationFSM/LocationFSM.bd}}] -no_script -sync -force -quiet
create_ip_run [get_files -of_objects [get_fileset sources_1] {{C:/Users/stefa/iCloudDrive/ASU/Spring 2020/CSE_320/Labs_New/Lab3/CSE320-Marth-Lab3/CSE320-Marth-Lab3.srcs/sources_1/bd/LocationFSM/LocationFSM.bd}}]
create_ip_run: Time (s): cpu = 00:00:11 ; elapsed = 00:00:07 . Memory (MB): peak = 1122.797 ; gain = 14.848
launch_runs -jobs 8 {LocationFSM_xup_dff_set_0_0_synth_1 LocationFSM_xup_dff_reset_0_0_synth_1 LocationFSM_Q1_0_synth_1 LocationFSM_Q1_1_synth_1 LocationFSM_Q1_2_synth_1 LocationFSM_Q1_3_synth_1 LocationFSM_Q1_4_synth_1 LocationFSM_xup_inv_0_0_synth_1 LocationFSM_xup_inv_0_1_synth_1 LocationFSM_xup_inv_0_2_synth_1 LocationFSM_xup_inv_0_3_synth_1 LocationFSM_xup_inv_0_4_synth_1 LocationFSM_xup_and2_0_0_synth_1 LocationFSM_xup_or2_0_0_synth_1 LocationFSM_xup_and2_0_1_synth_1 LocationFSM_xup_and2_2_0_synth_1 LocationFSM_xup_and2_2_1_synth_1 LocationFSM_xup_or3_0_0_synth_1 LocationFSM_xup_and3_0_0_synth_1 LocationFSM_xup_and2_4_0_synth_1 LocationFSM_xup_and4_0_0_synth_1 LocationFSM_xup_and2_5_0_synth_1 LocationFSM_xup_or3_1_0_synth_1 LocationFSM_xup_and2_6_0_synth_1 LocationFSM_xup_and2_6_1_synth_1 LocationFSM_xup_or2_1_0_synth_1 LocationFSM_xup_and2_8_0_synth_1 LocationFSM_xup_and2_8_1_synth_1 LocationFSM_xup_or2_2_0_synth_1 LocationFSM_xup_and2_9_0_synth_1 LocationFSM_xup_or2_2_1_synth_1}
[Wed Mar 18 14:11:06 2020] Launched LocationFSM_xup_dff_set_0_0_synth_1, LocationFSM_xup_dff_reset_0_0_synth_1, LocationFSM_Q1_0_synth_1, LocationFSM_Q1_1_synth_1, LocationFSM_Q1_2_synth_1, LocationFSM_Q1_3_synth_1, LocationFSM_Q1_4_synth_1, LocationFSM_xup_inv_0_0_synth_1, LocationFSM_xup_inv_0_1_synth_1, LocationFSM_xup_inv_0_2_synth_1, LocationFSM_xup_inv_0_3_synth_1, LocationFSM_xup_inv_0_4_synth_1, LocationFSM_xup_and2_0_0_synth_1, LocationFSM_xup_or2_0_0_synth_1, LocationFSM_xup_and2_0_1_synth_1, LocationFSM_xup_and2_2_0_synth_1, LocationFSM_xup_and2_2_1_synth_1, LocationFSM_xup_or3_0_0_synth_1, LocationFSM_xup_and3_0_0_synth_1, LocationFSM_xup_and2_4_0_synth_1, LocationFSM_xup_and4_0_0_synth_1, LocationFSM_xup_and2_5_0_synth_1, LocationFSM_xup_or3_1_0_synth_1, LocationFSM_xup_and2_6_0_synth_1, LocationFSM_xup_and2_6_1_synth_1, LocationFSM_xup_or2_1_0_synth_1, LocationFSM_xup_and2_8_0_synth_1, LocationFSM_xup_and2_8_1_synth_1, LocationFSM_xup_or2_2_0_synth_1, LocationFSM_xup_and2_9_0_synth_1, LocationFSM_xup_or2_2_1_synth_1...
Run output will be captured here:
LocationFSM_xup_dff_set_0_0_synth_1: C:/Users/stefa/iCloudDrive/ASU/Spring 2020/CSE_320/Labs_New/Lab3/CSE320-Marth-Lab3/CSE320-Marth-Lab3.runs/LocationFSM_xup_dff_set_0_0_synth_1/runme.log
LocationFSM_xup_dff_reset_0_0_synth_1: C:/Users/stefa/iCloudDrive/ASU/Spring 2020/CSE_320/Labs_New/Lab3/CSE320-Marth-Lab3/CSE320-Marth-Lab3.runs/LocationFSM_xup_dff_reset_0_0_synth_1/runme.log
LocationFSM_Q1_0_synth_1: C:/Users/stefa/iCloudDrive/ASU/Spring 2020/CSE_320/Labs_New/Lab3/CSE320-Marth-Lab3/CSE320-Marth-Lab3.runs/LocationFSM_Q1_0_synth_1/runme.log
LocationFSM_Q1_1_synth_1: C:/Users/stefa/iCloudDrive/ASU/Spring 2020/CSE_320/Labs_New/Lab3/CSE320-Marth-Lab3/CSE320-Marth-Lab3.runs/LocationFSM_Q1_1_synth_1/runme.log
LocationFSM_Q1_2_synth_1: C:/Users/stefa/iCloudDrive/ASU/Spring 2020/CSE_320/Labs_New/Lab3/CSE320-Marth-Lab3/CSE320-Marth-Lab3.runs/LocationFSM_Q1_2_synth_1/runme.log
LocationFSM_Q1_3_synth_1: C:/Users/stefa/iCloudDrive/ASU/Spring 2020/CSE_320/Labs_New/Lab3/CSE320-Marth-Lab3/CSE320-Marth-Lab3.runs/LocationFSM_Q1_3_synth_1/runme.log
LocationFSM_Q1_4_synth_1: C:/Users/stefa/iCloudDrive/ASU/Spring 2020/CSE_320/Labs_New/Lab3/CSE320-Marth-Lab3/CSE320-Marth-Lab3.runs/LocationFSM_Q1_4_synth_1/runme.log
LocationFSM_xup_inv_0_0_synth_1: C:/Users/stefa/iCloudDrive/ASU/Spring 2020/CSE_320/Labs_New/Lab3/CSE320-Marth-Lab3/CSE320-Marth-Lab3.runs/LocationFSM_xup_inv_0_0_synth_1/runme.log
LocationFSM_xup_inv_0_1_synth_1: C:/Users/stefa/iCloudDrive/ASU/Spring 2020/CSE_320/Labs_New/Lab3/CSE320-Marth-Lab3/CSE320-Marth-Lab3.runs/LocationFSM_xup_inv_0_1_synth_1/runme.log
LocationFSM_xup_inv_0_2_synth_1: C:/Users/stefa/iCloudDrive/ASU/Spring 2020/CSE_320/Labs_New/Lab3/CSE320-Marth-Lab3/CSE320-Marth-Lab3.runs/LocationFSM_xup_inv_0_2_synth_1/runme.log
LocationFSM_xup_inv_0_3_synth_1: C:/Users/stefa/iCloudDrive/ASU/Spring 2020/CSE_320/Labs_New/Lab3/CSE320-Marth-Lab3/CSE320-Marth-Lab3.runs/LocationFSM_xup_inv_0_3_synth_1/runme.log
LocationFSM_xup_inv_0_4_synth_1: C:/Users/stefa/iCloudDrive/ASU/Spring 2020/CSE_320/Labs_New/Lab3/CSE320-Marth-Lab3/CSE320-Marth-Lab3.runs/LocationFSM_xup_inv_0_4_synth_1/runme.log
LocationFSM_xup_and2_0_0_synth_1: C:/Users/stefa/iCloudDrive/ASU/Spring 2020/CSE_320/Labs_New/Lab3/CSE320-Marth-Lab3/CSE320-Marth-Lab3.runs/LocationFSM_xup_and2_0_0_synth_1/runme.log
LocationFSM_xup_or2_0_0_synth_1: C:/Users/stefa/iCloudDrive/ASU/Spring 2020/CSE_320/Labs_New/Lab3/CSE320-Marth-Lab3/CSE320-Marth-Lab3.runs/LocationFSM_xup_or2_0_0_synth_1/runme.log
LocationFSM_xup_and2_0_1_synth_1: C:/Users/stefa/iCloudDrive/ASU/Spring 2020/CSE_320/Labs_New/Lab3/CSE320-Marth-Lab3/CSE320-Marth-Lab3.runs/LocationFSM_xup_and2_0_1_synth_1/runme.log
LocationFSM_xup_and2_2_0_synth_1: C:/Users/stefa/iCloudDrive/ASU/Spring 2020/CSE_320/Labs_New/Lab3/CSE320-Marth-Lab3/CSE320-Marth-Lab3.runs/LocationFSM_xup_and2_2_0_synth_1/runme.log
LocationFSM_xup_and2_2_1_synth_1: C:/Users/stefa/iCloudDrive/ASU/Spring 2020/CSE_320/Labs_New/Lab3/CSE320-Marth-Lab3/CSE320-Marth-Lab3.runs/LocationFSM_xup_and2_2_1_synth_1/runme.log
LocationFSM_xup_or3_0_0_synth_1: C:/Users/stefa/iCloudDrive/ASU/Spring 2020/CSE_320/Labs_New/Lab3/CSE320-Marth-Lab3/CSE320-Marth-Lab3.runs/LocationFSM_xup_or3_0_0_synth_1/runme.log
LocationFSM_xup_and3_0_0_synth_1: C:/Users/stefa/iCloudDrive/ASU/Spring 2020/CSE_320/Labs_New/Lab3/CSE320-Marth-Lab3/CSE320-Marth-Lab3.runs/LocationFSM_xup_and3_0_0_synth_1/runme.log
LocationFSM_xup_and2_4_0_synth_1: C:/Users/stefa/iCloudDrive/ASU/Spring 2020/CSE_320/Labs_New/Lab3/CSE320-Marth-Lab3/CSE320-Marth-Lab3.runs/LocationFSM_xup_and2_4_0_synth_1/runme.log
LocationFSM_xup_and4_0_0_synth_1: C:/Users/stefa/iCloudDrive/ASU/Spring 2020/CSE_320/Labs_New/Lab3/CSE320-Marth-Lab3/CSE320-Marth-Lab3.runs/LocationFSM_xup_and4_0_0_synth_1/runme.log
LocationFSM_xup_and2_5_0_synth_1: C:/Users/stefa/iCloudDrive/ASU/Spring 2020/CSE_320/Labs_New/Lab3/CSE320-Marth-Lab3/CSE320-Marth-Lab3.runs/LocationFSM_xup_and2_5_0_synth_1/runme.log
LocationFSM_xup_or3_1_0_synth_1: C:/Users/stefa/iCloudDrive/ASU/Spring 2020/CSE_320/Labs_New/Lab3/CSE320-Marth-Lab3/CSE320-Marth-Lab3.runs/LocationFSM_xup_or3_1_0_synth_1/runme.log
LocationFSM_xup_and2_6_0_synth_1: C:/Users/stefa/iCloudDrive/ASU/Spring 2020/CSE_320/Labs_New/Lab3/CSE320-Marth-Lab3/CSE320-Marth-Lab3.runs/LocationFSM_xup_and2_6_0_synth_1/runme.log
LocationFSM_xup_and2_6_1_synth_1: C:/Users/stefa/iCloudDrive/ASU/Spring 2020/CSE_320/Labs_New/Lab3/CSE320-Marth-Lab3/CSE320-Marth-Lab3.runs/LocationFSM_xup_and2_6_1_synth_1/runme.log
LocationFSM_xup_or2_1_0_synth_1: C:/Users/stefa/iCloudDrive/ASU/Spring 2020/CSE_320/Labs_New/Lab3/CSE320-Marth-Lab3/CSE320-Marth-Lab3.runs/LocationFSM_xup_or2_1_0_synth_1/runme.log
LocationFSM_xup_and2_8_0_synth_1: C:/Users/stefa/iCloudDrive/ASU/Spring 2020/CSE_320/Labs_New/Lab3/CSE320-Marth-Lab3/CSE320-Marth-Lab3.runs/LocationFSM_xup_and2_8_0_synth_1/runme.log
LocationFSM_xup_and2_8_1_synth_1: C:/Users/stefa/iCloudDrive/ASU/Spring 2020/CSE_320/Labs_New/Lab3/CSE320-Marth-Lab3/CSE320-Marth-Lab3.runs/LocationFSM_xup_and2_8_1_synth_1/runme.log
LocationFSM_xup_or2_2_0_synth_1: C:/Users/stefa/iCloudDrive/ASU/Spring 2020/CSE_320/Labs_New/Lab3/CSE320-Marth-Lab3/CSE320-Marth-Lab3.runs/LocationFSM_xup_or2_2_0_synth_1/runme.log
LocationFSM_xup_and2_9_0_synth_1: C:/Users/stefa/iCloudDrive/ASU/Spring 2020/CSE_320/Labs_New/Lab3/CSE320-Marth-Lab3/CSE320-Marth-Lab3.runs/LocationFSM_xup_and2_9_0_synth_1/runme.log
LocationFSM_xup_or2_2_1_synth_1: C:/Users/stefa/iCloudDrive/ASU/Spring 2020/CSE_320/Labs_New/Lab3/CSE320-Marth-Lab3/CSE320-Marth-Lab3.runs/LocationFSM_xup_or2_2_1_synth_1/runme.log
launch_runs: Time (s): cpu = 00:00:10 ; elapsed = 00:00:08 . Memory (MB): peak = 1183.930 ; gain = 61.133
export_simulation -of_objects [get_files {{C:/Users/stefa/iCloudDrive/ASU/Spring 2020/CSE_320/Labs_New/Lab3/CSE320-Marth-Lab3/CSE320-Marth-Lab3.srcs/sources_1/bd/LocationFSM/LocationFSM.bd}}] -directory {C:/Users/stefa/iCloudDrive/ASU/Spring 2020/CSE_320/Labs_New/Lab3/CSE320-Marth-Lab3/CSE320-Marth-Lab3.ip_user_files/sim_scripts} -ip_user_files_dir {C:/Users/stefa/iCloudDrive/ASU/Spring 2020/CSE_320/Labs_New/Lab3/CSE320-Marth-Lab3/CSE320-Marth-Lab3.ip_user_files} -ipstatic_source_dir {C:/Users/stefa/iCloudDrive/ASU/Spring 2020/CSE_320/Labs_New/Lab3/CSE320-Marth-Lab3/CSE320-Marth-Lab3.ip_user_files/ipstatic} -lib_map_path [list {modelsim=C:/Users/stefa/iCloudDrive/ASU/Spring 2020/CSE_320/Labs_New/Lab3/CSE320-Marth-Lab3/CSE320-Marth-Lab3.cache/compile_simlib/modelsim} {questa=C:/Users/stefa/iCloudDrive/ASU/Spring 2020/CSE_320/Labs_New/Lab3/CSE320-Marth-Lab3/CSE320-Marth-Lab3.cache/compile_simlib/questa} {riviera=C:/Users/stefa/iCloudDrive/ASU/Spring 2020/CSE_320/Labs_New/Lab3/CSE320-Marth-Lab3/CSE320-Marth-Lab3.cache/compile_simlib/riviera} {activehdl=C:/Users/stefa/iCloudDrive/ASU/Spring 2020/CSE_320/Labs_New/Lab3/CSE320-Marth-Lab3/CSE320-Marth-Lab3.cache/compile_simlib/activehdl}] -use_ip_compiled_libs -force -quiet
make_wrapper -files [get_files {{C:/Users/stefa/iCloudDrive/ASU/Spring 2020/CSE_320/Labs_New/Lab3/CSE320-Marth-Lab3/CSE320-Marth-Lab3.srcs/sources_1/bd/LocationFSM/LocationFSM.bd}}] -top
make_wrapper -files [get_files {{C:/Users/stefa/iCloudDrive/ASU/Spring 2020/CSE_320/Labs_New/Lab3/CSE320-Marth-Lab3/CSE320-Marth-Lab3.srcs/sources_1/bd/SwordFSM/SwordFSM.bd}}] -top
INFO: [BD 41-1662] The design 'SwordFSM.bd' is already validated. Therefore parameter propagation will not be re-run.
VHDL Output written to : C:/Users/stefa/iCloudDrive/ASU/Spring 2020/CSE_320/Labs_New/Lab3/CSE320-Marth-Lab3/CSE320-Marth-Lab3.srcs/sources_1/bd/SwordFSM/synth/SwordFSM.v
VHDL Output written to : C:/Users/stefa/iCloudDrive/ASU/Spring 2020/CSE_320/Labs_New/Lab3/CSE320-Marth-Lab3/CSE320-Marth-Lab3.srcs/sources_1/bd/SwordFSM/sim/SwordFSM.v
VHDL Output written to : C:/Users/stefa/iCloudDrive/ASU/Spring 2020/CSE_320/Labs_New/Lab3/CSE320-Marth-Lab3/CSE320-Marth-Lab3.srcs/sources_1/bd/SwordFSM/hdl/SwordFSM_wrapper.v
make_wrapper -files [get_files {{C:/Users/stefa/iCloudDrive/ASU/Spring 2020/CSE_320/Labs_New/Lab3/CSE320-Marth-Lab3/CSE320-Marth-Lab3.srcs/sources_1/bd/design_1/design_1.bd}}] -top
INFO: [BD 41-1662] The design 'design_1.bd' is already validated. Therefore parameter propagation will not be re-run.
VHDL Output written to : C:/Users/stefa/iCloudDrive/ASU/Spring 2020/CSE_320/Labs_New/Lab3/CSE320-Marth-Lab3/CSE320-Marth-Lab3.srcs/sources_1/bd/design_1/synth/design_1.v
VHDL Output written to : C:/Users/stefa/iCloudDrive/ASU/Spring 2020/CSE_320/Labs_New/Lab3/CSE320-Marth-Lab3/CSE320-Marth-Lab3.srcs/sources_1/bd/design_1/sim/design_1.v
VHDL Output written to : C:/Users/stefa/iCloudDrive/ASU/Spring 2020/CSE_320/Labs_New/Lab3/CSE320-Marth-Lab3/CSE320-Marth-Lab3.srcs/sources_1/bd/design_1/hdl/design_1_wrapper.v
add_files -norecurse {{C:/Users/stefa/iCloudDrive/ASU/Spring 2020/CSE_320/Labs_New/Lab3/CSE320-Marth-Lab3/CSE320-Marth-Lab3.srcs/sources_1/bd/LocationFSM/hdl/LocationFSM_wrapper.v} {C:/Users/stefa/iCloudDrive/ASU/Spring 2020/CSE_320/Labs_New/Lab3/CSE320-Marth-Lab3/CSE320-Marth-Lab3.srcs/sources_1/bd/SwordFSM/hdl/SwordFSM_wrapper.v} {C:/Users/stefa/iCloudDrive/ASU/Spring 2020/CSE_320/Labs_New/Lab3/CSE320-Marth-Lab3/CSE320-Marth-Lab3.srcs/sources_1/bd/design_1/hdl/design_1_wrapper.v}}
update_compile_order -fileset sources_1
report_ip_status -name ip_status 
set_property IS_LOCKED 1 [get_files {{C:/Users/stefa/iCloudDrive/ASU/Spring 2020/CSE_320/Labs_New/Lab3/CSE320-Marth-Lab3/CSE320-Marth-Lab3.srcs/sources_1/bd/LocationFSM/LocationFSM.bd}}]
set_property IS_GLOBAL_INCLUDE 1 [get_files {{C:/Users/stefa/iCloudDrive/ASU/Spring 2020/CSE_320/Labs_New/Lab3/CSE320-Marth-Lab3/CSE320-Marth-Lab3.srcs/sources_1/bd/LocationFSM/LocationFSM.bd}}]
set_property IS_LOCKED 0 [get_files {{C:/Users/stefa/iCloudDrive/ASU/Spring 2020/CSE_320/Labs_New/Lab3/CSE320-Marth-Lab3/CSE320-Marth-Lab3.srcs/sources_1/bd/LocationFSM/LocationFSM.bd}}]
set_property IS_GLOBAL_INCLUDE 0 [get_files {{C:/Users/stefa/iCloudDrive/ASU/Spring 2020/CSE_320/Labs_New/Lab3/CSE320-Marth-Lab3/CSE320-Marth-Lab3.srcs/sources_1/bd/LocationFSM/LocationFSM.bd}}]
reset_run LocationFSM_xup_or3_1_0_synth_1
reset_run LocationFSM_xup_or2_1_0_synth_1
reset_run LocationFSM_xup_or2_2_0_synth_1
reset_run LocationFSM_xup_or2_2_1_synth_1
reset_run LocationFSM_xup_or2_0_0_synth_1
reset_run LocationFSM_xup_or3_0_0_synth_1
reset_run LocationFSM_xup_and4_0_0_synth_1
generate_target all [get_files  {{C:/Users/stefa/iCloudDrive/ASU/Spring 2020/CSE_320/Labs_New/Lab3/CSE320-Marth-Lab3/CSE320-Marth-Lab3.srcs/sources_1/bd/SwordFSM/SwordFSM.bd}}]
INFO: [BD 41-1662] The design 'SwordFSM.bd' is already validated. Therefore parameter propagation will not be re-run.
VHDL Output written to : C:/Users/stefa/iCloudDrive/ASU/Spring 2020/CSE_320/Labs_New/Lab3/CSE320-Marth-Lab3/CSE320-Marth-Lab3.srcs/sources_1/bd/SwordFSM/synth/SwordFSM.v
VHDL Output written to : C:/Users/stefa/iCloudDrive/ASU/Spring 2020/CSE_320/Labs_New/Lab3/CSE320-Marth-Lab3/CSE320-Marth-Lab3.srcs/sources_1/bd/SwordFSM/sim/SwordFSM.v
VHDL Output written to : C:/Users/stefa/iCloudDrive/ASU/Spring 2020/CSE_320/Labs_New/Lab3/CSE320-Marth-Lab3/CSE320-Marth-Lab3.srcs/sources_1/bd/SwordFSM/hdl/SwordFSM_wrapper.v
INFO: [BD 41-1029] Generation completed for the IP Integrator block S0 .
INFO: [BD 41-1029] Generation completed for the IP Integrator block S1 .
INFO: [BD 41-1029] Generation completed for the IP Integrator block xup_and2_0 .
INFO: [BD 41-1029] Generation completed for the IP Integrator block xup_and2_1 .
INFO: [BD 41-1029] Generation completed for the IP Integrator block xup_and2_2 .
INFO: [BD 41-1029] Generation completed for the IP Integrator block xup_inv_0 .
INFO: [BD 41-1029] Generation completed for the IP Integrator block xup_inv_1 .
INFO: [BD 41-1029] Generation completed for the IP Integrator block xup_or2_0 .
Exporting to file C:/Users/stefa/iCloudDrive/ASU/Spring 2020/CSE_320/Labs_New/Lab3/CSE320-Marth-Lab3/CSE320-Marth-Lab3.srcs/sources_1/bd/SwordFSM/hw_handoff/SwordFSM.hwh
Generated Block Design Tcl file C:/Users/stefa/iCloudDrive/ASU/Spring 2020/CSE_320/Labs_New/Lab3/CSE320-Marth-Lab3/CSE320-Marth-Lab3.srcs/sources_1/bd/SwordFSM/hw_handoff/SwordFSM_bd.tcl
Generated Hardware Definition File C:/Users/stefa/iCloudDrive/ASU/Spring 2020/CSE_320/Labs_New/Lab3/CSE320-Marth-Lab3/CSE320-Marth-Lab3.srcs/sources_1/bd/SwordFSM/synth/SwordFSM.hwdef
catch { config_ip_cache -export [get_ips -all SwordFSM_S0_0] }
INFO: [IP_Flow 19-4993] Using cached IP synthesis design for IP SwordFSM_S0_0, cache-ID = f2268c0b79a21d07; cache size = 0.141 MB.
catch { config_ip_cache -export [get_ips -all SwordFSM_S1_0] }
INFO: [IP_Flow 19-4993] Using cached IP synthesis design for IP SwordFSM_S1_0, cache-ID = d4be83b122c328fe; cache size = 0.141 MB.
catch { config_ip_cache -export [get_ips -all SwordFSM_xup_and2_0_0] }
INFO: [IP_Flow 19-4993] Using cached IP synthesis design for IP SwordFSM_xup_and2_0_0, cache-ID = 7a5bc3f7b70134a2; cache size = 0.141 MB.
catch { config_ip_cache -export [get_ips -all SwordFSM_xup_and2_1_0] }
INFO: [IP_Flow 19-4993] Using cached IP synthesis design for IP SwordFSM_xup_and2_1_0, cache-ID = 7a5bc3f7b70134a2; cache size = 0.141 MB.
catch { config_ip_cache -export [get_ips -all SwordFSM_xup_and2_2_0] }
INFO: [IP_Flow 19-4993] Using cached IP synthesis design for IP SwordFSM_xup_and2_2_0, cache-ID = 7a5bc3f7b70134a2; cache size = 0.141 MB.
catch { config_ip_cache -export [get_ips -all SwordFSM_xup_inv_0_0] }
INFO: [IP_Flow 19-4993] Using cached IP synthesis design for IP SwordFSM_xup_inv_0_0, cache-ID = 58905ae888fab4f1; cache size = 0.141 MB.
catch { config_ip_cache -export [get_ips -all SwordFSM_xup_inv_1_0] }
INFO: [IP_Flow 19-4993] Using cached IP synthesis design for IP SwordFSM_xup_inv_1_0, cache-ID = 58905ae888fab4f1; cache size = 0.141 MB.
catch { config_ip_cache -export [get_ips -all SwordFSM_xup_or2_0_0] }
INFO: [IP_Flow 19-4993] Using cached IP synthesis design for IP SwordFSM_xup_or2_0_0, cache-ID = de034398b746b89e; cache size = 0.141 MB.
export_ip_user_files -of_objects [get_files {{C:/Users/stefa/iCloudDrive/ASU/Spring 2020/CSE_320/Labs_New/Lab3/CSE320-Marth-Lab3/CSE320-Marth-Lab3.srcs/sources_1/bd/SwordFSM/SwordFSM.bd}}] -no_script -sync -force -quiet
create_ip_run [get_files -of_objects [get_fileset sources_1] {{C:/Users/stefa/iCloudDrive/ASU/Spring 2020/CSE_320/Labs_New/Lab3/CSE320-Marth-Lab3/CSE320-Marth-Lab3.srcs/sources_1/bd/SwordFSM/SwordFSM.bd}}]
export_simulation -of_objects [get_files {{C:/Users/stefa/iCloudDrive/ASU/Spring 2020/CSE_320/Labs_New/Lab3/CSE320-Marth-Lab3/CSE320-Marth-Lab3.srcs/sources_1/bd/SwordFSM/SwordFSM.bd}}] -directory {C:/Users/stefa/iCloudDrive/ASU/Spring 2020/CSE_320/Labs_New/Lab3/CSE320-Marth-Lab3/CSE320-Marth-Lab3.ip_user_files/sim_scripts} -ip_user_files_dir {C:/Users/stefa/iCloudDrive/ASU/Spring 2020/CSE_320/Labs_New/Lab3/CSE320-Marth-Lab3/CSE320-Marth-Lab3.ip_user_files} -ipstatic_source_dir {C:/Users/stefa/iCloudDrive/ASU/Spring 2020/CSE_320/Labs_New/Lab3/CSE320-Marth-Lab3/CSE320-Marth-Lab3.ip_user_files/ipstatic} -lib_map_path [list {modelsim=C:/Users/stefa/iCloudDrive/ASU/Spring 2020/CSE_320/Labs_New/Lab3/CSE320-Marth-Lab3/CSE320-Marth-Lab3.cache/compile_simlib/modelsim} {questa=C:/Users/stefa/iCloudDrive/ASU/Spring 2020/CSE_320/Labs_New/Lab3/CSE320-Marth-Lab3/CSE320-Marth-Lab3.cache/compile_simlib/questa} {riviera=C:/Users/stefa/iCloudDrive/ASU/Spring 2020/CSE_320/Labs_New/Lab3/CSE320-Marth-Lab3/CSE320-Marth-Lab3.cache/compile_simlib/riviera} {activehdl=C:/Users/stefa/iCloudDrive/ASU/Spring 2020/CSE_320/Labs_New/Lab3/CSE320-Marth-Lab3/CSE320-Marth-Lab3.cache/compile_simlib/activehdl}] -use_ip_compiled_libs -force -quiet
generate_target all [get_files  {{C:/Users/stefa/iCloudDrive/ASU/Spring 2020/CSE_320/Labs_New/Lab3/CSE320-Marth-Lab3/CSE320-Marth-Lab3.srcs/sources_1/bd/LocationFSM/LocationFSM.bd}}]
INFO: [BD 41-1637] Generated targets are already up-to-date for block design 'LocationFSM' - hence not re-generating.
catch { config_ip_cache -export [get_ips -all LocationFSM_xup_or3_1_0] }
INFO: [IP_Flow 19-4993] Using cached IP synthesis design for IP LocationFSM_xup_or3_1_0, cache-ID = 5779b94330965434; cache size = 0.141 MB.
catch { [ delete_ip_run [get_ips -all LocationFSM_xup_or3_1_0] ] }
catch { config_ip_cache -export [get_ips -all LocationFSM_xup_or2_1_0] }
INFO: [IP_Flow 19-4993] Using cached IP synthesis design for IP LocationFSM_xup_or2_1_0, cache-ID = de034398b746b89e; cache size = 0.141 MB.
catch { [ delete_ip_run [get_ips -all LocationFSM_xup_or2_1_0] ] }
catch { config_ip_cache -export [get_ips -all LocationFSM_xup_or2_2_0] }
INFO: [IP_Flow 19-4993] Using cached IP synthesis design for IP LocationFSM_xup_or2_2_0, cache-ID = de034398b746b89e; cache size = 0.141 MB.
catch { [ delete_ip_run [get_ips -all LocationFSM_xup_or2_2_0] ] }
catch { config_ip_cache -export [get_ips -all LocationFSM_xup_or2_2_1] }
INFO: [IP_Flow 19-4993] Using cached IP synthesis design for IP LocationFSM_xup_or2_2_1, cache-ID = de034398b746b89e; cache size = 0.141 MB.
catch { [ delete_ip_run [get_ips -all LocationFSM_xup_or2_2_1] ] }
export_ip_user_files -of_objects [get_files {{C:/Users/stefa/iCloudDrive/ASU/Spring 2020/CSE_320/Labs_New/Lab3/CSE320-Marth-Lab3/CSE320-Marth-Lab3.srcs/sources_1/bd/LocationFSM/LocationFSM.bd}}] -no_script -sync -force -quiet
create_ip_run [get_files -of_objects [get_fileset sources_1] {{C:/Users/stefa/iCloudDrive/ASU/Spring 2020/CSE_320/Labs_New/Lab3/CSE320-Marth-Lab3/CSE320-Marth-Lab3.srcs/sources_1/bd/LocationFSM/LocationFSM.bd}}]
launch_runs -jobs 8 {LocationFSM_xup_or2_0_0_synth_1 LocationFSM_xup_or3_0_0_synth_1 LocationFSM_xup_and4_0_0_synth_1}
[Wed Mar 18 14:27:23 2020] Launched LocationFSM_xup_or2_0_0_synth_1, LocationFSM_xup_or3_0_0_synth_1, LocationFSM_xup_and4_0_0_synth_1...
Run output will be captured here:
LocationFSM_xup_or2_0_0_synth_1: C:/Users/stefa/iCloudDrive/ASU/Spring 2020/CSE_320/Labs_New/Lab3/CSE320-Marth-Lab3/CSE320-Marth-Lab3.runs/LocationFSM_xup_or2_0_0_synth_1/runme.log
LocationFSM_xup_or3_0_0_synth_1: C:/Users/stefa/iCloudDrive/ASU/Spring 2020/CSE_320/Labs_New/Lab3/CSE320-Marth-Lab3/CSE320-Marth-Lab3.runs/LocationFSM_xup_or3_0_0_synth_1/runme.log
LocationFSM_xup_and4_0_0_synth_1: C:/Users/stefa/iCloudDrive/ASU/Spring 2020/CSE_320/Labs_New/Lab3/CSE320-Marth-Lab3/CSE320-Marth-Lab3.runs/LocationFSM_xup_and4_0_0_synth_1/runme.log
export_simulation -of_objects [get_files {{C:/Users/stefa/iCloudDrive/ASU/Spring 2020/CSE_320/Labs_New/Lab3/CSE320-Marth-Lab3/CSE320-Marth-Lab3.srcs/sources_1/bd/LocationFSM/LocationFSM.bd}}] -directory {C:/Users/stefa/iCloudDrive/ASU/Spring 2020/CSE_320/Labs_New/Lab3/CSE320-Marth-Lab3/CSE320-Marth-Lab3.ip_user_files/sim_scripts} -ip_user_files_dir {C:/Users/stefa/iCloudDrive/ASU/Spring 2020/CSE_320/Labs_New/Lab3/CSE320-Marth-Lab3/CSE320-Marth-Lab3.ip_user_files} -ipstatic_source_dir {C:/Users/stefa/iCloudDrive/ASU/Spring 2020/CSE_320/Labs_New/Lab3/CSE320-Marth-Lab3/CSE320-Marth-Lab3.ip_user_files/ipstatic} -lib_map_path [list {modelsim=C:/Users/stefa/iCloudDrive/ASU/Spring 2020/CSE_320/Labs_New/Lab3/CSE320-Marth-Lab3/CSE320-Marth-Lab3.cache/compile_simlib/modelsim} {questa=C:/Users/stefa/iCloudDrive/ASU/Spring 2020/CSE_320/Labs_New/Lab3/CSE320-Marth-Lab3/CSE320-Marth-Lab3.cache/compile_simlib/questa} {riviera=C:/Users/stefa/iCloudDrive/ASU/Spring 2020/CSE_320/Labs_New/Lab3/CSE320-Marth-Lab3/CSE320-Marth-Lab3.cache/compile_simlib/riviera} {activehdl=C:/Users/stefa/iCloudDrive/ASU/Spring 2020/CSE_320/Labs_New/Lab3/CSE320-Marth-Lab3/CSE320-Marth-Lab3.cache/compile_simlib/activehdl}] -use_ip_compiled_libs -force -quiet
generate_target all [get_files  {{C:/Users/stefa/iCloudDrive/ASU/Spring 2020/CSE_320/Labs_New/Lab3/CSE320-Marth-Lab3/CSE320-Marth-Lab3.srcs/sources_1/bd/design_1/design_1.bd}}]
INFO: [BD 41-1662] The design 'design_1.bd' is already validated. Therefore parameter propagation will not be re-run.
VHDL Output written to : C:/Users/stefa/iCloudDrive/ASU/Spring 2020/CSE_320/Labs_New/Lab3/CSE320-Marth-Lab3/CSE320-Marth-Lab3.srcs/sources_1/bd/design_1/synth/design_1.v
VHDL Output written to : C:/Users/stefa/iCloudDrive/ASU/Spring 2020/CSE_320/Labs_New/Lab3/CSE320-Marth-Lab3/CSE320-Marth-Lab3.srcs/sources_1/bd/design_1/sim/design_1.v
VHDL Output written to : C:/Users/stefa/iCloudDrive/ASU/Spring 2020/CSE_320/Labs_New/Lab3/CSE320-Marth-Lab3/CSE320-Marth-Lab3.srcs/sources_1/bd/design_1/hdl/design_1_wrapper.v
INFO: [BD 41-1029] Generation completed for the IP Integrator block Edge_Detector_0 .
INFO: [BD 41-1029] Generation completed for the IP Integrator block Edge_Detector_1 .
INFO: [BD 41-1029] Generation completed for the IP Integrator block Edge_Detector_2 .
INFO: [BD 41-1029] Generation completed for the IP Integrator block Edge_Detector_3 .
INFO: [BD 41-1029] Generation completed for the IP Integrator block SwordFSM_1 .
INFO: [BD 41-1029] Generation completed for the IP Integrator block LocationFSM_1 .
Exporting to file C:/Users/stefa/iCloudDrive/ASU/Spring 2020/CSE_320/Labs_New/Lab3/CSE320-Marth-Lab3/CSE320-Marth-Lab3.srcs/sources_1/bd/design_1/hw_handoff/design_1.hwh
Generated Block Design Tcl file C:/Users/stefa/iCloudDrive/ASU/Spring 2020/CSE_320/Labs_New/Lab3/CSE320-Marth-Lab3/CSE320-Marth-Lab3.srcs/sources_1/bd/design_1/hw_handoff/design_1_bd.tcl
Generated Hardware Definition File C:/Users/stefa/iCloudDrive/ASU/Spring 2020/CSE_320/Labs_New/Lab3/CSE320-Marth-Lab3/CSE320-Marth-Lab3.srcs/sources_1/bd/design_1/synth/design_1.hwdef
catch { config_ip_cache -export [get_ips -all design_1_Edge_Detector_0_0] }
catch { config_ip_cache -export [get_ips -all design_1_Edge_Detector_0_1] }
catch { config_ip_cache -export [get_ips -all design_1_Edge_Detector_0_2] }
catch { config_ip_cache -export [get_ips -all design_1_Edge_Detector_0_3] }
catch { config_ip_cache -export [get_ips -all design_1_SwordFSM_1_0] }
catch { config_ip_cache -export [get_ips -all design_1_LocationFSM_1_0] }
export_ip_user_files -of_objects [get_files {{C:/Users/stefa/iCloudDrive/ASU/Spring 2020/CSE_320/Labs_New/Lab3/CSE320-Marth-Lab3/CSE320-Marth-Lab3.srcs/sources_1/bd/design_1/design_1.bd}}] -no_script -sync -force -quiet
create_ip_run [get_files -of_objects [get_fileset sources_1] {{C:/Users/stefa/iCloudDrive/ASU/Spring 2020/CSE_320/Labs_New/Lab3/CSE320-Marth-Lab3/CSE320-Marth-Lab3.srcs/sources_1/bd/design_1/design_1.bd}}]
launch_runs -jobs 8 {design_1_Edge_Detector_0_0_synth_1 design_1_Edge_Detector_0_1_synth_1 design_1_Edge_Detector_0_2_synth_1 design_1_Edge_Detector_0_3_synth_1 design_1_LocationFSM_0_0_synth_1 design_1_SwordFSM_0_0_synth_1 design_1_SwordFSM_1_0_synth_1 design_1_LocationFSM_1_0_synth_1}
[Wed Mar 18 14:27:50 2020] Launched design_1_Edge_Detector_0_0_synth_1, design_1_Edge_Detector_0_1_synth_1, design_1_Edge_Detector_0_2_synth_1, design_1_Edge_Detector_0_3_synth_1, design_1_LocationFSM_0_0_synth_1, design_1_SwordFSM_0_0_synth_1, design_1_SwordFSM_1_0_synth_1, design_1_LocationFSM_1_0_synth_1...
Run output will be captured here:
design_1_Edge_Detector_0_0_synth_1: C:/Users/stefa/iCloudDrive/ASU/Spring 2020/CSE_320/Labs_New/Lab3/CSE320-Marth-Lab3/CSE320-Marth-Lab3.runs/design_1_Edge_Detector_0_0_synth_1/runme.log
design_1_Edge_Detector_0_1_synth_1: C:/Users/stefa/iCloudDrive/ASU/Spring 2020/CSE_320/Labs_New/Lab3/CSE320-Marth-Lab3/CSE320-Marth-Lab3.runs/design_1_Edge_Detector_0_1_synth_1/runme.log
design_1_Edge_Detector_0_2_synth_1: C:/Users/stefa/iCloudDrive/ASU/Spring 2020/CSE_320/Labs_New/Lab3/CSE320-Marth-Lab3/CSE320-Marth-Lab3.runs/design_1_Edge_Detector_0_2_synth_1/runme.log
design_1_Edge_Detector_0_3_synth_1: C:/Users/stefa/iCloudDrive/ASU/Spring 2020/CSE_320/Labs_New/Lab3/CSE320-Marth-Lab3/CSE320-Marth-Lab3.runs/design_1_Edge_Detector_0_3_synth_1/runme.log
design_1_LocationFSM_0_0_synth_1: C:/Users/stefa/iCloudDrive/ASU/Spring 2020/CSE_320/Labs_New/Lab3/CSE320-Marth-Lab3/CSE320-Marth-Lab3.runs/design_1_LocationFSM_0_0_synth_1/runme.log
design_1_SwordFSM_0_0_synth_1: C:/Users/stefa/iCloudDrive/ASU/Spring 2020/CSE_320/Labs_New/Lab3/CSE320-Marth-Lab3/CSE320-Marth-Lab3.runs/design_1_SwordFSM_0_0_synth_1/runme.log
design_1_SwordFSM_1_0_synth_1: C:/Users/stefa/iCloudDrive/ASU/Spring 2020/CSE_320/Labs_New/Lab3/CSE320-Marth-Lab3/CSE320-Marth-Lab3.runs/design_1_SwordFSM_1_0_synth_1/runme.log
design_1_LocationFSM_1_0_synth_1: C:/Users/stefa/iCloudDrive/ASU/Spring 2020/CSE_320/Labs_New/Lab3/CSE320-Marth-Lab3/CSE320-Marth-Lab3.runs/design_1_LocationFSM_1_0_synth_1/runme.log
export_simulation -of_objects [get_files {{C:/Users/stefa/iCloudDrive/ASU/Spring 2020/CSE_320/Labs_New/Lab3/CSE320-Marth-Lab3/CSE320-Marth-Lab3.srcs/sources_1/bd/design_1/design_1.bd}}] -directory {C:/Users/stefa/iCloudDrive/ASU/Spring 2020/CSE_320/Labs_New/Lab3/CSE320-Marth-Lab3/CSE320-Marth-Lab3.ip_user_files/sim_scripts} -ip_user_files_dir {C:/Users/stefa/iCloudDrive/ASU/Spring 2020/CSE_320/Labs_New/Lab3/CSE320-Marth-Lab3/CSE320-Marth-Lab3.ip_user_files} -ipstatic_source_dir {C:/Users/stefa/iCloudDrive/ASU/Spring 2020/CSE_320/Labs_New/Lab3/CSE320-Marth-Lab3/CSE320-Marth-Lab3.ip_user_files/ipstatic} -lib_map_path [list {modelsim=C:/Users/stefa/iCloudDrive/ASU/Spring 2020/CSE_320/Labs_New/Lab3/CSE320-Marth-Lab3/CSE320-Marth-Lab3.cache/compile_simlib/modelsim} {questa=C:/Users/stefa/iCloudDrive/ASU/Spring 2020/CSE_320/Labs_New/Lab3/CSE320-Marth-Lab3/CSE320-Marth-Lab3.cache/compile_simlib/questa} {riviera=C:/Users/stefa/iCloudDrive/ASU/Spring 2020/CSE_320/Labs_New/Lab3/CSE320-Marth-Lab3/CSE320-Marth-Lab3.cache/compile_simlib/riviera} {activehdl=C:/Users/stefa/iCloudDrive/ASU/Spring 2020/CSE_320/Labs_New/Lab3/CSE320-Marth-Lab3/CSE320-Marth-Lab3.cache/compile_simlib/activehdl}] -use_ip_compiled_libs -force -quiet
WARNING: [Vivado 12-3672] The is_managed property should only be queried on the file object representing this IP. Use the get_files command to access file objects.
WARNING: [Vivado 12-3670] The generate_synth_checkpoint property should only be queried on the file object representing this IP. Use the get_files command to access file objects.
open_bd_design {C:/Users/stefa/iCloudDrive/ASU/Spring 2020/CSE_320/Labs_New/Lab3/CSE320-Marth-Lab3/CSE320-Marth-Lab3.srcs/sources_1/bd/LocationFSM/LocationFSM.bd}
Adding component instance block -- xilinx.com:user:xup_dff_set:1.0 - S0
Adding component instance block -- xilinx.com:user:xup_dff_reset:1.0 - S1
Adding component instance block -- xilinx.com:user:xup_dff_reset:1.0 - S2
Adding component instance block -- xilinx.com:user:xup_dff_reset:1.0 - S3
Adding component instance block -- xilinx.com:user:xup_dff_reset:1.0 - S4
Adding component instance block -- xilinx.com:user:xup_dff_reset:1.0 - S5
Adding component instance block -- xilinx.com:user:xup_dff_reset:1.0 - S6
Adding component instance block -- xilinx.com:xup:xup_inv:1.0 - N_inv
Adding component instance block -- xilinx.com:xup:xup_inv:1.0 - S_inv
Adding component instance block -- xilinx.com:xup:xup_inv:1.0 - E_inv
Adding component instance block -- xilinx.com:xup:xup_inv:1.0 - W_inv
Adding component instance block -- xilinx.com:xup:xup_inv:1.0 - V_inv
Adding component instance block -- xilinx.com:xup:xup_and2:1.0 - xup_and2_0
Adding component instance block -- xilinx.com:xup:xup_or2:1.0 - xup_or2_0
Adding component instance block -- xilinx.com:xup:xup_and2:1.0 - xup_and2_1
Adding component instance block -- xilinx.com:xup:xup_and2:1.0 - xup_and2_2
Adding component instance block -- xilinx.com:xup:xup_and2:1.0 - xup_and2_3
Adding component instance block -- xilinx.com:xup:xup_or3:1.0 - xup_or3_0
Adding component instance block -- xilinx.com:xup:xup_and3:1.0 - xup_and3_0
Adding component instance block -- xilinx.com:xup:xup_and2:1.0 - xup_and2_4
Adding component instance block -- xilinx.com:xup:xup_and4:1.0 - xup_and4_0
Adding component instance block -- xilinx.com:xup:xup_and2:1.0 - xup_and2_5
Adding component instance block -- xilinx.com:xup:xup_or3:1.0 - xup_or3_1
Adding component instance block -- xilinx.com:xup:xup_and2:1.0 - xup_and2_6
Adding component instance block -- xilinx.com:xup:xup_and2:1.0 - xup_and2_7
Adding component instance block -- xilinx.com:xup:xup_or2:1.0 - xup_or2_1
Adding component instance block -- xilinx.com:xup:xup_and2:1.0 - xup_and2_8
Adding component instance block -- xilinx.com:xup:xup_and2:1.0 - xup_and2_9
Adding component instance block -- xilinx.com:xup:xup_or2:1.0 - xup_or2_2
Adding component instance block -- xilinx.com:xup:xup_and2:1.0 - xup_and2_10
Adding component instance block -- xilinx.com:xup:xup_or2:1.0 - xup_or2_3
Successfully read diagram <LocationFSM> from BD file <C:/Users/stefa/iCloudDrive/ASU/Spring 2020/CSE_320/Labs_New/Lab3/CSE320-Marth-Lab3/CSE320-Marth-Lab3.srcs/sources_1/bd/LocationFSM/LocationFSM.bd>
INFO: [BD 41-433] 
Design successfully migrated to use XCI files...
Wrote  : <C:/Users/stefa/iCloudDrive/ASU/Spring 2020/CSE_320/Labs_New/Lab3/CSE320-Marth-Lab3/CSE320-Marth-Lab3.srcs/sources_1/bd/LocationFSM/ui/bd_260e06b.ui> 
regenerate_bd_layout
close_bd_design [get_bd_designs LocationFSM]
Wrote  : <C:/Users/stefa/iCloudDrive/ASU/Spring 2020/CSE_320/Labs_New/Lab3/CSE320-Marth-Lab3/CSE320-Marth-Lab3.srcs/sources_1/bd/LocationFSM/ui/bd_260e06b.ui> 
exit
INFO: [Common 17-206] Exiting Vivado at Wed Mar 18 14:36:38 2020...
