Vivado Simulator 2019.2
Time resolution is 1 ps
Results match the expected values at time                   40
Results match the expected values at time                   80
Results match the expected values at time                  120
Results match the expected values at time                  160
Results match the expected values at time                  200
Results match the expected values at time                  240
Results match the expected values at time                  280
Results match the expected values at time                  320
Results match the expected values at time                  360
Results match the expected values at time                  400
Results match the expected values at time                  440
Results match the expected values at time                  480
Results match the expected values at time                  520
Results match the expected values at time                  560
Results match the expected values at time                  600
Results match the expected values at time                  640
Results match the expected values at time                  680
Results match the expected values at time                  720
Results match the expected values at time                  760
Results match the expected values at time                  800
Results match the expected values at time                  840
Results match the expected values at time                  880
Results match the expected values at time                  920
Results match the expected values at time                  960
Results match the expected values at time                 1000
Results match the expected values at time                 1040
Results match the expected values at time                 1080
Results match the expected values at time                 1120
Results match the expected values at time                 1160
Results match the expected values at time                 1200
Results match the expected values at time                 1240
Results match the expected values at time                 1280
Results match the expected values at time                 1320
Results match the expected values at time                 1360
Results match the expected values at time                 1400
Results match the expected values at time                 1440
Results match the expected values at time                 1480
Results match the expected values at time                 1520
Results match the expected values at time                 1560
Results match the expected values at time                 1600
Results match the expected values at time                 1640
Results match the expected values at time                 1680
Results match the expected values at time                 1720
Results match the expected values at time                 1760
Results match the expected values at time                 1800
Results match the expected values at time                 1840
Results match the expected values at time                 1880
Results match the expected values at time                 1920
Results match the expected values at time                 1960
Results match the expected values at time                 2000
Results match the expected values at time                 2040
Results match the expected values at time                 2080
Results match the expected values at time                 2120
Results match the expected values at time                 2160
Results match the expected values at time                 2200
Results match the expected values at time                 2240
Results match the expected values at time                 2280
Results match the expected values at time                 2320
Results match the expected values at time                 2360
Results match the expected values at time                 2400
Results match the expected values at time                 2440
Results match the expected values at time                 2480
Results match the expected values at time                 2520
Results match the expected values at time                 2560
Results match the expected values at time                 2600
Results match the expected values at time                 2640
Results match the expected values at time                 2680
Results match the expected values at time                 2720
Results match the expected values at time                 2760
Results match the expected values at time                 2800
Results match the expected values at time                 2840
Results match the expected values at time                 2880
Results match the expected values at time                 2920
Results match the expected values at time                 2960
Results match the expected values at time                 3000
Results match the expected values at time                 3040
Results match the expected values at time                 3080
Results match the expected values at time                 3120
Results match the expected values at time                 3160
Results match the expected values at time                 3200
Results match the expected values at time                 3240
Results match the expected values at time                 3280
Results match the expected values at time                 3320
Results match the expected values at time                 3360
Results match the expected values at time                 3400
Results match the expected values at time                 3440
Results match the expected values at time                 3480
Results match the expected values at time                 3520
Results match the expected values at time                 3560
Results match the expected values at time                 3600
Results match the expected values at time                 3640
Results match the expected values at time                 3680
Results match the expected values at time                 3720
Results match the expected values at time                 3760
Results match the expected values at time                 3800
Results match the expected values at time                 3840
Results match the expected values at time                 3880
Results match the expected values at time                 3920
Results match the expected values at time                 3960
Results match the expected values at time                 4000
Results match the expected values at time                 4040
Results match the expected values at time                 4080
Results match the expected values at time                 4120
Results match the expected values at time                 4160
Results match the expected values at time                 4200
Results match the expected values at time                 4240
Results match the expected values at time                 4280
Results match the expected values at time                 4320
Results match the expected values at time                 4360
Results match the expected values at time                 4400
Results match the expected values at time                 4440
Results match the expected values at time                 4480
Results match the expected values at time                 4520
Results match the expected values at time                 4560
Results match the expected values at time                 4600
Results match the expected values at time                 4640
Results match the expected values at time                 4680
Results match the expected values at time                 4720
Results match the expected values at time                 4760
Results match the expected values at time                 4800
Results match the expected values at time                 4840
Results match the expected values at time                 4880
Results match the expected values at time                 4920
Results match the expected values at time                 4960
Results match the expected values at time                 5000
Results match the expected values at time                 5040
Results match the expected values at time                 5080
Results match the expected values at time                 5120
Results match the expected values at time                 5160
Results match the expected values at time                 5200
Results match the expected values at time                 5240
Results match the expected values at time                 5280
Results match the expected values at time                 5320
Results match the expected values at time                 5360
Results match the expected values at time                 5400
Results match the expected values at time                 5440
Results match the expected values at time                 5480
Results match the expected values at time                 5520
Results match the expected values at time                 5560
Results match the expected values at time                 5600
Results match the expected values at time                 5640
Results match the expected values at time                 5680
Results match the expected values at time                 5720
Results match the expected values at time                 5760
Results match the expected values at time                 5800
Results match the expected values at time                 5840
Results match the expected values at time                 5880
Results match the expected values at time                 5920
Results match the expected values at time                 5960
Results match the expected values at time                 6000
Results match the expected values at time                 6040
Results match the expected values at time                 6080
Results match the expected values at time                 6120
Results match the expected values at time                 6160
Results match the expected values at time                 6200
Results match the expected values at time                 6240
Results match the expected values at time                 6280
Results match the expected values at time                 6320
Results match the expected values at time                 6360
Results match the expected values at time                 6400
Results match the expected values at time                 6440
Results match the expected values at time                 6480
Results match the expected values at time                 6520
Results match the expected values at time                 6560
Results match the expected values at time                 6600
Results match the expected values at time                 6640
Results match the expected values at time                 6680
Results match the expected values at time                 6720
Results match the expected values at time                 6760
Results match the expected values at time                 6800
Results match the expected values at time                 6840
Results match the expected values at time                 6880
Results match the expected values at time                 6920
Results match the expected values at time                 6960
Results match the expected values at time                 7000
Results match the expected values at time                 7040
Results match the expected values at time                 7080
Results match the expected values at time                 7120
Results match the expected values at time                 7160
Results match the expected values at time                 7200
Results match the expected values at time                 7240
Results match the expected values at time                 7280
Results match the expected values at time                 7320
Results match the expected values at time                 7360
Results match the expected values at time                 7400
Results match the expected values at time                 7440
Results match the expected values at time                 7480
Results match the expected values at time                 7520
Results match the expected values at time                 7560
Results match the expected values at time                 7600
Results match the expected values at time                 7640
Results match the expected values at time                 7680
Results match the expected values at time                 7720
Results match the expected values at time                 7760
Results match the expected values at time                 7800
Results match the expected values at time                 7840
Results match the expected values at time                 7880
Results match the expected values at time                 7920
Results match the expected values at time                 7960
Results match the expected values at time                 8000
Results match the expected values at time                 8040
Results match the expected values at time                 8080
Results match the expected values at time                 8120
Results match the expected values at time                 8160
Results match the expected values at time                 8200
Results match the expected values at time                 8240
Results match the expected values at time                 8280
Results match the expected values at time                 8320
Results match the expected values at time                 8360
Results match the expected values at time                 8400
Results match the expected values at time                 8440
Results match the expected values at time                 8480
Results match the expected values at time                 8520
Results match the expected values at time                 8560
Results match the expected values at time                 8600
Results match the expected values at time                 8640
Results match the expected values at time                 8680
Results match the expected values at time                 8720
Results match the expected values at time                 8760
Results match the expected values at time                 8800
Results match the expected values at time                 8840
Results match the expected values at time                 8880
Results match the expected values at time                 8920
Results match the expected values at time                 8960
Results match the expected values at time                 9000
Results match the expected values at time                 9040
Results match the expected values at time                 9080
Results match the expected values at time                 9120
Results match the expected values at time                 9160
Results match the expected values at time                 9200
Results match the expected values at time                 9240
Results match the expected values at time                 9280
Results match the expected values at time                 9320
Results match the expected values at time                 9360
Results match the expected values at time                 9400
Results match the expected values at time                 9440
Results match the expected values at time                 9480
Results match the expected values at time                 9520
Results match the expected values at time                 9560
Results match the expected values at time                 9600
Results match the expected values at time                 9640
Results match the expected values at time                 9680
Results match the expected values at time                 9720
Results match the expected values at time                 9760
Results match the expected values at time                 9800
Results match the expected values at time                 9840
Results match the expected values at time                 9880
Results match the expected values at time                 9920
Results match the expected values at time                 9960
Results match the expected values at time                10000
Results match the expected values at time                10040
Results match the expected values at time                10080
Results match the expected values at time                10120
Results match the expected values at time                10160
Results match the expected values at time                10200
Results match the expected values at time                10240
The simulation is successful. The functionality has been verified.
