
*** Running vivado
    with args -log uart_led.vds -m64 -product Vivado -mode batch -messageDb vivado.pb -notrace -source uart_led.tcl


****** Vivado v2019.2 (64-bit)
  **** SW Build 2708876 on Wed Nov  6 21:40:23 MST 2019
  **** IP Build 2700528 on Thu Nov  7 00:09:20 MST 2019
    ** Copyright 1986-2019 Xilinx, Inc. All Rights Reserved.

source uart_led.tcl -notrace
Command: synth_design -top uart_led -part xc7a100tcsg324-1
Starting synth_design
Attempting to get a license for feature 'Synthesis' and/or device 'xc7a100t'
INFO: [Common 17-349] Got license for feature 'Synthesis' and/or device 'xc7a100t'
INFO: [Device 21-403] Loading part xc7a100tcsg324-1
INFO: Launching helper process for spawning children vivado processes
INFO: Helper process launched with PID 2192 
---------------------------------------------------------------------------------
Starting RTL Elaboration : Time (s): cpu = 00:00:03 ; elapsed = 00:00:03 . Memory (MB): peak = 993.410 ; gain = 234.473
---------------------------------------------------------------------------------
INFO: [Synth 8-6157] synthesizing module 'uart_led' [C:/Users/stefa/iCloudDrive/ASU/Spring 2020/CSE_320/Labs_New/CSE320_tutorial5/CSE320_tutorial5.srcs/sources_1/imports/CSE320_tutorial5_source/uart_led.v:25]
	Parameter BAUD_RATE bound to: 115200 - type: integer 
	Parameter CLOCK_RATE bound to: 100000000 - type: integer 
INFO: [Synth 8-6157] synthesizing module 'meta_harden' [C:/Users/stefa/iCloudDrive/ASU/Spring 2020/CSE_320/Labs_New/CSE320_tutorial5/CSE320_tutorial5.srcs/sources_1/imports/CSE320_tutorial5_source/meta_harden.v:27]
INFO: [Synth 8-6155] done synthesizing module 'meta_harden' (1#1) [C:/Users/stefa/iCloudDrive/ASU/Spring 2020/CSE_320/Labs_New/CSE320_tutorial5/CSE320_tutorial5.srcs/sources_1/imports/CSE320_tutorial5_source/meta_harden.v:27]
INFO: [Synth 8-6157] synthesizing module 'uart_rx' [C:/Users/stefa/iCloudDrive/ASU/Spring 2020/CSE_320/Labs_New/CSE320_tutorial5/CSE320_tutorial5.srcs/sources_1/imports/CSE320_tutorial5_source/uart_rx.v:37]
	Parameter BAUD_RATE bound to: 115200 - type: integer 
	Parameter CLOCK_RATE bound to: 100000000 - type: integer 
INFO: [Synth 8-6157] synthesizing module 'uart_baud_gen' [C:/Users/stefa/iCloudDrive/ASU/Spring 2020/CSE_320/Labs_New/CSE320_tutorial5/CSE320_tutorial5.srcs/sources_1/imports/CSE320_tutorial5_source/uart_baud_gen.v:35]
	Parameter BAUD_RATE bound to: 115200 - type: integer 
	Parameter CLOCK_RATE bound to: 100000000 - type: integer 
	Parameter OVERSAMPLE_RATE bound to: 1843200 - type: integer 
	Parameter DIVIDER bound to: 54 - type: integer 
	Parameter OVERSAMPLE_VALUE bound to: 53 - type: integer 
	Parameter CNT_WID bound to: 6 - type: integer 
INFO: [Synth 8-6155] done synthesizing module 'uart_baud_gen' (2#1) [C:/Users/stefa/iCloudDrive/ASU/Spring 2020/CSE_320/Labs_New/CSE320_tutorial5/CSE320_tutorial5.srcs/sources_1/imports/CSE320_tutorial5_source/uart_baud_gen.v:35]
INFO: [Synth 8-6157] synthesizing module 'uart_rx_ctl' [C:/Users/stefa/iCloudDrive/ASU/Spring 2020/CSE_320/Labs_New/CSE320_tutorial5/CSE320_tutorial5.srcs/sources_1/imports/CSE320_tutorial5_source/uart_rx_ctl.v:52]
	Parameter IDLE bound to: 2'b00 
	Parameter START bound to: 2'b01 
	Parameter DATA bound to: 2'b10 
	Parameter STOP bound to: 2'b11 
INFO: [Synth 8-6155] done synthesizing module 'uart_rx_ctl' (3#1) [C:/Users/stefa/iCloudDrive/ASU/Spring 2020/CSE_320/Labs_New/CSE320_tutorial5/CSE320_tutorial5.srcs/sources_1/imports/CSE320_tutorial5_source/uart_rx_ctl.v:52]
INFO: [Synth 8-6155] done synthesizing module 'uart_rx' (4#1) [C:/Users/stefa/iCloudDrive/ASU/Spring 2020/CSE_320/Labs_New/CSE320_tutorial5/CSE320_tutorial5.srcs/sources_1/imports/CSE320_tutorial5_source/uart_rx.v:37]
INFO: [Synth 8-6157] synthesizing module 'led_ctl' [C:/Users/stefa/iCloudDrive/ASU/Spring 2020/CSE_320/Labs_New/CSE320_tutorial5/CSE320_tutorial5.srcs/sources_1/imports/CSE320_tutorial5_source/led_ctl.v:27]
INFO: [Synth 8-6155] done synthesizing module 'led_ctl' (5#1) [C:/Users/stefa/iCloudDrive/ASU/Spring 2020/CSE_320/Labs_New/CSE320_tutorial5/CSE320_tutorial5.srcs/sources_1/imports/CSE320_tutorial5_source/led_ctl.v:27]
WARNING: [Synth 8-4446] all outputs are unconnected for this instance and logic may be removed [C:/Users/stefa/iCloudDrive/ASU/Spring 2020/CSE_320/Labs_New/CSE320_tutorial5/CSE320_tutorial5.srcs/sources_1/imports/CSE320_tutorial5_source/uart_led.v:104]
INFO: [Synth 8-6157] synthesizing module 'ila_led' [C:/Users/stefa/iCloudDrive/ASU/Spring 2020/CSE_320/Labs_New/CSE320_tutorial5/CSE320_tutorial5.runs/synth_1/.Xil/Vivado-12656-StefanDesktop/realtime/ila_led_stub.v:6]
INFO: [Synth 8-6155] done synthesizing module 'ila_led' (6#1) [C:/Users/stefa/iCloudDrive/ASU/Spring 2020/CSE_320/Labs_New/CSE320_tutorial5/CSE320_tutorial5.runs/synth_1/.Xil/Vivado-12656-StefanDesktop/realtime/ila_led_stub.v:6]
WARNING: [Synth 8-689] width (8) of port connection 'probe1' does not match port width (1) of module 'ila_led' [C:/Users/stefa/iCloudDrive/ASU/Spring 2020/CSE_320/Labs_New/CSE320_tutorial5/CSE320_tutorial5.srcs/sources_1/imports/CSE320_tutorial5_source/uart_led.v:108]
INFO: [Synth 8-6071] Mark debug on the nets applies keep_hierarchy on instance 'uart_rx_i0'. This will prevent further optimization [C:/Users/stefa/iCloudDrive/ASU/Spring 2020/CSE_320/Labs_New/CSE320_tutorial5/CSE320_tutorial5.srcs/sources_1/imports/CSE320_tutorial5_source/uart_led.v:84]
INFO: [Synth 8-6071] Mark debug on the nets applies keep_hierarchy on instance 'ila_led_i0'. This will prevent further optimization [C:/Users/stefa/iCloudDrive/ASU/Spring 2020/CSE_320/Labs_New/CSE320_tutorial5/CSE320_tutorial5.srcs/sources_1/imports/CSE320_tutorial5_source/uart_led.v:104]
INFO: [Synth 8-6071] Mark debug on the nets applies keep_hierarchy on instance 'led_ctl_i0'. This will prevent further optimization [C:/Users/stefa/iCloudDrive/ASU/Spring 2020/CSE_320/Labs_New/CSE320_tutorial5/CSE320_tutorial5.srcs/sources_1/imports/CSE320_tutorial5_source/uart_led.v:96]
INFO: [Synth 8-6155] done synthesizing module 'uart_led' (7#1) [C:/Users/stefa/iCloudDrive/ASU/Spring 2020/CSE_320/Labs_New/CSE320_tutorial5/CSE320_tutorial5.srcs/sources_1/imports/CSE320_tutorial5_source/uart_led.v:25]
---------------------------------------------------------------------------------
Finished RTL Elaboration : Time (s): cpu = 00:00:04 ; elapsed = 00:00:04 . Memory (MB): peak = 1068.836 ; gain = 309.898
---------------------------------------------------------------------------------

Report Check Netlist: 
+------+------------------+-------+---------+-------+------------------+
|      |Item              |Errors |Warnings |Status |Description       |
+------+------------------+-------+---------+-------+------------------+
|1     |multi_driven_nets |      0|        0|Passed |Multi driven nets |
+------+------------------+-------+---------+-------+------------------+
---------------------------------------------------------------------------------
Start Handling Custom Attributes
---------------------------------------------------------------------------------
---------------------------------------------------------------------------------
Finished Handling Custom Attributes : Time (s): cpu = 00:00:04 ; elapsed = 00:00:05 . Memory (MB): peak = 1068.836 ; gain = 309.898
---------------------------------------------------------------------------------
---------------------------------------------------------------------------------
Finished RTL Optimization Phase 1 : Time (s): cpu = 00:00:04 ; elapsed = 00:00:05 . Memory (MB): peak = 1068.836 ; gain = 309.898
---------------------------------------------------------------------------------
Netlist sorting complete. Time (s): cpu = 00:00:00 ; elapsed = 00:00:00.001 . Memory (MB): peak = 1068.836 ; gain = 0.000
INFO: [Project 1-570] Preparing netlist for logic optimization

Processing XDC Constraints
Initializing timing engine
Parsing XDC File [c:/Users/stefa/iCloudDrive/ASU/Spring 2020/CSE_320/Labs_New/CSE320_tutorial5/CSE320_tutorial5.srcs/sources_1/ip/ila_led/ila_led/ila_led_in_context.xdc] for cell 'ila_led_i0'
Finished Parsing XDC File [c:/Users/stefa/iCloudDrive/ASU/Spring 2020/CSE_320/Labs_New/CSE320_tutorial5/CSE320_tutorial5.srcs/sources_1/ip/ila_led/ila_led/ila_led_in_context.xdc] for cell 'ila_led_i0'
Parsing XDC File [C:/Users/stefa/iCloudDrive/ASU/Spring 2020/CSE_320/Labs_New/CSE320_tutorial5/CSE320_tutorial5.srcs/constrs_1/imports/CSE320_tutorial5_source/uart_led_pins_basys3.xdc]
Finished Parsing XDC File [C:/Users/stefa/iCloudDrive/ASU/Spring 2020/CSE_320/Labs_New/CSE320_tutorial5/CSE320_tutorial5.srcs/constrs_1/imports/CSE320_tutorial5_source/uart_led_pins_basys3.xdc]
INFO: [Project 1-236] Implementation specific constraints were found while reading constraint file [C:/Users/stefa/iCloudDrive/ASU/Spring 2020/CSE_320/Labs_New/CSE320_tutorial5/CSE320_tutorial5.srcs/constrs_1/imports/CSE320_tutorial5_source/uart_led_pins_basys3.xdc]. These constraints will be ignored for synthesis but will be used in implementation. Impacted constraints are listed in the file [.Xil/uart_led_propImpl.xdc].
Resolution: To avoid this warning, move constraints listed in [.Xil/uart_led_propImpl.xdc] to another XDC file and exclude this new file from synthesis with the used_in_synthesis property (File Properties dialog in GUI) and re-run elaboration/synthesis.
Parsing XDC File [C:/Users/stefa/iCloudDrive/ASU/Spring 2020/CSE_320/Labs_New/CSE320_tutorial5/CSE320_tutorial5.srcs/constrs_1/imports/CSE320_tutorial5_source/uart_led_pins_nexys4_ddr.xdc]
Finished Parsing XDC File [C:/Users/stefa/iCloudDrive/ASU/Spring 2020/CSE_320/Labs_New/CSE320_tutorial5/CSE320_tutorial5.srcs/constrs_1/imports/CSE320_tutorial5_source/uart_led_pins_nexys4_ddr.xdc]
INFO: [Project 1-236] Implementation specific constraints were found while reading constraint file [C:/Users/stefa/iCloudDrive/ASU/Spring 2020/CSE_320/Labs_New/CSE320_tutorial5/CSE320_tutorial5.srcs/constrs_1/imports/CSE320_tutorial5_source/uart_led_pins_nexys4_ddr.xdc]. These constraints will be ignored for synthesis but will be used in implementation. Impacted constraints are listed in the file [.Xil/uart_led_propImpl.xdc].
Resolution: To avoid this warning, move constraints listed in [.Xil/uart_led_propImpl.xdc] to another XDC file and exclude this new file from synthesis with the used_in_synthesis property (File Properties dialog in GUI) and re-run elaboration/synthesis.
Parsing XDC File [C:/Users/stefa/iCloudDrive/ASU/Spring 2020/CSE_320/Labs_New/CSE320_tutorial5/CSE320_tutorial5.srcs/constrs_1/imports/CSE320_tutorial5_source/uart_led_timing.xdc]
INFO: [Constraints 18-483] create_clock: no pin(s)/port(s)/net(s) specified as objects, only virtual clock 'virtual_clock' will be created. If you don't want this, please specify pin(s)/ports(s)/net(s) as objects to the command. [C:/Users/stefa/iCloudDrive/ASU/Spring 2020/CSE_320/Labs_New/CSE320_tutorial5/CSE320_tutorial5.srcs/constrs_1/imports/CSE320_tutorial5_source/uart_led_timing.xdc:6]
Finished Parsing XDC File [C:/Users/stefa/iCloudDrive/ASU/Spring 2020/CSE_320/Labs_New/CSE320_tutorial5/CSE320_tutorial5.srcs/constrs_1/imports/CSE320_tutorial5_source/uart_led_timing.xdc]
Completed Processing XDC Constraints

Netlist sorting complete. Time (s): cpu = 00:00:00 ; elapsed = 00:00:00 . Memory (MB): peak = 1164.762 ; gain = 0.000
INFO: [Project 1-111] Unisim Transformation Summary:
No Unisim elements were transformed.

Constraint Validation Runtime : Time (s): cpu = 00:00:00 ; elapsed = 00:00:00.003 . Memory (MB): peak = 1164.762 ; gain = 0.000
---------------------------------------------------------------------------------
Finished Constraint Validation : Time (s): cpu = 00:00:09 ; elapsed = 00:00:10 . Memory (MB): peak = 1164.762 ; gain = 405.824
---------------------------------------------------------------------------------
---------------------------------------------------------------------------------
Start Loading Part and Timing Information
---------------------------------------------------------------------------------
Loading part: xc7a100tcsg324-1
---------------------------------------------------------------------------------
Finished Loading Part and Timing Information : Time (s): cpu = 00:00:09 ; elapsed = 00:00:10 . Memory (MB): peak = 1164.762 ; gain = 405.824
---------------------------------------------------------------------------------
---------------------------------------------------------------------------------
Start Applying 'set_property' XDC Constraints
---------------------------------------------------------------------------------
Applied set_property MARK_DEBUG = true for rx_data[3]. (constraint file  {C:/Users/stefa/iCloudDrive/ASU/Spring 2020/CSE_320/Labs_New/CSE320_tutorial5/CSE320_tutorial5.srcs/constrs_1/imports/CSE320_tutorial5_source/uart_led_pins_nexys4_ddr.xdc}, line 61).
Applied set_property DONT_TOUCH = true for ila_led_i0. (constraint file  auto generated constraint, line ).
---------------------------------------------------------------------------------
Finished applying 'set_property' XDC Constraints : Time (s): cpu = 00:00:09 ; elapsed = 00:00:10 . Memory (MB): peak = 1164.762 ; gain = 405.824
---------------------------------------------------------------------------------
INFO: [Synth 8-802] inferred FSM for state register 'state_reg' in module 'uart_rx_ctl'
---------------------------------------------------------------------------------------------------
                   State |                     New Encoding |                Previous Encoding 
---------------------------------------------------------------------------------------------------
                 iSTATE1 |                               00 |                               00
                  iSTATE |                               01 |                               01
                 iSTATE0 |                               10 |                               10
                 iSTATE2 |                               11 |                               11
---------------------------------------------------------------------------------------------------
INFO: [Synth 8-3354] encoded FSM with state register 'state_reg' using encoding 'sequential' in module 'uart_rx_ctl'
---------------------------------------------------------------------------------
Finished RTL Optimization Phase 2 : Time (s): cpu = 00:00:10 ; elapsed = 00:00:10 . Memory (MB): peak = 1164.762 ; gain = 405.824
---------------------------------------------------------------------------------

Report RTL Partitions: 
+-+--------------+------------+----------+
| |RTL Partition |Replication |Instances |
+-+--------------+------------+----------+
+-+--------------+------------+----------+
---------------------------------------------------------------------------------
Start RTL Component Statistics 
---------------------------------------------------------------------------------
Detailed RTL Component Info : 
+---Adders : 
	   2 Input      6 Bit       Adders := 1     
	   2 Input      4 Bit       Adders := 1     
	   2 Input      3 Bit       Adders := 1     
+---Registers : 
	                8 Bit    Registers := 3     
	                6 Bit    Registers := 1     
	                4 Bit    Registers := 1     
	                3 Bit    Registers := 1     
	                2 Bit    Registers := 1     
	                1 Bit    Registers := 10    
+---Muxes : 
	   2 Input      8 Bit        Muxes := 3     
	   2 Input      6 Bit        Muxes := 1     
	   2 Input      4 Bit        Muxes := 3     
	   5 Input      4 Bit        Muxes := 1     
	   4 Input      2 Bit        Muxes := 1     
	   2 Input      2 Bit        Muxes := 3     
	   5 Input      2 Bit        Muxes := 1     
	   2 Input      1 Bit        Muxes := 5     
	   4 Input      1 Bit        Muxes := 1     
---------------------------------------------------------------------------------
Finished RTL Component Statistics 
---------------------------------------------------------------------------------
---------------------------------------------------------------------------------
Start RTL Hierarchical Component Statistics 
---------------------------------------------------------------------------------
Hierarchical RTL Component report 
Module meta_harden 
Detailed RTL Component Info : 
+---Registers : 
	                1 Bit    Registers := 2     
Module uart_baud_gen 
Detailed RTL Component Info : 
+---Adders : 
	   2 Input      6 Bit       Adders := 1     
+---Registers : 
	                6 Bit    Registers := 1     
	                1 Bit    Registers := 1     
+---Muxes : 
	   2 Input      6 Bit        Muxes := 1     
Module uart_rx_ctl 
Detailed RTL Component Info : 
+---Adders : 
	   2 Input      4 Bit       Adders := 1     
	   2 Input      3 Bit       Adders := 1     
+---Registers : 
	                8 Bit    Registers := 1     
	                4 Bit    Registers := 1     
	                3 Bit    Registers := 1     
	                2 Bit    Registers := 1     
	                1 Bit    Registers := 2     
+---Muxes : 
	   2 Input      8 Bit        Muxes := 2     
	   2 Input      4 Bit        Muxes := 3     
	   5 Input      4 Bit        Muxes := 1     
	   4 Input      2 Bit        Muxes := 1     
	   2 Input      2 Bit        Muxes := 3     
	   5 Input      2 Bit        Muxes := 1     
	   2 Input      1 Bit        Muxes := 5     
	   4 Input      1 Bit        Muxes := 1     
Module led_ctl 
Detailed RTL Component Info : 
+---Registers : 
	                8 Bit    Registers := 2     
	                1 Bit    Registers := 1     
+---Muxes : 
	   2 Input      8 Bit        Muxes := 1     
---------------------------------------------------------------------------------
Finished RTL Hierarchical Component Statistics
---------------------------------------------------------------------------------
---------------------------------------------------------------------------------
Start Part Resource Summary
---------------------------------------------------------------------------------
Part Resources:
DSPs: 240 (col length:80)
BRAMs: 270 (col length: RAMB18 80 RAMB36 40)
---------------------------------------------------------------------------------
Finished Part Resource Summary
---------------------------------------------------------------------------------
---------------------------------------------------------------------------------
Start Cross Boundary and Area Optimization
---------------------------------------------------------------------------------
Warning: Parallel synthesis criteria is not met 
---------------------------------------------------------------------------------
Finished Cross Boundary and Area Optimization : Time (s): cpu = 00:00:11 ; elapsed = 00:00:12 . Memory (MB): peak = 1164.762 ; gain = 405.824
---------------------------------------------------------------------------------

Report RTL Partitions: 
+-+--------------+------------+----------+
| |RTL Partition |Replication |Instances |
+-+--------------+------------+----------+
+-+--------------+------------+----------+
---------------------------------------------------------------------------------
Start Applying XDC Timing Constraints
---------------------------------------------------------------------------------
---------------------------------------------------------------------------------
Finished Applying XDC Timing Constraints : Time (s): cpu = 00:00:17 ; elapsed = 00:00:18 . Memory (MB): peak = 1164.762 ; gain = 405.824
---------------------------------------------------------------------------------
---------------------------------------------------------------------------------
Start Timing Optimization
---------------------------------------------------------------------------------
---------------------------------------------------------------------------------
Finished Timing Optimization : Time (s): cpu = 00:00:17 ; elapsed = 00:00:18 . Memory (MB): peak = 1166.367 ; gain = 407.430
---------------------------------------------------------------------------------

Report RTL Partitions: 
+-+--------------+------------+----------+
| |RTL Partition |Replication |Instances |
+-+--------------+------------+----------+
+-+--------------+------------+----------+
---------------------------------------------------------------------------------
Start Technology Mapping
---------------------------------------------------------------------------------
---------------------------------------------------------------------------------
Finished Technology Mapping : Time (s): cpu = 00:00:17 ; elapsed = 00:00:18 . Memory (MB): peak = 1167.133 ; gain = 408.195
---------------------------------------------------------------------------------

Report RTL Partitions: 
+-+--------------+------------+----------+
| |RTL Partition |Replication |Instances |
+-+--------------+------------+----------+
+-+--------------+------------+----------+
---------------------------------------------------------------------------------
Start IO Insertion
---------------------------------------------------------------------------------
---------------------------------------------------------------------------------
Start Flattening Before IO Insertion
---------------------------------------------------------------------------------
---------------------------------------------------------------------------------
Finished Flattening Before IO Insertion
---------------------------------------------------------------------------------
---------------------------------------------------------------------------------
Start Final Netlist Cleanup
---------------------------------------------------------------------------------
---------------------------------------------------------------------------------
Finished Final Netlist Cleanup
---------------------------------------------------------------------------------
---------------------------------------------------------------------------------
Finished IO Insertion : Time (s): cpu = 00:00:20 ; elapsed = 00:00:21 . Memory (MB): peak = 1173.918 ; gain = 414.980
---------------------------------------------------------------------------------
---------------------------------------------------------------------------------
Start Renaming Generated Instances
---------------------------------------------------------------------------------
---------------------------------------------------------------------------------
Finished Renaming Generated Instances : Time (s): cpu = 00:00:20 ; elapsed = 00:00:21 . Memory (MB): peak = 1173.918 ; gain = 414.980
---------------------------------------------------------------------------------

Report RTL Partitions: 
+-+--------------+------------+----------+
| |RTL Partition |Replication |Instances |
+-+--------------+------------+----------+
+-+--------------+------------+----------+

Report Check Netlist: 
+------+------------------+-------+---------+-------+------------------+
|      |Item              |Errors |Warnings |Status |Description       |
+------+------------------+-------+---------+-------+------------------+
|1     |multi_driven_nets |      0|        0|Passed |Multi driven nets |
+------+------------------+-------+---------+-------+------------------+
---------------------------------------------------------------------------------
Start Rebuilding User Hierarchy
---------------------------------------------------------------------------------
---------------------------------------------------------------------------------
Finished Rebuilding User Hierarchy : Time (s): cpu = 00:00:20 ; elapsed = 00:00:21 . Memory (MB): peak = 1173.918 ; gain = 414.980
---------------------------------------------------------------------------------
---------------------------------------------------------------------------------
Start Renaming Generated Ports
---------------------------------------------------------------------------------
---------------------------------------------------------------------------------
Finished Renaming Generated Ports : Time (s): cpu = 00:00:20 ; elapsed = 00:00:21 . Memory (MB): peak = 1173.918 ; gain = 414.980
---------------------------------------------------------------------------------
---------------------------------------------------------------------------------
Start Handling Custom Attributes
---------------------------------------------------------------------------------
---------------------------------------------------------------------------------
Finished Handling Custom Attributes : Time (s): cpu = 00:00:20 ; elapsed = 00:00:21 . Memory (MB): peak = 1173.918 ; gain = 414.980
---------------------------------------------------------------------------------
---------------------------------------------------------------------------------
Start Renaming Generated Nets
---------------------------------------------------------------------------------
---------------------------------------------------------------------------------
Finished Renaming Generated Nets : Time (s): cpu = 00:00:20 ; elapsed = 00:00:21 . Memory (MB): peak = 1173.918 ; gain = 414.980
---------------------------------------------------------------------------------
---------------------------------------------------------------------------------
Start Writing Synthesis Report
---------------------------------------------------------------------------------

Report BlackBoxes: 
+------+--------------+----------+
|      |BlackBox name |Instances |
+------+--------------+----------+
|1     |ila_led       |         1|
+------+--------------+----------+

Report Cell Usage: 
+------+--------+------+
|      |Cell    |Count |
+------+--------+------+
|1     |ila_led |     1|
|2     |BUFG    |     1|
|3     |LUT1    |     1|
|4     |LUT2    |     2|
|5     |LUT3    |    12|
|6     |LUT4    |     5|
|7     |LUT5    |     3|
|8     |LUT6    |    23|
|9     |FDRE    |    46|
|10    |FDSE    |     4|
|11    |IBUF    |     4|
|12    |OBUF    |     8|
+------+--------+------+

Report Instance Areas: 
+------+------------------------+--------------+------+
|      |Instance                |Module        |Cells |
+------+------------------------+--------------+------+
|1     |top                     |              |   109|
|2     |  uart_rx_i0            |uart_rx       |    66|
|3     |    meta_harden_rxd_i0  |meta_harden_1 |     2|
|4     |    uart_baud_gen_rx_i0 |uart_baud_gen |    14|
|5     |    uart_rx_ctl_i0      |uart_rx_ctl   |    50|
|6     |  led_ctl_i0            |led_ctl       |    26|
|7     |  meta_harden_btn_i0    |meta_harden   |     2|
|8     |  meta_harden_rst_i0    |meta_harden_0 |     2|
+------+------------------------+--------------+------+
---------------------------------------------------------------------------------
Finished Writing Synthesis Report : Time (s): cpu = 00:00:20 ; elapsed = 00:00:21 . Memory (MB): peak = 1173.918 ; gain = 414.980
---------------------------------------------------------------------------------
Synthesis finished with 0 errors, 0 critical warnings and 0 warnings.
Synthesis Optimization Runtime : Time (s): cpu = 00:00:14 ; elapsed = 00:00:19 . Memory (MB): peak = 1173.918 ; gain = 319.055
Synthesis Optimization Complete : Time (s): cpu = 00:00:20 ; elapsed = 00:00:21 . Memory (MB): peak = 1173.918 ; gain = 414.980
INFO: [Project 1-571] Translating synthesized netlist
Netlist sorting complete. Time (s): cpu = 00:00:00 ; elapsed = 00:00:00.001 . Memory (MB): peak = 1184.965 ; gain = 0.000
INFO: [Project 1-570] Preparing netlist for logic optimization
INFO: [Opt 31-138] Pushed 0 inverter(s) to 0 load pin(s).
Netlist sorting complete. Time (s): cpu = 00:00:00 ; elapsed = 00:00:00 . Memory (MB): peak = 1191.508 ; gain = 0.000
INFO: [Project 1-111] Unisim Transformation Summary:
No Unisim elements were transformed.

INFO: [Common 17-83] Releasing license: Synthesis
31 Infos, 2 Warnings, 0 Critical Warnings and 0 Errors encountered.
synth_design completed successfully
synth_design: Time (s): cpu = 00:00:25 ; elapsed = 00:00:26 . Memory (MB): peak = 1191.508 ; gain = 717.180
Netlist sorting complete. Time (s): cpu = 00:00:00 ; elapsed = 00:00:00 . Memory (MB): peak = 1191.508 ; gain = 0.000
WARNING: [Constraints 18-5210] No constraints selected for write.
Resolution: This message can indicate that there are no constraints for the design, or it can indicate that the used_in flags are set such that the constraints are ignored. This later case is used when running synth_design to not write synthesis constraints to the resulting checkpoint. Instead, project constraints are read when the synthesized design is opened.
INFO: [Common 17-1381] The checkpoint 'C:/Users/stefa/iCloudDrive/ASU/Spring 2020/CSE_320/Labs_New/CSE320_tutorial5/CSE320_tutorial5.runs/synth_1/uart_led.dcp' has been generated.
INFO: [runtcl-4] Executing : report_utilization -file uart_led_utilization_synth.rpt -pb uart_led_utilization_synth.pb
INFO: [Common 17-206] Exiting Vivado at Wed Mar 25 00:56:57 2020...
