
*** Running vivado
    with args -log segment_c_xup_inv_0_0.vds -m64 -product Vivado -mode batch -messageDb vivado.pb -notrace -source segment_c_xup_inv_0_0.tcl


****** Vivado v2019.2 (64-bit)
  **** SW Build 2708876 on Wed Nov  6 21:40:23 MST 2019
  **** IP Build 2700528 on Thu Nov  7 00:09:20 MST 2019
    ** Copyright 1986-2019 Xilinx, Inc. All Rights Reserved.

source segment_c_xup_inv_0_0.tcl -notrace
INFO: [IP_Flow 19-234] Refreshing IP repositories
INFO: [IP_Flow 19-1700] Loaded user IP repository 'c:/Users/stefa/iCloudDrive/ASU/Spring 2020/CSE_320/Labs_New/CSE320_Lab2/XUP_LIB'.
INFO: [IP_Flow 19-2313] Loaded Vivado IP repository 'C:/Xilinx/Vivado/2019.2/data/ip'.
WARNING: [IP_Flow 19-4995] The host OS only allows 260 characters in a normal path. The IP cache path is more than 80 characters. If you experience issues with IP caching, please consider changing the IP cache to a location with a shorter path. Alternately consider using the OS subst command to map part of the path to a drive letter. 
Current IP cache path is c:/Users/stefa/iCloudDrive/ASU/Spring 2020/CSE_320/Labs_New/CSE320_Lab2/CSE320_Lab2.cache/ip 
INFO: [IP_Flow 19-4838] Using cached IP synthesis design for IP segment_c_xup_inv_0_0, cache-ID = e645fbd961a7eb1b.
INFO: [Common 17-206] Exiting Vivado at Fri Feb 14 02:27:25 2020...

*** Running vivado
    with args -log segment_c_xup_inv_0_0.vds -m64 -product Vivado -mode batch -messageDb vivado.pb -notrace -source segment_c_xup_inv_0_0.tcl


****** Vivado v2019.2 (64-bit)
  **** SW Build 2708876 on Wed Nov  6 21:40:23 MST 2019
  **** IP Build 2700528 on Thu Nov  7 00:09:20 MST 2019
    ** Copyright 1986-2019 Xilinx, Inc. All Rights Reserved.

source segment_c_xup_inv_0_0.tcl -notrace
INFO: [IP_Flow 19-234] Refreshing IP repositories
INFO: [IP_Flow 19-1700] Loaded user IP repository 'c:/Users/stefa/iCloudDrive/ASU/Spring 2020/CSE_320/Labs_New/CSE320_Lab2/XUP_LIB'.
INFO: [IP_Flow 19-2313] Loaded Vivado IP repository 'C:/Xilinx/Vivado/2019.2/data/ip'.
INFO: [IP_Flow 19-4838] Using cached IP synthesis design for IP segment_c_xup_inv_0_0, cache-ID = e645fbd961a7eb1b.
INFO: [Common 17-206] Exiting Vivado at Fri Feb 14 05:03:05 2020...
