Vivado Simulator 2019.2
Copyright 1986-1999, 2001-2019 Xilinx, Inc. All Rights Reserved.
Running: C:/Xilinx/Vivado/2019.2/bin/unwrapped/win64.o/xelab.exe -wto f99602ec41b240669123d863887aee2e --incr --debug typical --relax --mt 2 --maxdelay -L xil_defaultlib -L simprims_ver -L secureip --snapshot tutorial_tb_time_impl -transport_int_delays -pulse_r 0 -pulse_int_r 0 -pulse_e 0 -pulse_int_e 0 xil_defaultlib.tutorial_tb xil_defaultlib.glbl -log elaborate.log 
Using 2 slave threads.
Starting static elaboration
Pass Through NonSizing Optimizer
Completed static elaboration
Starting simulation data flow analysis
Completed simulation data flow analysis
INFO: [XSIM 43-3451] SDF backannotation process started with SDF file "tutorial_tb_time_impl.sdf", for root module "tutorial_tb/tut1".
INFO: [XSIM 43-3452] SDF backannotation was successful for SDF file "tutorial_tb_time_impl.sdf", for root module "tutorial_tb/tut1".
Time Resolution for simulation is 1ps
Compiling module simprims_ver.OBUF
Compiling module simprims_ver.IBUF
Compiling module simprims_ver.x_lut2_mux4
Compiling module simprims_ver.LUT2
Compiling module xil_defaultlib.design_1_xup_and2_0_0
Compiling module xil_defaultlib.design_1_xup_and2_0_1
Compiling module simprims_ver.x_lut1_mux2
Compiling module simprims_ver.LUT1(INIT=2'b01)
Compiling module xil_defaultlib.design_1_xup_inv_0_0
Compiling module xil_defaultlib.design_1_xup_inv_1_0
Compiling module xil_defaultlib.design_1_xup_or2_0_0
Compiling module xil_defaultlib.design_1
Compiling module xil_defaultlib.design_1_wrapper
Compiling module xil_defaultlib.tutorial_tb
Compiling module xil_defaultlib.glbl
Built simulation snapshot tutorial_tb_time_impl
