INFO: [VRFC 10-2263] Analyzing Verilog file "C:/Users/stefa/iCloudDrive/ASU/Spring 2020/CSE_320/Labs_New/Lab3/CSE320-Marth-Lab3/CSE320-Marth-Lab3.ip_user_files/bd/design_1/ipshared/e1c7/src/Edge_Detector.v" into library xil_defaultlib
INFO: [VRFC 10-311] analyzing module Edge_Detector
INFO: [VRFC 10-2263] Analyzing Verilog file "C:/Users/stefa/iCloudDrive/ASU/Spring 2020/CSE_320/Labs_New/Lab3/CSE320-Marth-Lab3/CSE320-Marth-Lab3.ip_user_files/bd/design_1/ip/design_1_Edge_Detector_0_0/sim/design_1_Edge_Detector_0_0.v" into library xil_defaultlib
INFO: [VRFC 10-311] analyzing module design_1_Edge_Detector_0_0
INFO: [VRFC 10-2263] Analyzing Verilog file "C:/Users/stefa/iCloudDrive/ASU/Spring 2020/CSE_320/Labs_New/Lab3/CSE320-Marth-Lab3/CSE320-Marth-Lab3.ip_user_files/bd/design_1/ip/design_1_Edge_Detector_0_1/sim/design_1_Edge_Detector_0_1.v" into library xil_defaultlib
INFO: [VRFC 10-311] analyzing module design_1_Edge_Detector_0_1
INFO: [VRFC 10-2263] Analyzing Verilog file "C:/Users/stefa/iCloudDrive/ASU/Spring 2020/CSE_320/Labs_New/Lab3/CSE320-Marth-Lab3/CSE320-Marth-Lab3.ip_user_files/bd/design_1/ip/design_1_Edge_Detector_0_2/sim/design_1_Edge_Detector_0_2.v" into library xil_defaultlib
INFO: [VRFC 10-311] analyzing module design_1_Edge_Detector_0_2
INFO: [VRFC 10-2263] Analyzing Verilog file "C:/Users/stefa/iCloudDrive/ASU/Spring 2020/CSE_320/Labs_New/Lab3/CSE320-Marth-Lab3/CSE320-Marth-Lab3.ip_user_files/bd/design_1/ip/design_1_Edge_Detector_0_3/sim/design_1_Edge_Detector_0_3.v" into library xil_defaultlib
INFO: [VRFC 10-311] analyzing module design_1_Edge_Detector_0_3
INFO: [VRFC 10-2263] Analyzing Verilog file "C:/Users/stefa/iCloudDrive/ASU/Spring 2020/CSE_320/Labs_New/Lab3/CSE320-Marth-Lab3/CSE320-Marth-Lab3.ip_user_files/bd/design_1/sim/design_1.v" into library xil_defaultlib
INFO: [VRFC 10-311] analyzing module design_1
INFO: [VRFC 10-2263] Analyzing Verilog file "C:/Users/stefa/iCloudDrive/ASU/Spring 2020/CSE_320/Labs_New/Lab3/CSE320-Marth-Lab3/CSE320-Marth-Lab3.ip_user_files/bd/design_1/ip/design_1_SwordFSM_1_0_1/ipshared/81d5/src/xup_dff_set.v" into library xil_defaultlib
INFO: [VRFC 10-311] analyzing module xup_dff_set
WARNING: [VRFC 10-3676] redeclaration of ansi port 'q' is not allowed [C:/Users/stefa/iCloudDrive/ASU/Spring 2020/CSE_320/Labs_New/Lab3/CSE320-Marth-Lab3/CSE320-Marth-Lab3.ip_user_files/bd/design_1/ip/design_1_SwordFSM_1_0_1/ipshared/81d5/src/xup_dff_set.v:11]
INFO: [VRFC 10-2263] Analyzing Verilog file "C:/Users/stefa/iCloudDrive/ASU/Spring 2020/CSE_320/Labs_New/Lab3/CSE320-Marth-Lab3/CSE320-Marth-Lab3.ip_user_files/bd/design_1/ip/design_1_SwordFSM_1_0_1/src/SwordFSM_S0_0/sim/SwordFSM_S0_0.v" into library xil_defaultlib
INFO: [VRFC 10-311] analyzing module SwordFSM_S0_0
INFO: [VRFC 10-2263] Analyzing Verilog file "C:/Users/stefa/iCloudDrive/ASU/Spring 2020/CSE_320/Labs_New/Lab3/CSE320-Marth-Lab3/CSE320-Marth-Lab3.ip_user_files/bd/design_1/ip/design_1_SwordFSM_1_0_1/ipshared/727d/src/xup_dff_reset.v" into library xil_defaultlib
INFO: [VRFC 10-311] analyzing module xup_dff_reset
WARNING: [VRFC 10-3676] redeclaration of ansi port 'q' is not allowed [C:/Users/stefa/iCloudDrive/ASU/Spring 2020/CSE_320/Labs_New/Lab3/CSE320-Marth-Lab3/CSE320-Marth-Lab3.ip_user_files/bd/design_1/ip/design_1_SwordFSM_1_0_1/ipshared/727d/src/xup_dff_reset.v:11]
INFO: [VRFC 10-2263] Analyzing Verilog file "C:/Users/stefa/iCloudDrive/ASU/Spring 2020/CSE_320/Labs_New/Lab3/CSE320-Marth-Lab3/CSE320-Marth-Lab3.ip_user_files/bd/design_1/ip/design_1_SwordFSM_1_0_1/src/SwordFSM_S1_0/sim/SwordFSM_S1_0.v" into library xil_defaultlib
INFO: [VRFC 10-311] analyzing module SwordFSM_S1_0
INFO: [VRFC 10-2263] Analyzing Verilog file "C:/Users/stefa/iCloudDrive/ASU/Spring 2020/CSE_320/Labs_New/Lab3/CSE320-Marth-Lab3/CSE320-Marth-Lab3.ip_user_files/bd/design_1/ip/design_1_SwordFSM_1_0_1/ipshared/778c/xup_and2.srcs/sources_1/new/xup_and2.v" into library xil_defaultlib
INFO: [VRFC 10-311] analyzing module xup_and2
INFO: [VRFC 10-2263] Analyzing Verilog file "C:/Users/stefa/iCloudDrive/ASU/Spring 2020/CSE_320/Labs_New/Lab3/CSE320-Marth-Lab3/CSE320-Marth-Lab3.ip_user_files/bd/design_1/ip/design_1_SwordFSM_1_0_1/src/SwordFSM_xup_and2_0_0/sim/SwordFSM_xup_and2_0_0.v" into library xil_defaultlib
INFO: [VRFC 10-311] analyzing module SwordFSM_xup_and2_0_0
INFO: [VRFC 10-2263] Analyzing Verilog file "C:/Users/stefa/iCloudDrive/ASU/Spring 2020/CSE_320/Labs_New/Lab3/CSE320-Marth-Lab3/CSE320-Marth-Lab3.ip_user_files/bd/design_1/ip/design_1_SwordFSM_1_0_1/src/SwordFSM_xup_and2_1_0/sim/SwordFSM_xup_and2_1_0.v" into library xil_defaultlib
INFO: [VRFC 10-311] analyzing module SwordFSM_xup_and2_1_0
INFO: [VRFC 10-2263] Analyzing Verilog file "C:/Users/stefa/iCloudDrive/ASU/Spring 2020/CSE_320/Labs_New/Lab3/CSE320-Marth-Lab3/CSE320-Marth-Lab3.ip_user_files/bd/design_1/ip/design_1_SwordFSM_1_0_1/src/SwordFSM_xup_and2_2_0/sim/SwordFSM_xup_and2_2_0.v" into library xil_defaultlib
INFO: [VRFC 10-311] analyzing module SwordFSM_xup_and2_2_0
INFO: [VRFC 10-2263] Analyzing Verilog file "C:/Users/stefa/iCloudDrive/ASU/Spring 2020/CSE_320/Labs_New/Lab3/CSE320-Marth-Lab3/CSE320-Marth-Lab3.ip_user_files/bd/design_1/ip/design_1_SwordFSM_1_0_1/ipshared/e3e7/xup_inv.srcs/sources_1/new/xup_inv.v" into library xil_defaultlib
INFO: [VRFC 10-311] analyzing module xup_inv
INFO: [VRFC 10-2263] Analyzing Verilog file "C:/Users/stefa/iCloudDrive/ASU/Spring 2020/CSE_320/Labs_New/Lab3/CSE320-Marth-Lab3/CSE320-Marth-Lab3.ip_user_files/bd/design_1/ip/design_1_SwordFSM_1_0_1/src/SwordFSM_xup_inv_0_0/sim/SwordFSM_xup_inv_0_0.v" into library xil_defaultlib
INFO: [VRFC 10-311] analyzing module SwordFSM_xup_inv_0_0
INFO: [VRFC 10-2263] Analyzing Verilog file "C:/Users/stefa/iCloudDrive/ASU/Spring 2020/CSE_320/Labs_New/Lab3/CSE320-Marth-Lab3/CSE320-Marth-Lab3.ip_user_files/bd/design_1/ip/design_1_SwordFSM_1_0_1/src/SwordFSM_xup_inv_1_0/sim/SwordFSM_xup_inv_1_0.v" into library xil_defaultlib
INFO: [VRFC 10-311] analyzing module SwordFSM_xup_inv_1_0
INFO: [VRFC 10-2263] Analyzing Verilog file "C:/Users/stefa/iCloudDrive/ASU/Spring 2020/CSE_320/Labs_New/Lab3/CSE320-Marth-Lab3/CSE320-Marth-Lab3.ip_user_files/bd/design_1/ip/design_1_SwordFSM_1_0_1/ipshared/1ec9/xup_or2.srcs/sources_1/new/xup_or2.v" into library xil_defaultlib
INFO: [VRFC 10-311] analyzing module xup_or2
INFO: [VRFC 10-2263] Analyzing Verilog file "C:/Users/stefa/iCloudDrive/ASU/Spring 2020/CSE_320/Labs_New/Lab3/CSE320-Marth-Lab3/CSE320-Marth-Lab3.ip_user_files/bd/design_1/ip/design_1_SwordFSM_1_0_1/src/SwordFSM_xup_or2_0_0/sim/SwordFSM_xup_or2_0_0.v" into library xil_defaultlib
INFO: [VRFC 10-311] analyzing module SwordFSM_xup_or2_0_0
INFO: [VRFC 10-2263] Analyzing Verilog file "C:/Users/stefa/iCloudDrive/ASU/Spring 2020/CSE_320/Labs_New/Lab3/CSE320-Marth-Lab3/CSE320-Marth-Lab3.ip_user_files/bd/design_1/ipshared/a170/sim/SwordFSM.v" into library xil_defaultlib
INFO: [VRFC 10-311] analyzing module SwordFSM
INFO: [VRFC 10-2263] Analyzing Verilog file "C:/Users/stefa/iCloudDrive/ASU/Spring 2020/CSE_320/Labs_New/Lab3/CSE320-Marth-Lab3/CSE320-Marth-Lab3.ip_user_files/bd/design_1/ip/design_1_SwordFSM_1_0_1/sim/design_1_SwordFSM_1_0.v" into library xil_defaultlib
INFO: [VRFC 10-311] analyzing module design_1_SwordFSM_1_0
INFO: [VRFC 10-2263] Analyzing Verilog file "C:/Users/stefa/iCloudDrive/ASU/Spring 2020/CSE_320/Labs_New/Lab3/CSE320-Marth-Lab3/CSE320-Marth-Lab3.ip_user_files/bd/design_1/ip/design_1_LocationFSM_1_0_1/src/LocationFSM_xup_dff_set_0_0/sim/LocationFSM_xup_dff_set_0_0.v" into library xil_defaultlib
INFO: [VRFC 10-311] analyzing module LocationFSM_xup_dff_set_0_0
INFO: [VRFC 10-2263] Analyzing Verilog file "C:/Users/stefa/iCloudDrive/ASU/Spring 2020/CSE_320/Labs_New/Lab3/CSE320-Marth-Lab3/CSE320-Marth-Lab3.ip_user_files/bd/design_1/ip/design_1_LocationFSM_1_0_1/src/LocationFSM_xup_dff_reset_0_0/sim/LocationFSM_xup_dff_reset_0_0.v" into library xil_defaultlib
INFO: [VRFC 10-311] analyzing module LocationFSM_xup_dff_reset_0_0
INFO: [VRFC 10-2263] Analyzing Verilog file "C:/Users/stefa/iCloudDrive/ASU/Spring 2020/CSE_320/Labs_New/Lab3/CSE320-Marth-Lab3/CSE320-Marth-Lab3.ip_user_files/bd/design_1/ip/design_1_LocationFSM_1_0_1/src/LocationFSM_Q1_0/sim/LocationFSM_Q1_0.v" into library xil_defaultlib
INFO: [VRFC 10-311] analyzing module LocationFSM_Q1_0
INFO: [VRFC 10-2263] Analyzing Verilog file "C:/Users/stefa/iCloudDrive/ASU/Spring 2020/CSE_320/Labs_New/Lab3/CSE320-Marth-Lab3/CSE320-Marth-Lab3.ip_user_files/bd/design_1/ip/design_1_LocationFSM_1_0_1/src/LocationFSM_Q1_1/sim/LocationFSM_Q1_1.v" into library xil_defaultlib
INFO: [VRFC 10-311] analyzing module LocationFSM_Q1_1
INFO: [VRFC 10-2263] Analyzing Verilog file "C:/Users/stefa/iCloudDrive/ASU/Spring 2020/CSE_320/Labs_New/Lab3/CSE320-Marth-Lab3/CSE320-Marth-Lab3.ip_user_files/bd/design_1/ip/design_1_LocationFSM_1_0_1/src/LocationFSM_Q1_2/sim/LocationFSM_Q1_2.v" into library xil_defaultlib
INFO: [VRFC 10-311] analyzing module LocationFSM_Q1_2
INFO: [VRFC 10-2263] Analyzing Verilog file "C:/Users/stefa/iCloudDrive/ASU/Spring 2020/CSE_320/Labs_New/Lab3/CSE320-Marth-Lab3/CSE320-Marth-Lab3.ip_user_files/bd/design_1/ip/design_1_LocationFSM_1_0_1/src/LocationFSM_Q1_3/sim/LocationFSM_Q1_3.v" into library xil_defaultlib
INFO: [VRFC 10-311] analyzing module LocationFSM_Q1_3
INFO: [VRFC 10-2263] Analyzing Verilog file "C:/Users/stefa/iCloudDrive/ASU/Spring 2020/CSE_320/Labs_New/Lab3/CSE320-Marth-Lab3/CSE320-Marth-Lab3.ip_user_files/bd/design_1/ip/design_1_LocationFSM_1_0_1/src/LocationFSM_Q1_4/sim/LocationFSM_Q1_4.v" into library xil_defaultlib
INFO: [VRFC 10-311] analyzing module LocationFSM_Q1_4
INFO: [VRFC 10-2263] Analyzing Verilog file "C:/Users/stefa/iCloudDrive/ASU/Spring 2020/CSE_320/Labs_New/Lab3/CSE320-Marth-Lab3/CSE320-Marth-Lab3.ip_user_files/bd/design_1/ip/design_1_LocationFSM_1_0_1/src/LocationFSM_xup_inv_0_0/sim/LocationFSM_xup_inv_0_0.v" into library xil_defaultlib
INFO: [VRFC 10-311] analyzing module LocationFSM_xup_inv_0_0
INFO: [VRFC 10-2263] Analyzing Verilog file "C:/Users/stefa/iCloudDrive/ASU/Spring 2020/CSE_320/Labs_New/Lab3/CSE320-Marth-Lab3/CSE320-Marth-Lab3.ip_user_files/bd/design_1/ip/design_1_LocationFSM_1_0_1/src/LocationFSM_xup_inv_0_1/sim/LocationFSM_xup_inv_0_1.v" into library xil_defaultlib
INFO: [VRFC 10-311] analyzing module LocationFSM_xup_inv_0_1
INFO: [VRFC 10-2263] Analyzing Verilog file "C:/Users/stefa/iCloudDrive/ASU/Spring 2020/CSE_320/Labs_New/Lab3/CSE320-Marth-Lab3/CSE320-Marth-Lab3.ip_user_files/bd/design_1/ip/design_1_LocationFSM_1_0_1/src/LocationFSM_xup_inv_0_2/sim/LocationFSM_xup_inv_0_2.v" into library xil_defaultlib
INFO: [VRFC 10-311] analyzing module LocationFSM_xup_inv_0_2
INFO: [VRFC 10-2263] Analyzing Verilog file "C:/Users/stefa/iCloudDrive/ASU/Spring 2020/CSE_320/Labs_New/Lab3/CSE320-Marth-Lab3/CSE320-Marth-Lab3.ip_user_files/bd/design_1/ip/design_1_LocationFSM_1_0_1/src/LocationFSM_xup_inv_0_3/sim/LocationFSM_xup_inv_0_3.v" into library xil_defaultlib
INFO: [VRFC 10-311] analyzing module LocationFSM_xup_inv_0_3
INFO: [VRFC 10-2263] Analyzing Verilog file "C:/Users/stefa/iCloudDrive/ASU/Spring 2020/CSE_320/Labs_New/Lab3/CSE320-Marth-Lab3/CSE320-Marth-Lab3.ip_user_files/bd/design_1/ip/design_1_LocationFSM_1_0_1/src/LocationFSM_xup_inv_0_4/sim/LocationFSM_xup_inv_0_4.v" into library xil_defaultlib
INFO: [VRFC 10-311] analyzing module LocationFSM_xup_inv_0_4
INFO: [VRFC 10-2263] Analyzing Verilog file "C:/Users/stefa/iCloudDrive/ASU/Spring 2020/CSE_320/Labs_New/Lab3/CSE320-Marth-Lab3/CSE320-Marth-Lab3.ip_user_files/bd/design_1/ip/design_1_LocationFSM_1_0_1/src/LocationFSM_xup_and2_0_0/sim/LocationFSM_xup_and2_0_0.v" into library xil_defaultlib
INFO: [VRFC 10-311] analyzing module LocationFSM_xup_and2_0_0
INFO: [VRFC 10-2263] Analyzing Verilog file "C:/Users/stefa/iCloudDrive/ASU/Spring 2020/CSE_320/Labs_New/Lab3/CSE320-Marth-Lab3/CSE320-Marth-Lab3.ip_user_files/bd/design_1/ip/design_1_LocationFSM_1_0_1/src/LocationFSM_xup_or2_0_0/sim/LocationFSM_xup_or2_0_0.v" into library xil_defaultlib
INFO: [VRFC 10-311] analyzing module LocationFSM_xup_or2_0_0
INFO: [VRFC 10-2263] Analyzing Verilog file "C:/Users/stefa/iCloudDrive/ASU/Spring 2020/CSE_320/Labs_New/Lab3/CSE320-Marth-Lab3/CSE320-Marth-Lab3.ip_user_files/bd/design_1/ip/design_1_LocationFSM_1_0_1/src/LocationFSM_xup_and2_0_1/sim/LocationFSM_xup_and2_0_1.v" into library xil_defaultlib
INFO: [VRFC 10-311] analyzing module LocationFSM_xup_and2_0_1
INFO: [VRFC 10-2263] Analyzing Verilog file "C:/Users/stefa/iCloudDrive/ASU/Spring 2020/CSE_320/Labs_New/Lab3/CSE320-Marth-Lab3/CSE320-Marth-Lab3.ip_user_files/bd/design_1/ip/design_1_LocationFSM_1_0_1/src/LocationFSM_xup_and2_2_0/sim/LocationFSM_xup_and2_2_0.v" into library xil_defaultlib
INFO: [VRFC 10-311] analyzing module LocationFSM_xup_and2_2_0
INFO: [VRFC 10-2263] Analyzing Verilog file "C:/Users/stefa/iCloudDrive/ASU/Spring 2020/CSE_320/Labs_New/Lab3/CSE320-Marth-Lab3/CSE320-Marth-Lab3.ip_user_files/bd/design_1/ip/design_1_LocationFSM_1_0_1/src/LocationFSM_xup_and2_2_1/sim/LocationFSM_xup_and2_2_1.v" into library xil_defaultlib
INFO: [VRFC 10-311] analyzing module LocationFSM_xup_and2_2_1
INFO: [VRFC 10-2263] Analyzing Verilog file "C:/Users/stefa/iCloudDrive/ASU/Spring 2020/CSE_320/Labs_New/Lab3/CSE320-Marth-Lab3/CSE320-Marth-Lab3.ip_user_files/bd/design_1/ip/design_1_LocationFSM_1_0_1/ipshared/ded9/xup_or3.srcs/sources_1/new/xup_or3.v" into library xil_defaultlib
INFO: [VRFC 10-311] analyzing module xup_or3
INFO: [VRFC 10-2263] Analyzing Verilog file "C:/Users/stefa/iCloudDrive/ASU/Spring 2020/CSE_320/Labs_New/Lab3/CSE320-Marth-Lab3/CSE320-Marth-Lab3.ip_user_files/bd/design_1/ip/design_1_LocationFSM_1_0_1/src/LocationFSM_xup_or3_0_0/sim/LocationFSM_xup_or3_0_0.v" into library xil_defaultlib
INFO: [VRFC 10-311] analyzing module LocationFSM_xup_or3_0_0
INFO: [VRFC 10-2263] Analyzing Verilog file "C:/Users/stefa/iCloudDrive/ASU/Spring 2020/CSE_320/Labs_New/Lab3/CSE320-Marth-Lab3/CSE320-Marth-Lab3.ip_user_files/bd/design_1/ip/design_1_LocationFSM_1_0_1/ipshared/b79c/xup_and3.srcs/sources_1/new/xup_and3.v" into library xil_defaultlib
INFO: [VRFC 10-311] analyzing module xup_and3
INFO: [VRFC 10-2263] Analyzing Verilog file "C:/Users/stefa/iCloudDrive/ASU/Spring 2020/CSE_320/Labs_New/Lab3/CSE320-Marth-Lab3/CSE320-Marth-Lab3.ip_user_files/bd/design_1/ip/design_1_LocationFSM_1_0_1/src/LocationFSM_xup_and3_0_0/sim/LocationFSM_xup_and3_0_0.v" into library xil_defaultlib
INFO: [VRFC 10-311] analyzing module LocationFSM_xup_and3_0_0
INFO: [VRFC 10-2263] Analyzing Verilog file "C:/Users/stefa/iCloudDrive/ASU/Spring 2020/CSE_320/Labs_New/Lab3/CSE320-Marth-Lab3/CSE320-Marth-Lab3.ip_user_files/bd/design_1/ip/design_1_LocationFSM_1_0_1/src/LocationFSM_xup_and2_4_0/sim/LocationFSM_xup_and2_4_0.v" into library xil_defaultlib
INFO: [VRFC 10-311] analyzing module LocationFSM_xup_and2_4_0
INFO: [VRFC 10-2263] Analyzing Verilog file "C:/Users/stefa/iCloudDrive/ASU/Spring 2020/CSE_320/Labs_New/Lab3/CSE320-Marth-Lab3/CSE320-Marth-Lab3.ip_user_files/bd/design_1/ip/design_1_LocationFSM_1_0_1/ipshared/77ea/xup_and4.srcs/sources_1/new/xup_and4.v" into library xil_defaultlib
INFO: [VRFC 10-311] analyzing module xup_and4
INFO: [VRFC 10-2263] Analyzing Verilog file "C:/Users/stefa/iCloudDrive/ASU/Spring 2020/CSE_320/Labs_New/Lab3/CSE320-Marth-Lab3/CSE320-Marth-Lab3.ip_user_files/bd/design_1/ip/design_1_LocationFSM_1_0_1/src/LocationFSM_xup_and4_0_0/sim/LocationFSM_xup_and4_0_0.v" into library xil_defaultlib
INFO: [VRFC 10-311] analyzing module LocationFSM_xup_and4_0_0
INFO: [VRFC 10-2263] Analyzing Verilog file "C:/Users/stefa/iCloudDrive/ASU/Spring 2020/CSE_320/Labs_New/Lab3/CSE320-Marth-Lab3/CSE320-Marth-Lab3.ip_user_files/bd/design_1/ip/design_1_LocationFSM_1_0_1/src/LocationFSM_xup_and2_5_0/sim/LocationFSM_xup_and2_5_0.v" into library xil_defaultlib
INFO: [VRFC 10-311] analyzing module LocationFSM_xup_and2_5_0
INFO: [VRFC 10-2263] Analyzing Verilog file "C:/Users/stefa/iCloudDrive/ASU/Spring 2020/CSE_320/Labs_New/Lab3/CSE320-Marth-Lab3/CSE320-Marth-Lab3.ip_user_files/bd/design_1/ip/design_1_LocationFSM_1_0_1/src/LocationFSM_xup_or3_1_0/sim/LocationFSM_xup_or3_1_0.v" into library xil_defaultlib
INFO: [VRFC 10-311] analyzing module LocationFSM_xup_or3_1_0
INFO: [VRFC 10-2263] Analyzing Verilog file "C:/Users/stefa/iCloudDrive/ASU/Spring 2020/CSE_320/Labs_New/Lab3/CSE320-Marth-Lab3/CSE320-Marth-Lab3.ip_user_files/bd/design_1/ip/design_1_LocationFSM_1_0_1/src/LocationFSM_xup_and2_6_0/sim/LocationFSM_xup_and2_6_0.v" into library xil_defaultlib
INFO: [VRFC 10-311] analyzing module LocationFSM_xup_and2_6_0
INFO: [VRFC 10-2263] Analyzing Verilog file "C:/Users/stefa/iCloudDrive/ASU/Spring 2020/CSE_320/Labs_New/Lab3/CSE320-Marth-Lab3/CSE320-Marth-Lab3.ip_user_files/bd/design_1/ip/design_1_LocationFSM_1_0_1/src/LocationFSM_xup_and2_6_1/sim/LocationFSM_xup_and2_6_1.v" into library xil_defaultlib
INFO: [VRFC 10-311] analyzing module LocationFSM_xup_and2_6_1
INFO: [VRFC 10-2263] Analyzing Verilog file "C:/Users/stefa/iCloudDrive/ASU/Spring 2020/CSE_320/Labs_New/Lab3/CSE320-Marth-Lab3/CSE320-Marth-Lab3.ip_user_files/bd/design_1/ip/design_1_LocationFSM_1_0_1/src/LocationFSM_xup_or2_1_0/sim/LocationFSM_xup_or2_1_0.v" into library xil_defaultlib
INFO: [VRFC 10-311] analyzing module LocationFSM_xup_or2_1_0
INFO: [VRFC 10-2263] Analyzing Verilog file "C:/Users/stefa/iCloudDrive/ASU/Spring 2020/CSE_320/Labs_New/Lab3/CSE320-Marth-Lab3/CSE320-Marth-Lab3.ip_user_files/bd/design_1/ip/design_1_LocationFSM_1_0_1/src/LocationFSM_xup_and2_8_0/sim/LocationFSM_xup_and2_8_0.v" into library xil_defaultlib
INFO: [VRFC 10-311] analyzing module LocationFSM_xup_and2_8_0
INFO: [VRFC 10-2263] Analyzing Verilog file "C:/Users/stefa/iCloudDrive/ASU/Spring 2020/CSE_320/Labs_New/Lab3/CSE320-Marth-Lab3/CSE320-Marth-Lab3.ip_user_files/bd/design_1/ip/design_1_LocationFSM_1_0_1/src/LocationFSM_xup_and2_8_1/sim/LocationFSM_xup_and2_8_1.v" into library xil_defaultlib
INFO: [VRFC 10-311] analyzing module LocationFSM_xup_and2_8_1
INFO: [VRFC 10-2263] Analyzing Verilog file "C:/Users/stefa/iCloudDrive/ASU/Spring 2020/CSE_320/Labs_New/Lab3/CSE320-Marth-Lab3/CSE320-Marth-Lab3.ip_user_files/bd/design_1/ip/design_1_LocationFSM_1_0_1/src/LocationFSM_xup_or2_2_0/sim/LocationFSM_xup_or2_2_0.v" into library xil_defaultlib
INFO: [VRFC 10-311] analyzing module LocationFSM_xup_or2_2_0
INFO: [VRFC 10-2263] Analyzing Verilog file "C:/Users/stefa/iCloudDrive/ASU/Spring 2020/CSE_320/Labs_New/Lab3/CSE320-Marth-Lab3/CSE320-Marth-Lab3.ip_user_files/bd/design_1/ip/design_1_LocationFSM_1_0_1/src/LocationFSM_xup_and2_9_0/sim/LocationFSM_xup_and2_9_0.v" into library xil_defaultlib
INFO: [VRFC 10-311] analyzing module LocationFSM_xup_and2_9_0
INFO: [VRFC 10-2263] Analyzing Verilog file "C:/Users/stefa/iCloudDrive/ASU/Spring 2020/CSE_320/Labs_New/Lab3/CSE320-Marth-Lab3/CSE320-Marth-Lab3.ip_user_files/bd/design_1/ip/design_1_LocationFSM_1_0_1/src/LocationFSM_xup_or2_2_1/sim/LocationFSM_xup_or2_2_1.v" into library xil_defaultlib
INFO: [VRFC 10-311] analyzing module LocationFSM_xup_or2_2_1
INFO: [VRFC 10-2263] Analyzing Verilog file "C:/Users/stefa/iCloudDrive/ASU/Spring 2020/CSE_320/Labs_New/Lab3/CSE320-Marth-Lab3/CSE320-Marth-Lab3.ip_user_files/bd/design_1/ipshared/ba5c/sim/LocationFSM.v" into library xil_defaultlib
INFO: [VRFC 10-311] analyzing module LocationFSM
INFO: [VRFC 10-2263] Analyzing Verilog file "C:/Users/stefa/iCloudDrive/ASU/Spring 2020/CSE_320/Labs_New/Lab3/CSE320-Marth-Lab3/CSE320-Marth-Lab3.ip_user_files/bd/design_1/ip/design_1_LocationFSM_1_0_1/sim/design_1_LocationFSM_1_0.v" into library xil_defaultlib
INFO: [VRFC 10-311] analyzing module design_1_LocationFSM_1_0
INFO: [VRFC 10-2263] Analyzing Verilog file "C:/Users/stefa/iCloudDrive/ASU/Spring 2020/CSE_320/Labs_New/Lab3/CSE320-Marth-Lab3/CSE320-Marth-Lab3.srcs/sources_1/bd/design_1/hdl/design_1_wrapper.v" into library xil_defaultlib
INFO: [VRFC 10-311] analyzing module design_1_wrapper
INFO: [VRFC 10-2263] Analyzing Verilog file "C:/Users/stefa/iCloudDrive/ASU/Spring 2020/CSE_320/Labs_New/Lab3/CSE320-Marth-Lab3/CSE320-Marth-Lab3.srcs/sim_1/imports/CSE320-Marth-Lab3/final_tb.v" into library xil_defaultlib
INFO: [VRFC 10-311] analyzing module final_tb
