Copyright 1986-2019 Xilinx, Inc. All Rights Reserved.
-------------------------------------------------------------------------------------
| Tool Version : Vivado v.2019.2 (win64) Build 2708876 Wed Nov  6 21:40:23 MST 2019
| Date         : Wed Mar  4 00:42:56 2020
| Host         : LAPTOP-STEFAN running 64-bit major release  (build 9200)
| Command      : report_control_sets -verbose -file uart_led_control_sets_placed.rpt
| Design       : uart_led
| Device       : xc7a100t
-------------------------------------------------------------------------------------

Control Set Information

Table of Contents
-----------------
1. Summary
2. Histogram
3. Flip-Flop Distribution
4. Detailed Control Set Information

1. Summary
----------

+----------------------------------------------------------+-------+
|                          Status                          | Count |
+----------------------------------------------------------+-------+
| Total control sets                                       |     4 |
|    Minimum number of control sets                        |     4 |
|    Addition due to synthesis replication                 |     0 |
|    Addition due to physical synthesis replication        |     0 |
| Unused register locations in slices containing registers |     6 |
+----------------------------------------------------------+-------+
* Control sets can be merged at opt_design using control_set_merge or merge_equivalent_drivers
** Run report_qor_suggestions for automated merging and remapping suggestions


2. Histogram
------------

+--------------------+-------+
|       Fanout       | Count |
+--------------------+-------+
| Total control sets |     4 |
| >= 0 to < 4        |     0 |
| >= 4 to < 6        |     1 |
| >= 6 to < 8        |     1 |
| >= 8 to < 10       |     1 |
| >= 10 to < 12      |     0 |
| >= 12 to < 14      |     0 |
| >= 14 to < 16      |     0 |
| >= 16              |     1 |
+--------------------+-------+
* Control sets can be remapped at either synth_design or opt_design


3. Flip-Flop Distribution
-------------------------

+--------------+-----------------------+------------------------+-----------------+--------------+
| Clock Enable | Synchronous Set/Reset | Asynchronous Set/Reset | Total Registers | Total Slices |
+--------------+-----------------------+------------------------+-----------------+--------------+
| No           | No                    | No                     |               7 |            2 |
| No           | No                    | Yes                    |               0 |            0 |
| No           | Yes                   | No                     |              31 |           11 |
| Yes          | No                    | No                     |               0 |            0 |
| Yes          | No                    | Yes                    |               0 |            0 |
| Yes          | Yes                   | No                     |              12 |            4 |
+--------------+-----------------------+------------------------+-----------------+--------------+


4. Detailed Control Set Information
-----------------------------------

+--------------------+-----------------------------------------------------------+-------------------------------+------------------+----------------+
|    Clock Signal    |                       Enable Signal                       |        Set/Reset Signal       | Slice Load Count | Bel Load Count |
+--------------------+-----------------------------------------------------------+-------------------------------+------------------+----------------+
|  clk_pin_IBUF_BUFG | uart_rx_i0/uart_rx_ctl_i0/FSM_sequential_state[1]_i_1_n_0 | meta_harden_rst_i0/rst_clk_rx |                2 |              4 |
|  clk_pin_IBUF_BUFG |                                                           |                               |                2 |              7 |
|  clk_pin_IBUF_BUFG | uart_rx_i0/uart_rx_ctl_i0/E[0]                            | meta_harden_rst_i0/rst_clk_rx |                2 |              8 |
|  clk_pin_IBUF_BUFG |                                                           | meta_harden_rst_i0/rst_clk_rx |               11 |             31 |
+--------------------+-----------------------------------------------------------+-------------------------------+------------------+----------------+


